{"/Users/ryanmota/SwipeDish/src/config/monitoring.ts": {"path":"/Users/ryanmota/SwipeDish/src/config/monitoring.ts","statementMap":{"0":{"start":{"line":74,"column":0},"end":{"line":74,"column":16}},"1":{"start":{"line":1,"column":13},"end":{"line":71,"column":2}},"2":{"start":{"line":75,"column":22},"end":{"line":75,"column":74}},"3":{"start":{"line":76,"column":21},"end":{"line":76,"column":38}},"4":{"start":{"line":77,"column":23},"end":{"line":77,"column":137}},"5":{"start":{"line":80,"column":2},"end":{"line":94,"column":4}}},"fnMap":{"0":{"name":"getMonitoringConfig","decl":{"start":{"line":74,"column":16},"end":{"line":74,"column":35}},"loc":{"start":{"line":74,"column":35},"end":{"line":95,"column":1}}}},"branchMap":{"0":{"loc":{"start":{"line":75,"column":22},"end":{"line":75,"column":74}},"type":"binary-expr","locations":[{"start":{"line":75,"column":22},"end":{"line":75,"column":57}},{"start":{"line":75,"column":61},"end":{"line":75,"column":74}}]},"1":{"loc":{"start":{"line":77,"column":23},"end":{"line":77,"column":137}},"type":"binary-expr","locations":[{"start":{"line":77,"column":23},"end":{"line":77,"column":131}},{"start":{"line":77,"column":135},"end":{"line":77,"column":137}}]}},"s":{"0":0,"1":0,"2":0,"3":0,"4":0,"5":0},"f":{"0":0},"b":{"0":[0,0],"1":[0,0]}}
,"/Users/ryanmota/SwipeDish/src/config/production.ts": {"path":"/Users/ryanmota/SwipeDish/src/config/production.ts","statementMap":{"0":{"start":{"line":2,"column":13},"end":{"line":38,"column":2}},"1":{"start":{"line":40,"column":28},"end":{"line":41,"column":54}},"2":{"start":{"line":41,"column":2},"end":{"line":41,"column":54}},"3":{"start":{"line":40,"column":13},"end":{"line":40,"column":28}},"4":{"start":{"line":43,"column":35},"end":{"line":46,"column":1}},"5":{"start":{"line":44,"column":2},"end":{"line":44,"column":35}},"6":{"start":{"line":44,"column":23},"end":{"line":44,"column":35}},"7":{"start":{"line":45,"column":2},"end":{"line":45,"column":65}},"8":{"start":{"line":43,"column":13},"end":{"line":43,"column":35}}},"fnMap":{"0":{"name":"(anonymous_0)","decl":{"start":{"line":40,"column":28},"end":{"line":40,"column":31}},"loc":{"start":{"line":41,"column":2},"end":{"line":41,"column":54}}},"1":{"name":"(anonymous_1)","decl":{"start":{"line":43,"column":35},"end":{"line":43,"column":36}},"loc":{"start":{"line":43,"column":79},"end":{"line":46,"column":1}}}},"branchMap":{"0":{"loc":{"start":{"line":44,"column":2},"end":{"line":44,"column":35}},"type":"if","locations":[{"start":{"line":44,"column":2},"end":{"line":44,"column":35}}]}},"s":{"0":0,"1":0,"2":0,"3":0,"4":0,"5":0,"6":0,"7":0,"8":0},"f":{"0":0,"1":0},"b":{"0":[0]}}
,"/Users/ryanmota/SwipeDish/src/constants/colors.ts": {"path":"/Users/ryanmota/SwipeDish/src/constants/colors.ts","statementMap":{"0":{"start":{"line":1,"column":13},"end":{"line":43,"column":11}}},"fnMap":{},"branchMap":{},"s":{"0":0},"f":{},"b":{}}
,"/Users/ryanmota/SwipeDish/src/constants/styles.ts": {"path":"/Users/ryanmota/SwipeDish/src/constants/styles.ts","statementMap":{"0":{"start":{"line":1,"column":0},"end":{"line":1,"column":9}},"1":{"start":{"line":3,"column":9},"end":{"line":1,"column":34}},"2":{"start":{"line":5,"column":13},"end":{"line":12,"column":11}},"3":{"start":{"line":14,"column":13},"end":{"line":20,"column":11}},"4":{"start":{"line":22,"column":13},"end":{"line":68,"column":11}},"5":{"start":{"line":70,"column":13},"end":{"line":92,"column":11}},"6":{"start":{"line":94,"column":13},"end":{"line":100,"column":11}}},"fnMap":{"0":{"name":"(anonymous_0)","decl":{"start":{"line":3,"column":9},"end":{"line":3,"column":15}},"loc":{"start":{"line":3,"column":9},"end":{"line":1,"column":34}}}},"branchMap":{},"s":{"0":0,"1":0,"2":0,"3":0,"4":0,"5":0,"6":0},"f":{"0":0},"b":{}}
,"/Users/ryanmota/SwipeDish/src/hooks/usePerformanceMonitoring.ts": {"path":"/Users/ryanmota/SwipeDish/src/hooks/usePerformanceMonitoring.ts","statementMap":{"0":{"start":{"line":13,"column":0},"end":{"line":13,"column":16}},"1":{"start":{"line":122,"column":0},"end":{"line":122,"column":16}},"2":{"start":{"line":154,"column":0},"end":{"line":154,"column":16}},"3":{"start":{"line":1,"column":0},"end":{"line":1,"column":55}},"4":{"start":{"line":2,"column":0},"end":{"line":2,"column":68}},"5":{"start":{"line":3,"column":0},"end":{"line":3,"column":52}},"6":{"start":{"line":20,"column":6},"end":{"line":20,"column":13}},"7":{"start":{"line":22,"column":23},"end":{"line":22,"column":49}},"8":{"start":{"line":23,"column":25},"end":{"line":23,"column":42}},"9":{"start":{"line":24,"column":27},"end":{"line":24,"column":66}},"10":{"start":{"line":27,"column":2},"end":{"line":33,"column":9}},"11":{"start":{"line":28,"column":4},"end":{"line":32,"column":5}},"12":{"start":{"line":29,"column":23},"end":{"line":29,"column":56}},"13":{"start":{"line":30,"column":6},"end":{"line":30,"column":85}},"14":{"start":{"line":31,"column":6},"end":{"line":31,"column":96}},"15":{"start":{"line":36,"column":2},"end":{"line":51,"column":5}},"16":{"start":{"line":37,"column":4},"end":{"line":50,"column":5}},"17":{"start":{"line":38,"column":6},"end":{"line":38,"column":34}},"18":{"start":{"line":41,"column":6},"end":{"line":49,"column":7}},"19":{"start":{"line":42,"column":30},"end":{"line":42,"column":90}},"20":{"start":{"line":43,"column":8},"end":{"line":48,"column":10}},"21":{"start":{"line":54,"column":2},"end":{"line":70,"column":25}},"22":{"start":{"line":55,"column":4},"end":{"line":69,"column":5}},"23":{"start":{"line":56,"column":23},"end":{"line":66,"column":15}},"24":{"start":{"line":57,"column":8},"end":{"line":65,"column":9}},"25":{"start":{"line":59,"column":37},"end":{"line":59,"column":64}},"26":{"start":{"line":60,"column":10},"end":{"line":62,"column":11}},"27":{"start":{"line":61,"column":12},"end":{"line":61,"column":83}},"28":{"start":{"line":68,"column":6},"end":{"line":68,"column":43}},"29":{"start":{"line":68,"column":19},"end":{"line":68,"column":42}},"30":{"start":{"line":73,"column":21},"end":{"line":75,"column":15}},"31":{"start":{"line":74,"column":4},"end":{"line":74,"column":49}},"32":{"start":{"line":77,"column":19},"end":{"line":79,"column":15}},"33":{"start":{"line":78,"column":4},"end":{"line":78,"column":60}},"34":{"start":{"line":81,"column":23},"end":{"line":90,"column":15}},"35":{"start":{"line":82,"column":4},"end":{"line":89,"column":7}},"36":{"start":{"line":93,"column":23},"end":{"line":109,"column":8}},"37":{"start":{"line":101,"column":4},"end":{"line":108,"column":6}},"38":{"start":{"line":111,"column":2},"end":{"line":118,"column":4}},"39":{"start":{"line":123,"column":23},"end":{"line":123,"column":49}},"40":{"start":{"line":125,"column":2},"end":{"line":145,"column":28}},"41":{"start":{"line":126,"column":4},"end":{"line":126,"column":25}},"42":{"start":{"line":126,"column":18},"end":{"line":126,"column":25}},"43":{"start":{"line":128,"column":21},"end":{"line":128,"column":54}},"44":{"start":{"line":129,"column":4},"end":{"line":129,"column":69}},"45":{"start":{"line":131,"column":4},"end":{"line":144,"column":6}},"46":{"start":{"line":133,"column":29},"end":{"line":133,"column":62}},"47":{"start":{"line":134,"column":6},"end":{"line":143,"column":9}},"48":{"start":{"line":147,"column":2},"end":{"line":150,"column":4}},"49":{"start":{"line":149,"column":23},"end":{"line":149,"column":56}},"50":{"start":{"line":155,"column":30},"end":{"line":174,"column":8}},"51":{"start":{"line":160,"column":22},"end":{"line":160,"column":46}},"52":{"start":{"line":161,"column":4},"end":{"line":161,"column":54}},"53":{"start":{"line":163,"column":4},"end":{"line":173,"column":5}},"54":{"start":{"line":164,"column":21},"end":{"line":164,"column":38}},"55":{"start":{"line":165,"column":6},"end":{"line":165,"column":73}},"56":{"start":{"line":166,"column":6},"end":{"line":166,"column":20}},"57":{"start":{"line":168,"column":6},"end":{"line":171,"column":9}},"58":{"start":{"line":172,"column":6},"end":{"line":172,"column":18}},"59":{"start":{"line":176,"column":2},"end":{"line":176,"column":33}}},"fnMap":{"0":{"name":"usePerformanceMonitoring","decl":{"start":{"line":13,"column":16},"end":{"line":13,"column":40}},"loc":{"start":{"line":13,"column":86},"end":{"line":119,"column":1}}},"1":{"name":"(anonymous_1)","decl":{"start":{"line":27,"column":12},"end":{"line":27,"column":15}},"loc":{"start":{"line":27,"column":17},"end":{"line":33,"column":3}}},"2":{"name":"(anonymous_2)","decl":{"start":{"line":36,"column":12},"end":{"line":36,"column":15}},"loc":{"start":{"line":36,"column":17},"end":{"line":51,"column":3}}},"3":{"name":"(anonymous_3)","decl":{"start":{"line":54,"column":12},"end":{"line":54,"column":15}},"loc":{"start":{"line":54,"column":17},"end":{"line":70,"column":3}}},"4":{"name":"(anonymous_4)","decl":{"start":{"line":56,"column":35},"end":{"line":56,"column":38}},"loc":{"start":{"line":56,"column":40},"end":{"line":66,"column":7}}},"5":{"name":"(anonymous_5)","decl":{"start":{"line":68,"column":13},"end":{"line":68,"column":16}},"loc":{"start":{"line":68,"column":19},"end":{"line":68,"column":42}}},"6":{"name":"(anonymous_6)","decl":{"start":{"line":73,"column":33},"end":{"line":73,"column":34}},"loc":{"start":{"line":73,"column":50},"end":{"line":75,"column":3}}},"7":{"name":"(anonymous_7)","decl":{"start":{"line":77,"column":31},"end":{"line":77,"column":32}},"loc":{"start":{"line":77,"column":88},"end":{"line":79,"column":3}}},"8":{"name":"(anonymous_8)","decl":{"start":{"line":81,"column":35},"end":{"line":81,"column":36}},"loc":{"start":{"line":81,"column":151},"end":{"line":90,"column":3}}},"9":{"name":"(anonymous_9)","decl":{"start":{"line":93,"column":35},"end":{"line":93,"column":null}},"loc":{"start":{"line":100,"column":6},"end":{"line":109,"column":3}}},"10":{"name":"useScreenLoadTime","decl":{"start":{"line":122,"column":16},"end":{"line":122,"column":33}},"loc":{"start":{"line":122,"column":68},"end":{"line":151,"column":1}}},"11":{"name":"(anonymous_11)","decl":{"start":{"line":125,"column":12},"end":{"line":125,"column":15}},"loc":{"start":{"line":125,"column":17},"end":{"line":145,"column":3}}},"12":{"name":"(anonymous_12)","decl":{"start":{"line":131,"column":11},"end":{"line":131,"column":14}},"loc":{"start":{"line":131,"column":16},"end":{"line":144,"column":5}}},"13":{"name":"(anonymous_13)","decl":{"start":{"line":149,"column":17},"end":{"line":149,"column":20}},"loc":{"start":{"line":149,"column":23},"end":{"line":149,"column":56}}},"14":{"name":"useAsyncOperationTracking","decl":{"start":{"line":154,"column":16},"end":{"line":154,"column":41}},"loc":{"start":{"line":154,"column":41},"end":{"line":177,"column":1}}},"15":{"name":"(anonymous_15)","decl":{"start":{"line":155,"column":42},"end":{"line":155,"column":47}},"loc":{"start":{"line":159,"column":18},"end":{"line":174,"column":3}}}},"branchMap":{"0":{"loc":{"start":{"line":13,"column":41},"end":{"line":13,"column":86}},"type":"default-arg","locations":[{"start":{"line":13,"column":84},"end":{"line":13,"column":86}}]},"1":{"loc":{"start":{"line":15,"column":4},"end":{"line":15,"column":26}},"type":"default-arg","locations":[{"start":{"line":15,"column":22},"end":{"line":15,"column":26}}]},"2":{"loc":{"start":{"line":16,"column":4},"end":{"line":16,"column":27}},"type":"default-arg","locations":[{"start":{"line":16,"column":22},"end":{"line":16,"column":27}}]},"3":{"loc":{"start":{"line":17,"column":4},"end":{"line":17,"column":28}},"type":"default-arg","locations":[{"start":{"line":17,"column":23},"end":{"line":17,"column":28}}]},"4":{"loc":{"start":{"line":19,"column":4},"end":{"line":19,"column":22}},"type":"default-arg","locations":[{"start":{"line":19,"column":14},"end":{"line":19,"column":22}}]},"5":{"loc":{"start":{"line":24,"column":42},"end":{"line":24,"column":65}},"type":"binary-expr","locations":[{"start":{"line":24,"column":42},"end":{"line":24,"column":52}},{"start":{"line":24,"column":56},"end":{"line":24,"column":65}}]},"6":{"loc":{"start":{"line":28,"column":4},"end":{"line":32,"column":5}},"type":"if","locations":[{"start":{"line":28,"column":4},"end":{"line":32,"column":5}}]},"7":{"loc":{"start":{"line":37,"column":4},"end":{"line":50,"column":5}},"type":"if","locations":[{"start":{"line":37,"column":4},"end":{"line":50,"column":5}}]},"8":{"loc":{"start":{"line":41,"column":6},"end":{"line":49,"column":7}},"type":"if","locations":[{"start":{"line":41,"column":6},"end":{"line":49,"column":7}}]},"9":{"loc":{"start":{"line":55,"column":4},"end":{"line":69,"column":5}},"type":"if","locations":[{"start":{"line":55,"column":4},"end":{"line":69,"column":5}}]},"10":{"loc":{"start":{"line":60,"column":10},"end":{"line":62,"column":11}},"type":"if","locations":[{"start":{"line":60,"column":10},"end":{"line":62,"column":11}}]},"11":{"loc":{"start":{"line":122,"column":54},"end":{"line":122,"column":68}},"type":"default-arg","locations":[{"start":{"line":122,"column":64},"end":{"line":122,"column":68}}]},"12":{"loc":{"start":{"line":126,"column":4},"end":{"line":126,"column":25}},"type":"if","locations":[{"start":{"line":126,"column":4},"end":{"line":126,"column":25}}]},"13":{"loc":{"start":{"line":170,"column":15},"end":{"line":170,"column":71}},"type":"cond-expr","locations":[{"start":{"line":170,"column":40},"end":{"line":170,"column":53}},{"start":{"line":170,"column":56},"end":{"line":170,"column":71}}]}},"s":{"0":0,"1":0,"2":0,"3":0,"4":0,"5":0,"6":0,"7":0,"8":0,"9":0,"10":0,"11":0,"12":0,"13":0,"14":0,"15":0,"16":0,"17":0,"18":0,"19":0,"20":0,"21":0,"22":0,"23":0,"24":0,"25":0,"26":0,"27":0,"28":0,"29":0,"30":0,"31":0,"32":0,"33":0,"34":0,"35":0,"36":0,"37":0,"38":0,"39":0,"40":0,"41":0,"42":0,"43":0,"44":0,"45":0,"46":0,"47":0,"48":0,"49":0,"50":0,"51":0,"52":0,"53":0,"54":0,"55":0,"56":0,"57":0,"58":0,"59":0},"f":{"0":0,"1":0,"2":0,"3":0,"4":0,"5":0,"6":0,"7":0,"8":0,"9":0,"10":0,"11":0,"12":0,"13":0,"14":0,"15":0},"b":{"0":[0],"1":[0],"2":[0],"3":[0],"4":[0],"5":[0,0],"6":[0],"7":[0],"8":[0],"9":[0],"10":[0],"11":[0],"12":[0],"13":[0,0]}}
,"/Users/ryanmota/SwipeDish/src/hooks/useSimplePerformanceMonitoring.ts": {"path":"/Users/ryanmota/SwipeDish/src/hooks/useSimplePerformanceMonitoring.ts","statementMap":{"0":{"start":{"line":9,"column":0},"end":{"line":9,"column":16}},"1":{"start":{"line":37,"column":0},"end":{"line":37,"column":16}},"2":{"start":{"line":1,"column":0},"end":{"line":1,"column":42}},"3":{"start":{"line":2,"column":0},"end":{"line":2,"column":52}},"4":{"start":{"line":13,"column":6},"end":{"line":13,"column":13}},"5":{"start":{"line":15,"column":23},"end":{"line":15,"column":49}},"6":{"start":{"line":18,"column":2},"end":{"line":28,"column":9}},"7":{"start":{"line":19,"column":4},"end":{"line":27,"column":5}},"8":{"start":{"line":20,"column":23},"end":{"line":20,"column":56}},"9":{"start":{"line":21,"column":6},"end":{"line":25,"column":9}},"10":{"start":{"line":26,"column":6},"end":{"line":26,"column":88}},"11":{"start":{"line":30,"column":2},"end":{"line":33,"column":4}},"12":{"start":{"line":32,"column":23},"end":{"line":32,"column":56}},"13":{"start":{"line":38,"column":23},"end":{"line":38,"column":49}},"14":{"start":{"line":40,"column":2},"end":{"line":59,"column":28}},"15":{"start":{"line":41,"column":4},"end":{"line":41,"column":25}},"16":{"start":{"line":41,"column":18},"end":{"line":41,"column":25}},"17":{"start":{"line":43,"column":21},"end":{"line":43,"column":54}},"18":{"start":{"line":44,"column":4},"end":{"line":48,"column":7}},"19":{"start":{"line":50,"column":4},"end":{"line":58,"column":6}},"20":{"start":{"line":52,"column":29},"end":{"line":52,"column":62}},"21":{"start":{"line":53,"column":6},"end":{"line":57,"column":9}},"22":{"start":{"line":61,"column":2},"end":{"line":64,"column":4}},"23":{"start":{"line":63,"column":23},"end":{"line":63,"column":56}}},"fnMap":{"0":{"name":"useSimplePerformanceMonitoring","decl":{"start":{"line":9,"column":16},"end":{"line":9,"column":46}},"loc":{"start":{"line":9,"column":88},"end":{"line":34,"column":1}}},"1":{"name":"(anonymous_1)","decl":{"start":{"line":18,"column":12},"end":{"line":18,"column":15}},"loc":{"start":{"line":18,"column":17},"end":{"line":28,"column":3}}},"2":{"name":"(anonymous_2)","decl":{"start":{"line":32,"column":17},"end":{"line":32,"column":20}},"loc":{"start":{"line":32,"column":23},"end":{"line":32,"column":56}}},"3":{"name":"useSimpleScreenLoadTime","decl":{"start":{"line":37,"column":16},"end":{"line":37,"column":39}},"loc":{"start":{"line":37,"column":74},"end":{"line":65,"column":1}}},"4":{"name":"(anonymous_4)","decl":{"start":{"line":40,"column":12},"end":{"line":40,"column":15}},"loc":{"start":{"line":40,"column":17},"end":{"line":59,"column":3}}},"5":{"name":"(anonymous_5)","decl":{"start":{"line":50,"column":11},"end":{"line":50,"column":14}},"loc":{"start":{"line":50,"column":16},"end":{"line":58,"column":5}}},"6":{"name":"(anonymous_6)","decl":{"start":{"line":63,"column":17},"end":{"line":63,"column":20}},"loc":{"start":{"line":63,"column":23},"end":{"line":63,"column":56}}}},"branchMap":{"0":{"loc":{"start":{"line":9,"column":47},"end":{"line":9,"column":88}},"type":"default-arg","locations":[{"start":{"line":9,"column":86},"end":{"line":9,"column":88}}]},"1":{"loc":{"start":{"line":11,"column":4},"end":{"line":11,"column":26}},"type":"default-arg","locations":[{"start":{"line":11,"column":22},"end":{"line":11,"column":26}}]},"2":{"loc":{"start":{"line":12,"column":4},"end":{"line":12,"column":26}},"type":"default-arg","locations":[{"start":{"line":12,"column":17},"end":{"line":12,"column":26}}]},"3":{"loc":{"start":{"line":19,"column":4},"end":{"line":27,"column":5}},"type":"if","locations":[{"start":{"line":19,"column":4},"end":{"line":27,"column":5}}]},"4":{"loc":{"start":{"line":37,"column":60},"end":{"line":37,"column":74}},"type":"default-arg","locations":[{"start":{"line":37,"column":70},"end":{"line":37,"column":74}}]},"5":{"loc":{"start":{"line":41,"column":4},"end":{"line":41,"column":25}},"type":"if","locations":[{"start":{"line":41,"column":4},"end":{"line":41,"column":25}}]}},"s":{"0":0,"1":0,"2":0,"3":0,"4":0,"5":0,"6":0,"7":0,"8":0,"9":0,"10":0,"11":0,"12":0,"13":0,"14":0,"15":0,"16":0,"17":0,"18":0,"19":0,"20":0,"21":0,"22":0,"23":0},"f":{"0":0,"1":0,"2":0,"3":0,"4":0,"5":0,"6":0},"b":{"0":[0],"1":[0],"2":[0],"3":[0],"4":[0],"5":[0]}}
,"/Users/ryanmota/SwipeDish/src/hooks/useSwipePerformanceMonitoring.ts": {"path":"/Users/ryanmota/SwipeDish/src/hooks/useSwipePerformanceMonitoring.ts","statementMap":{"0":{"start":{"line":1,"column":0},"end":{"line":1,"column":44}},"1":{"start":{"line":2,"column":0},"end":{"line":2,"column":80}},"2":{"start":{"line":3,"column":0},"end":{"line":3,"column":52}},"3":{"start":{"line":15,"column":45},"end":{"line":121,"column":1}},"4":{"start":{"line":16,"column":21},"end":{"line":16,"column":65}},"5":{"start":{"line":17,"column":32},"end":{"line":21,"column":4}},"6":{"start":{"line":23,"column":31},"end":{"line":37,"column":8}},"7":{"start":{"line":24,"column":4},"end":{"line":32,"column":6}},"8":{"start":{"line":34,"column":4},"end":{"line":36,"column":7}},"9":{"start":{"line":39,"column":29},"end":{"line":110,"column":8}},"10":{"start":{"line":45,"column":4},"end":{"line":45,"column":36}},"11":{"start":{"line":45,"column":29},"end":{"line":45,"column":36}},"12":{"start":{"line":47,"column":20},"end":{"line":47,"column":30}},"13":{"start":{"line":48,"column":21},"end":{"line":48,"column":66}},"14":{"start":{"line":50,"column":4},"end":{"line":58,"column":6}},"15":{"start":{"line":61,"column":4},"end":{"line":67,"column":7}},"16":{"start":{"line":70,"column":4},"end":{"line":76,"column":7}},"17":{"start":{"line":79,"column":30},"end":{"line":79,"column":32}},"18":{"start":{"line":81,"column":4},"end":{"line":83,"column":5}},"19":{"start":{"line":82,"column":6},"end":{"line":82,"column":52}},"20":{"start":{"line":85,"column":4},"end":{"line":87,"column":5}},"21":{"start":{"line":86,"column":6},"end":{"line":86,"column":51}},"22":{"start":{"line":89,"column":4},"end":{"line":91,"column":5}},"23":{"start":{"line":90,"column":6},"end":{"line":90,"column":54}},"24":{"start":{"line":93,"column":4},"end":{"line":106,"column":5}},"25":{"start":{"line":94,"column":6},"end":{"line":97,"column":9}},"26":{"start":{"line":99,"column":6},"end":{"line":105,"column":9}},"27":{"start":{"line":109,"column":4},"end":{"line":109,"column":30}},"28":{"start":{"line":112,"column":28},"end":{"line":114,"column":8}},"29":{"start":{"line":113,"column":4},"end":{"line":113,"column":30}},"30":{"start":{"line":116,"column":2},"end":{"line":120,"column":4}},"31":{"start":{"line":15,"column":13},"end":{"line":15,"column":45}}},"fnMap":{"0":{"name":"(anonymous_0)","decl":{"start":{"line":15,"column":45},"end":{"line":15,"column":48}},"loc":{"start":{"line":15,"column":50},"end":{"line":121,"column":1}}},"1":{"name":"(anonymous_1)","decl":{"start":{"line":23,"column":43},"end":{"line":23,"column":46}},"loc":{"start":{"line":23,"column":48},"end":{"line":37,"column":3}}},"2":{"name":"(anonymous_2)","decl":{"start":{"line":39,"column":41},"end":{"line":39,"column":null}},"loc":{"start":{"line":44,"column":6},"end":{"line":110,"column":3}}},"3":{"name":"(anonymous_3)","decl":{"start":{"line":112,"column":40},"end":{"line":112,"column":43}},"loc":{"start":{"line":112,"column":45},"end":{"line":114,"column":3}}}},"branchMap":{"0":{"loc":{"start":{"line":45,"column":4},"end":{"line":45,"column":36}},"type":"if","locations":[{"start":{"line":45,"column":4},"end":{"line":45,"column":36}}]},"1":{"loc":{"start":{"line":81,"column":4},"end":{"line":83,"column":5}},"type":"if","locations":[{"start":{"line":81,"column":4},"end":{"line":83,"column":5}}]},"2":{"loc":{"start":{"line":85,"column":4},"end":{"line":87,"column":5}},"type":"if","locations":[{"start":{"line":85,"column":4},"end":{"line":87,"column":5}}]},"3":{"loc":{"start":{"line":85,"column":8},"end":{"line":85,"column":73}},"type":"binary-expr","locations":[{"start":{"line":85,"column":8},"end":{"line":85,"column":62}},{"start":{"line":85,"column":66},"end":{"line":85,"column":73}}]},"4":{"loc":{"start":{"line":89,"column":4},"end":{"line":91,"column":5}},"type":"if","locations":[{"start":{"line":89,"column":4},"end":{"line":91,"column":5}}]},"5":{"loc":{"start":{"line":93,"column":4},"end":{"line":106,"column":5}},"type":"if","locations":[{"start":{"line":93,"column":4},"end":{"line":106,"column":5}}]}},"s":{"0":0,"1":0,"2":0,"3":0,"4":0,"5":0,"6":0,"7":0,"8":0,"9":0,"10":0,"11":0,"12":0,"13":0,"14":0,"15":0,"16":0,"17":0,"18":0,"19":0,"20":0,"21":0,"22":0,"23":0,"24":0,"25":0,"26":0,"27":0,"28":0,"29":0,"30":0,"31":0},"f":{"0":0,"1":0,"2":0,"3":0},"b":{"0":[0],"1":[0],"2":[0],"3":[0,0],"4":[0],"5":[0]}}
,"/Users/ryanmota/SwipeDish/src/services/analyticsService.ts": {"path":"/Users/ryanmota/SwipeDish/src/services/analyticsService.ts","statementMap":{"0":{"start":{"line":1,"column":0},"end":{"line":1,"column":39}},"1":{"start":{"line":2,"column":0},"end":{"line":2,"column":40}},"2":{"start":{"line":3,"column":0},"end":{"line":3,"column":42}},"3":{"start":{"line":6,"column":0},"end":{"line":6,"column":null}},"4":{"start":{"line":8,"column":2},"end":{"line":8,"column":null}},"5":{"start":{"line":9,"column":2},"end":{"line":9,"column":null}},"6":{"start":{"line":10,"column":2},"end":{"line":10,"column":null}},"7":{"start":{"line":13,"column":2},"end":{"line":13,"column":null}},"8":{"start":{"line":14,"column":2},"end":{"line":14,"column":null}},"9":{"start":{"line":15,"column":2},"end":{"line":15,"column":null}},"10":{"start":{"line":18,"column":2},"end":{"line":18,"column":null}},"11":{"start":{"line":19,"column":2},"end":{"line":19,"column":null}},"12":{"start":{"line":20,"column":2},"end":{"line":20,"column":null}},"13":{"start":{"line":23,"column":2},"end":{"line":23,"column":null}},"14":{"start":{"line":24,"column":2},"end":{"line":24,"column":null}},"15":{"start":{"line":25,"column":2},"end":{"line":25,"column":null}},"16":{"start":{"line":28,"column":2},"end":{"line":28,"column":null}},"17":{"start":{"line":29,"column":2},"end":{"line":29,"column":null}},"18":{"start":{"line":32,"column":2},"end":{"line":32,"column":null}},"19":{"start":{"line":33,"column":2},"end":{"line":33,"column":null}},"20":{"start":{"line":34,"column":2},"end":{"line":34,"column":null}},"21":{"start":{"line":37,"column":2},"end":{"line":37,"column":null}},"22":{"start":{"line":38,"column":2},"end":{"line":38,"column":null}},"23":{"start":{"line":39,"column":2},"end":{"line":39,"column":null}},"24":{"start":{"line":42,"column":2},"end":{"line":42,"column":null}},"25":{"start":{"line":43,"column":2},"end":{"line":43,"column":null}},"26":{"start":{"line":46,"column":2},"end":{"line":46,"column":null}},"27":{"start":{"line":47,"column":2},"end":{"line":47,"column":null}},"28":{"start":{"line":48,"column":2},"end":{"line":48,"column":null}},"29":{"start":{"line":49,"column":2},"end":{"line":49,"column":null}},"30":{"start":{"line":50,"column":2},"end":{"line":50,"column":null}},"31":{"start":{"line":53,"column":2},"end":{"line":53,"column":null}},"32":{"start":{"line":54,"column":2},"end":{"line":54,"column":null}},"33":{"start":{"line":69,"column":34},"end":{"line":69,"column":38}},"34":{"start":{"line":71,"column":105},"end":{"line":71,"column":107}},"35":{"start":{"line":72,"column":51},"end":{"line":72,"column":60}},"36":{"start":{"line":75,"column":4},"end":{"line":75,"column":50}},"37":{"start":{"line":76,"column":4},"end":{"line":76,"column":46}},"38":{"start":{"line":78,"column":4},"end":{"line":85,"column":5}},"39":{"start":{"line":80,"column":6},"end":{"line":84,"column":9}},"40":{"start":{"line":90,"column":24},"end":{"line":90,"column":76}},"41":{"start":{"line":91,"column":30},"end":{"line":91,"column":82}},"42":{"start":{"line":93,"column":4},"end":{"line":93,"column":61}},"43":{"start":{"line":97,"column":4},"end":{"line":97,"column":78}},"44":{"start":{"line":101,"column":4},"end":{"line":101,"column":25}},"45":{"start":{"line":105,"column":4},"end":{"line":105,"column":32}},"46":{"start":{"line":105,"column":25},"end":{"line":105,"column":32}},"47":{"start":{"line":107,"column":22},"end":{"line":117,"column":6}},"48":{"start":{"line":119,"column":4},"end":{"line":119,"column":32}},"49":{"start":{"line":122,"column":4},"end":{"line":124,"column":5}},"50":{"start":{"line":128,"column":4},"end":{"line":128,"column":44}},"51":{"start":{"line":132,"column":4},"end":{"line":132,"column":32}},"52":{"start":{"line":132,"column":25},"end":{"line":132,"column":32}},"53":{"start":{"line":134,"column":4},"end":{"line":138,"column":7}},"54":{"start":{"line":142,"column":4},"end":{"line":142,"column":32}},"55":{"start":{"line":142,"column":25},"end":{"line":142,"column":32}},"56":{"start":{"line":144,"column":24},"end":{"line":144,"column":55}},"57":{"start":{"line":145,"column":4},"end":{"line":148,"column":5}},"58":{"start":{"line":146,"column":6},"end":{"line":146,"column":87}},"59":{"start":{"line":147,"column":6},"end":{"line":147,"column":13}},"60":{"start":{"line":150,"column":21},"end":{"line":150,"column":55}},"61":{"start":{"line":152,"column":4},"end":{"line":156,"column":7}},"62":{"start":{"line":158,"column":4},"end":{"line":158,"column":39}},"63":{"start":{"line":162,"column":4},"end":{"line":162,"column":32}},"64":{"start":{"line":162,"column":25},"end":{"line":162,"column":32}},"65":{"start":{"line":164,"column":4},"end":{"line":169,"column":7}},"66":{"start":{"line":179,"column":4},"end":{"line":179,"column":32}},"67":{"start":{"line":179,"column":25},"end":{"line":179,"column":32}},"68":{"start":{"line":181,"column":18},"end":{"line":185,"column":37}},"69":{"start":{"line":187,"column":4},"end":{"line":192,"column":7}},"70":{"start":{"line":196,"column":4},"end":{"line":196,"column":32}},"71":{"start":{"line":196,"column":25},"end":{"line":196,"column":32}},"72":{"start":{"line":198,"column":4},"end":{"line":201,"column":7}},"73":{"start":{"line":206,"column":4},"end":{"line":222,"column":5}},"74":{"start":{"line":221,"column":6},"end":{"line":221,"column":78}},"75":{"start":{"line":232,"column":4},"end":{"line":240,"column":6}},"76":{"start":{"line":236,"column":53},"end":{"line":239,"column":8}},"77":{"start":{"line":245,"column":4},"end":{"line":245,"column":21}},"78":{"start":{"line":246,"column":4},"end":{"line":246,"column":30}},"79":{"start":{"line":251,"column":13},"end":{"line":251,"column":55}}},"fnMap":{"0":{"name":"(anonymous_1)","decl":{"start":{"line":6,"column":0},"end":{"line":6,"column":12}},"loc":{"start":{"line":6,"column":26},"end":{"line":55,"column":1}}},"1":{"name":"(anonymous_2)","decl":{"start":{"line":74,"column":2},"end":{"line":74,"column":null}},"loc":{"start":{"line":74,"column":2},"end":{"line":86,"column":3}}},"2":{"name":"(anonymous_3)","decl":{"start":{"line":88,"column":10},"end":{"line":88,"column":31}},"loc":{"start":{"line":88,"column":31},"end":{"line":94,"column":3}}},"3":{"name":"(anonymous_4)","decl":{"start":{"line":96,"column":10},"end":{"line":96,"column":27}},"loc":{"start":{"line":96,"column":27},"end":{"line":98,"column":3}}},"4":{"name":"(anonymous_5)","decl":{"start":{"line":100,"column":2},"end":{"line":100,"column":11}},"loc":{"start":{"line":100,"column":33},"end":{"line":102,"column":3}}},"5":{"name":"(anonymous_6)","decl":{"start":{"line":104,"column":2},"end":{"line":104,"column":12}},"loc":{"start":{"line":104,"column":72},"end":{"line":129,"column":3}}},"6":{"name":"(anonymous_7)","decl":{"start":{"line":131,"column":2},"end":{"line":131,"column":13}},"loc":{"start":{"line":131,"column":87},"end":{"line":139,"column":3}}},"7":{"name":"(anonymous_8)","decl":{"start":{"line":141,"column":2},"end":{"line":141,"column":11}},"loc":{"start":{"line":141,"column":72},"end":{"line":159,"column":3}}},"8":{"name":"(anonymous_9)","decl":{"start":{"line":161,"column":2},"end":{"line":161,"column":12}},"loc":{"start":{"line":161,"column":86},"end":{"line":170,"column":3}}},"9":{"name":"(anonymous_10)","decl":{"start":{"line":172,"column":2},"end":{"line":172,"column":14}},"loc":{"start":{"line":177,"column":25},"end":{"line":193,"column":3}}},"10":{"name":"(anonymous_11)","decl":{"start":{"line":195,"column":2},"end":{"line":195,"column":17}},"loc":{"start":{"line":195,"column":54},"end":{"line":202,"column":3}}},"11":{"name":"(anonymous_12)","decl":{"start":{"line":205,"column":10},"end":{"line":205,"column":15}},"loc":{"start":{"line":205,"column":54},"end":{"line":223,"column":3}}},"12":{"name":"(anonymous_13)","decl":{"start":{"line":226,"column":2},"end":{"line":226,"column":21}},"loc":{"start":{"line":226,"column":21},"end":{"line":241,"column":3}}},"13":{"name":"(anonymous_14)","decl":{"start":{"line":236,"column":47},"end":{"line":236,"column":48}},"loc":{"start":{"line":236,"column":53},"end":{"line":239,"column":8}}},"14":{"name":"(anonymous_15)","decl":{"start":{"line":244,"column":2},"end":{"line":244,"column":13}},"loc":{"start":{"line":244,"column":13},"end":{"line":247,"column":3}}}},"branchMap":{"0":{"loc":{"start":{"line":6,"column":12},"end":{"line":6,"column":null}},"type":"binary-expr","locations":[{"start":{"line":6,"column":12},"end":{"line":6,"column":26}},{"start":{"line":6,"column":26},"end":{"line":6,"column":null}}]},"1":{"loc":{"start":{"line":78,"column":4},"end":{"line":85,"column":5}},"type":"if","locations":[{"start":{"line":78,"column":4},"end":{"line":85,"column":5}}]},"2":{"loc":{"start":{"line":82,"column":17},"end":{"line":82,"column":59}},"type":"binary-expr","locations":[{"start":{"line":82,"column":17},"end":{"line":82,"column":46}},{"start":{"line":82,"column":50},"end":{"line":82,"column":59}}]},"3":{"loc":{"start":{"line":83,"column":22},"end":{"line":83,"column":119}},"type":"binary-expr","locations":[{"start":{"line":83,"column":22},"end":{"line":83,"column":60}},{"start":{"line":83,"column":64},"end":{"line":83,"column":106}},{"start":{"line":83,"column":110},"end":{"line":83,"column":119}}]},"4":{"loc":{"start":{"line":90,"column":24},"end":{"line":90,"column":76}},"type":"binary-expr","locations":[{"start":{"line":90,"column":24},"end":{"line":90,"column":59}},{"start":{"line":90,"column":63},"end":{"line":90,"column":76}}]},"5":{"loc":{"start":{"line":93,"column":11},"end":{"line":93,"column":60}},"type":"binary-expr","locations":[{"start":{"line":93,"column":11},"end":{"line":93,"column":39}},{"start":{"line":93,"column":43},"end":{"line":93,"column":60}}]},"6":{"loc":{"start":{"line":104,"column":36},"end":{"line":104,"column":72}},"type":"default-arg","locations":[{"start":{"line":104,"column":70},"end":{"line":104,"column":72}}]},"7":{"loc":{"start":{"line":105,"column":4},"end":{"line":105,"column":32}},"type":"if","locations":[{"start":{"line":105,"column":4},"end":{"line":105,"column":32}}]},"8":{"loc":{"start":{"line":122,"column":4},"end":{"line":124,"column":5}},"type":"if","locations":[{"start":{"line":122,"column":4},"end":{"line":124,"column":5}}]},"9":{"loc":{"start":{"line":132,"column":4},"end":{"line":132,"column":32}},"type":"if","locations":[{"start":{"line":132,"column":4},"end":{"line":132,"column":32}}]},"10":{"loc":{"start":{"line":142,"column":4},"end":{"line":142,"column":32}},"type":"if","locations":[{"start":{"line":142,"column":4},"end":{"line":142,"column":32}}]},"11":{"loc":{"start":{"line":145,"column":4},"end":{"line":148,"column":5}},"type":"if","locations":[{"start":{"line":145,"column":4},"end":{"line":148,"column":5}}]},"12":{"loc":{"start":{"line":162,"column":4},"end":{"line":162,"column":32}},"type":"if","locations":[{"start":{"line":162,"column":4},"end":{"line":162,"column":32}}]},"13":{"loc":{"start":{"line":166,"column":19},"end":{"line":166,"column":36}},"type":"binary-expr","locations":[{"start":{"line":166,"column":19},"end":{"line":166,"column":30}},{"start":{"line":166,"column":34},"end":{"line":166,"column":36}}]},"14":{"loc":{"start":{"line":179,"column":4},"end":{"line":179,"column":32}},"type":"if","locations":[{"start":{"line":179,"column":4},"end":{"line":179,"column":32}}]},"15":{"loc":{"start":{"line":181,"column":18},"end":{"line":185,"column":37}},"type":"cond-expr","locations":[{"start":{"line":182,"column":8},"end":{"line":182,"column":39}},{"start":{"line":183,"column":8},"end":{"line":185,"column":37}}]},"16":{"loc":{"start":{"line":183,"column":8},"end":{"line":185,"column":37}},"type":"cond-expr","locations":[{"start":{"line":184,"column":8},"end":{"line":184,"column":39}},{"start":{"line":185,"column":8},"end":{"line":185,"column":37}}]},"17":{"loc":{"start":{"line":190,"column":24},"end":{"line":190,"column":41}},"type":"binary-expr","locations":[{"start":{"line":190,"column":24},"end":{"line":190,"column":36}},{"start":{"line":190,"column":40},"end":{"line":190,"column":41}}]},"18":{"loc":{"start":{"line":191,"column":21},"end":{"line":191,"column":39}},"type":"binary-expr","locations":[{"start":{"line":191,"column":21},"end":{"line":191,"column":33}},{"start":{"line":191,"column":37},"end":{"line":191,"column":39}}]},"19":{"loc":{"start":{"line":196,"column":4},"end":{"line":196,"column":32}},"type":"if","locations":[{"start":{"line":196,"column":4},"end":{"line":196,"column":32}}]}},"s":{"0":0,"1":0,"2":0,"3":0,"4":0,"5":0,"6":0,"7":0,"8":0,"9":0,"10":0,"11":0,"12":0,"13":0,"14":0,"15":0,"16":0,"17":0,"18":0,"19":0,"20":0,"21":0,"22":0,"23":0,"24":0,"25":0,"26":0,"27":0,"28":0,"29":0,"30":0,"31":0,"32":0,"33":0,"34":0,"35":0,"36":0,"37":0,"38":0,"39":0,"40":0,"41":0,"42":0,"43":0,"44":0,"45":0,"46":0,"47":0,"48":0,"49":0,"50":0,"51":0,"52":0,"53":0,"54":0,"55":0,"56":0,"57":0,"58":0,"59":0,"60":0,"61":0,"62":0,"63":0,"64":0,"65":0,"66":0,"67":0,"68":0,"69":0,"70":0,"71":0,"72":0,"73":0,"74":0,"75":0,"76":0,"77":0,"78":0,"79":0},"f":{"0":0,"1":0,"2":0,"3":0,"4":0,"5":0,"6":0,"7":0,"8":0,"9":0,"10":0,"11":0,"12":0,"13":0,"14":0},"b":{"0":[0,0],"1":[0],"2":[0,0],"3":[0,0,0],"4":[0,0],"5":[0,0],"6":[0],"7":[0],"8":[0],"9":[0],"10":[0],"11":[0],"12":[0],"13":[0,0],"14":[0],"15":[0,0],"16":[0,0],"17":[0,0],"18":[0,0],"19":[0]}}
,"/Users/ryanmota/SwipeDish/src/services/authService.ts": {"path":"/Users/ryanmota/SwipeDish/src/services/authService.ts","statementMap":{"0":{"start":{"line":1,"column":0},"end":{"line":1,"column":null}},"1":{"start":{"line":12,"column":0},"end":{"line":12,"column":120}},"2":{"start":{"line":13,"column":0},"end":{"line":13,"column":38}},"3":{"start":{"line":15,"column":0},"end":{"line":15,"column":76}},"4":{"start":{"line":16,"column":0},"end":{"line":16,"column":60}},"5":{"start":{"line":17,"column":0},"end":{"line":17,"column":42}},"6":{"start":{"line":21,"column":40},"end":{"line":21,"column":41}},"7":{"start":{"line":22,"column":39},"end":{"line":22,"column":40}},"8":{"start":{"line":23,"column":49},"end":{"line":23,"column":51}},"9":{"start":{"line":24,"column":46},"end":{"line":24,"column":51}},"10":{"start":{"line":32,"column":4},"end":{"line":43,"column":5}},"11":{"start":{"line":33,"column":25},"end":{"line":35,"column":null}},"12":{"start":{"line":37,"column":28},"end":{"line":37,"column":53}},"13":{"start":{"line":38,"column":6},"end":{"line":38,"column":33}},"14":{"start":{"line":40,"column":6},"end":{"line":40,"column":73}},"15":{"start":{"line":42,"column":6},"end":{"line":42,"column":18}},"16":{"start":{"line":50,"column":19},"end":{"line":50,"column":20}},"17":{"start":{"line":51,"column":24},"end":{"line":51,"column":26}},"18":{"start":{"line":53,"column":4},"end":{"line":61,"column":5}},"19":{"start":{"line":54,"column":27},"end":{"line":54,"column":66}},"20":{"start":{"line":55,"column":23},"end":{"line":55,"column":51}},"21":{"start":{"line":57,"column":6},"end":{"line":59,"column":7}},"22":{"start":{"line":58,"column":8},"end":{"line":58,"column":24}},"23":{"start":{"line":60,"column":6},"end":{"line":60,"column":17}},"24":{"start":{"line":64,"column":4},"end":{"line":64,"column":38}},"25":{"start":{"line":71,"column":16},"end":{"line":71,"column":26}},"26":{"start":{"line":74,"column":4},"end":{"line":76,"column":5}},"27":{"start":{"line":75,"column":6},"end":{"line":75,"column":36}},"28":{"start":{"line":79,"column":4},"end":{"line":81,"column":5}},"29":{"start":{"line":80,"column":6},"end":{"line":80,"column":19}},"30":{"start":{"line":83,"column":4},"end":{"line":83,"column":32}},"31":{"start":{"line":84,"column":4},"end":{"line":84,"column":35}},"32":{"start":{"line":85,"column":4},"end":{"line":85,"column":16}},"33":{"start":{"line":89,"column":4},"end":{"line":119,"column":5}},"34":{"start":{"line":91,"column":6},"end":{"line":93,"column":7}},"35":{"start":{"line":92,"column":8},"end":{"line":92,"column":90}},"36":{"start":{"line":95,"column":21},"end":{"line":95,"column":50}},"37":{"start":{"line":98,"column":29},"end":{"line":98,"column":64}},"38":{"start":{"line":100,"column":25},"end":{"line":107,"column":8}},"39":{"start":{"line":109,"column":6},"end":{"line":113,"column":9}},"40":{"start":{"line":115,"column":6},"end":{"line":115,"column":18}},"41":{"start":{"line":117,"column":6},"end":{"line":117,"column":65}},"42":{"start":{"line":118,"column":6},"end":{"line":118,"column":18}},"43":{"start":{"line":123,"column":4},"end":{"line":130,"column":5}},"44":{"start":{"line":126,"column":6},"end":{"line":126,"column":44}},"45":{"start":{"line":128,"column":6},"end":{"line":128,"column":61}},"46":{"start":{"line":129,"column":6},"end":{"line":129,"column":18}},"47":{"start":{"line":134,"column":4},"end":{"line":155,"column":5}},"48":{"start":{"line":136,"column":6},"end":{"line":138,"column":7}},"49":{"start":{"line":137,"column":8},"end":{"line":137,"column":58}},"50":{"start":{"line":140,"column":6},"end":{"line":142,"column":7}},"51":{"start":{"line":141,"column":8},"end":{"line":141,"column":76}},"52":{"start":{"line":144,"column":21},"end":{"line":144,"column":76}},"53":{"start":{"line":145,"column":22},"end":{"line":145,"column":69}},"54":{"start":{"line":147,"column":6},"end":{"line":151,"column":7}},"55":{"start":{"line":148,"column":8},"end":{"line":148,"column":38}},"56":{"start":{"line":150,"column":8},"end":{"line":150,"column":42}},"57":{"start":{"line":153,"column":6},"end":{"line":153,"column":61}},"58":{"start":{"line":154,"column":6},"end":{"line":154,"column":18}},"59":{"start":{"line":159,"column":4},"end":{"line":199,"column":5}},"60":{"start":{"line":161,"column":6},"end":{"line":163,"column":7}},"61":{"start":{"line":162,"column":8},"end":{"line":162,"column":58}},"62":{"start":{"line":165,"column":6},"end":{"line":167,"column":7}},"63":{"start":{"line":166,"column":8},"end":{"line":166,"column":76}},"64":{"start":{"line":169,"column":6},"end":{"line":171,"column":7}},"65":{"start":{"line":170,"column":8},"end":{"line":170,"column":150}},"66":{"start":{"line":174,"column":6},"end":{"line":176,"column":7}},"67":{"start":{"line":175,"column":8},"end":{"line":175,"column":97}},"68":{"start":{"line":178,"column":21},"end":{"line":178,"column":80}},"69":{"start":{"line":179,"column":33},"end":{"line":187,"column":10}},"70":{"start":{"line":189,"column":6},"end":{"line":193,"column":9}},"71":{"start":{"line":195,"column":6},"end":{"line":195,"column":18}},"72":{"start":{"line":197,"column":6},"end":{"line":197,"column":61}},"73":{"start":{"line":198,"column":6},"end":{"line":198,"column":18}},"74":{"start":{"line":203,"column":4},"end":{"line":260,"column":5}},"75":{"start":{"line":205,"column":42},"end":{"line":205,"column":76}},"76":{"start":{"line":208,"column":31},"end":{"line":210,"column":null}},"77":{"start":{"line":214,"column":21},"end":{"line":214,"column":71}},"78":{"start":{"line":217,"column":30},"end":{"line":217,"column":77}},"79":{"start":{"line":219,"column":6},"end":{"line":248,"column":7}},"80":{"start":{"line":220,"column":8},"end":{"line":220,"column":46}},"81":{"start":{"line":223,"column":28},"end":{"line":223,"column":68}},"82":{"start":{"line":226,"column":34},"end":{"line":228,"column":82}},"83":{"start":{"line":230,"column":27},"end":{"line":239,"column":10}},"84":{"start":{"line":241,"column":8},"end":{"line":245,"column":11}},"85":{"start":{"line":247,"column":8},"end":{"line":247,"column":20}},"86":{"start":{"line":250,"column":6},"end":{"line":250,"column":62}},"87":{"start":{"line":253,"column":6},"end":{"line":257,"column":7}},"88":{"start":{"line":254,"column":8},"end":{"line":254,"column":122}},"89":{"start":{"line":255,"column":13},"end":{"line":257,"column":7}},"90":{"start":{"line":256,"column":8},"end":{"line":256,"column":83}},"91":{"start":{"line":259,"column":6},"end":{"line":259,"column":18}},"92":{"start":{"line":264,"column":4},"end":{"line":269,"column":5}},"93":{"start":{"line":265,"column":6},"end":{"line":265,"column":26}},"94":{"start":{"line":267,"column":6},"end":{"line":267,"column":56}},"95":{"start":{"line":268,"column":6},"end":{"line":268,"column":18}},"96":{"start":{"line":273,"column":4},"end":{"line":313,"column":5}},"97":{"start":{"line":275,"column":6},"end":{"line":277,"column":7}},"98":{"start":{"line":276,"column":8},"end":{"line":276,"column":53}},"99":{"start":{"line":280,"column":46},"end":{"line":280,"column":48}},"100":{"start":{"line":282,"column":6},"end":{"line":293,"column":7}},"101":{"start":{"line":283,"column":8},"end":{"line":285,"column":9}},"102":{"start":{"line":284,"column":10},"end":{"line":284,"column":60}},"103":{"start":{"line":288,"column":8},"end":{"line":290,"column":9}},"104":{"start":{"line":289,"column":10},"end":{"line":289,"column":67}},"105":{"start":{"line":292,"column":8},"end":{"line":292,"column":91}},"106":{"start":{"line":295,"column":6},"end":{"line":300,"column":7}},"107":{"start":{"line":296,"column":8},"end":{"line":298,"column":9}},"108":{"start":{"line":297,"column":10},"end":{"line":297,"column":60}},"109":{"start":{"line":299,"column":8},"end":{"line":299,"column":68}},"110":{"start":{"line":303,"column":6},"end":{"line":303,"column":87}},"111":{"start":{"line":303,"column":42},"end":{"line":303,"column":87}},"112":{"start":{"line":304,"column":6},"end":{"line":304,"column":96}},"113":{"start":{"line":304,"column":45},"end":{"line":304,"column":96}},"114":{"start":{"line":306,"column":6},"end":{"line":309,"column":9}},"115":{"start":{"line":311,"column":6},"end":{"line":311,"column":67}},"116":{"start":{"line":312,"column":6},"end":{"line":312,"column":18}},"117":{"start":{"line":317,"column":4},"end":{"line":331,"column":5}},"118":{"start":{"line":318,"column":22},"end":{"line":318,"column":60}},"119":{"start":{"line":319,"column":6},"end":{"line":326,"column":7}},"120":{"start":{"line":320,"column":25},"end":{"line":320,"column":47}},"121":{"start":{"line":322,"column":8},"end":{"line":325,"column":10}},"122":{"start":{"line":327,"column":6},"end":{"line":327,"column":18}},"123":{"start":{"line":329,"column":6},"end":{"line":329,"column":56}},"124":{"start":{"line":330,"column":6},"end":{"line":330,"column":18}},"125":{"start":{"line":335,"column":4},"end":{"line":343,"column":5}},"126":{"start":{"line":336,"column":6},"end":{"line":339,"column":9}},"127":{"start":{"line":341,"column":6},"end":{"line":341,"column":72}},"128":{"start":{"line":342,"column":6},"end":{"line":342,"column":18}},"129":{"start":{"line":347,"column":4},"end":{"line":347,"column":46}},"130":{"start":{"line":19,"column":0},"end":{"line":19,"column":13}}},"fnMap":{"0":{"name":"(anonymous_0)","decl":{"start":{"line":31,"column":2},"end":{"line":31,"column":8}},"loc":{"start":{"line":31,"column":51},"end":{"line":44,"column":3}}},"1":{"name":"(anonymous_1)","decl":{"start":{"line":49,"column":2},"end":{"line":49,"column":8}},"loc":{"start":{"line":49,"column":63},"end":{"line":65,"column":3}}},"2":{"name":"(anonymous_2)","decl":{"start":{"line":70,"column":10},"end":{"line":70,"column":16}},"loc":{"start":{"line":70,"column":40},"end":{"line":86,"column":3}}},"3":{"name":"(anonymous_3)","decl":{"start":{"line":88,"column":2},"end":{"line":88,"column":8}},"loc":{"start":{"line":88,"column":32},"end":{"line":120,"column":3}}},"4":{"name":"(anonymous_4)","decl":{"start":{"line":122,"column":2},"end":{"line":122,"column":8}},"loc":{"start":{"line":122,"column":76},"end":{"line":131,"column":3}}},"5":{"name":"(anonymous_5)","decl":{"start":{"line":133,"column":2},"end":{"line":133,"column":8}},"loc":{"start":{"line":133,"column":62},"end":{"line":156,"column":3}}},"6":{"name":"(anonymous_6)","decl":{"start":{"line":158,"column":2},"end":{"line":158,"column":8}},"loc":{"start":{"line":158,"column":83},"end":{"line":200,"column":3}}},"7":{"name":"(anonymous_7)","decl":{"start":{"line":202,"column":2},"end":{"line":202,"column":8}},"loc":{"start":{"line":202,"column":31},"end":{"line":261,"column":3}}},"8":{"name":"(anonymous_8)","decl":{"start":{"line":263,"column":2},"end":{"line":263,"column":8}},"loc":{"start":{"line":263,"column":22},"end":{"line":270,"column":3}}},"9":{"name":"(anonymous_9)","decl":{"start":{"line":272,"column":2},"end":{"line":272,"column":8}},"loc":{"start":{"line":272,"column":71},"end":{"line":314,"column":3}}},"10":{"name":"(anonymous_10)","decl":{"start":{"line":316,"column":2},"end":{"line":316,"column":8}},"loc":{"start":{"line":316,"column":37},"end":{"line":332,"column":3}}},"11":{"name":"(anonymous_11)","decl":{"start":{"line":334,"column":2},"end":{"line":334,"column":8}},"loc":{"start":{"line":334,"column":52},"end":{"line":344,"column":3}}},"12":{"name":"(anonymous_12)","decl":{"start":{"line":346,"column":2},"end":{"line":346,"column":8}},"loc":{"start":{"line":346,"column":72},"end":{"line":348,"column":3}}}},"branchMap":{"0":{"loc":{"start":{"line":49,"column":38},"end":{"line":49,"column":63}},"type":"default-arg","locations":[{"start":{"line":49,"column":57},"end":{"line":49,"column":63}}]},"1":{"loc":{"start":{"line":57,"column":6},"end":{"line":59,"column":7}},"type":"if","locations":[{"start":{"line":57,"column":6},"end":{"line":59,"column":7}}]},"2":{"loc":{"start":{"line":74,"column":4},"end":{"line":76,"column":5}},"type":"if","locations":[{"start":{"line":74,"column":4},"end":{"line":76,"column":5}}]},"3":{"loc":{"start":{"line":79,"column":4},"end":{"line":81,"column":5}},"type":"if","locations":[{"start":{"line":79,"column":4},"end":{"line":81,"column":5}}]},"4":{"loc":{"start":{"line":91,"column":6},"end":{"line":93,"column":7}},"type":"if","locations":[{"start":{"line":91,"column":6},"end":{"line":93,"column":7}}]},"5":{"loc":{"start":{"line":136,"column":6},"end":{"line":138,"column":7}},"type":"if","locations":[{"start":{"line":136,"column":6},"end":{"line":138,"column":7}}]},"6":{"loc":{"start":{"line":140,"column":6},"end":{"line":142,"column":7}},"type":"if","locations":[{"start":{"line":140,"column":6},"end":{"line":142,"column":7}}]},"7":{"loc":{"start":{"line":140,"column":10},"end":{"line":140,"column":42}},"type":"binary-expr","locations":[{"start":{"line":140,"column":10},"end":{"line":140,"column":19}},{"start":{"line":140,"column":23},"end":{"line":140,"column":42}}]},"8":{"loc":{"start":{"line":147,"column":6},"end":{"line":151,"column":7}},"type":"if","locations":[{"start":{"line":147,"column":6},"end":{"line":151,"column":7}},{"start":{"line":149,"column":13},"end":{"line":151,"column":7}}]},"9":{"loc":{"start":{"line":161,"column":6},"end":{"line":163,"column":7}},"type":"if","locations":[{"start":{"line":161,"column":6},"end":{"line":163,"column":7}}]},"10":{"loc":{"start":{"line":165,"column":6},"end":{"line":167,"column":7}},"type":"if","locations":[{"start":{"line":165,"column":6},"end":{"line":167,"column":7}}]},"11":{"loc":{"start":{"line":165,"column":10},"end":{"line":165,"column":42}},"type":"binary-expr","locations":[{"start":{"line":165,"column":10},"end":{"line":165,"column":19}},{"start":{"line":165,"column":23},"end":{"line":165,"column":42}}]},"12":{"loc":{"start":{"line":169,"column":6},"end":{"line":171,"column":7}},"type":"if","locations":[{"start":{"line":169,"column":6},"end":{"line":171,"column":7}}]},"13":{"loc":{"start":{"line":174,"column":6},"end":{"line":176,"column":7}},"type":"if","locations":[{"start":{"line":174,"column":6},"end":{"line":176,"column":7}}]},"14":{"loc":{"start":{"line":219,"column":6},"end":{"line":248,"column":7}},"type":"if","locations":[{"start":{"line":219,"column":6},"end":{"line":248,"column":7}},{"start":{"line":221,"column":13},"end":{"line":248,"column":7}}]},"15":{"loc":{"start":{"line":223,"column":28},"end":{"line":223,"column":68}},"type":"binary-expr","locations":[{"start":{"line":223,"column":28},"end":{"line":223,"column":51}},{"start":{"line":223,"column":55},"end":{"line":223,"column":68}}]},"16":{"loc":{"start":{"line":226,"column":34},"end":{"line":228,"column":82}},"type":"cond-expr","locations":[{"start":{"line":227,"column":12},"end":{"line":227,"column":23}},{"start":{"line":228,"column":12},"end":{"line":228,"column":82}}]},"17":{"loc":{"start":{"line":228,"column":46},"end":{"line":228,"column":81}},"type":"binary-expr","locations":[{"start":{"line":228,"column":46},"end":{"line":228,"column":71}},{"start":{"line":228,"column":75},"end":{"line":228,"column":81}}]},"18":{"loc":{"start":{"line":233,"column":14},"end":{"line":233,"column":63}},"type":"binary-expr","locations":[{"start":{"line":233,"column":14},"end":{"line":233,"column":31}},{"start":{"line":233,"column":35},"end":{"line":233,"column":63}}]},"19":{"loc":{"start":{"line":234,"column":14},"end":{"line":234,"column":72}},"type":"binary-expr","locations":[{"start":{"line":234,"column":14},"end":{"line":234,"column":34}},{"start":{"line":234,"column":38},"end":{"line":234,"column":72}}]},"20":{"loc":{"start":{"line":253,"column":6},"end":{"line":257,"column":7}},"type":"if","locations":[{"start":{"line":253,"column":6},"end":{"line":257,"column":7}},{"start":{"line":255,"column":13},"end":{"line":257,"column":7}}]},"21":{"loc":{"start":{"line":255,"column":13},"end":{"line":257,"column":7}},"type":"if","locations":[{"start":{"line":255,"column":13},"end":{"line":257,"column":7}}]},"22":{"loc":{"start":{"line":275,"column":6},"end":{"line":277,"column":7}},"type":"if","locations":[{"start":{"line":275,"column":6},"end":{"line":277,"column":7}}]},"23":{"loc":{"start":{"line":282,"column":6},"end":{"line":293,"column":7}},"type":"if","locations":[{"start":{"line":282,"column":6},"end":{"line":293,"column":7}}]},"24":{"loc":{"start":{"line":283,"column":8},"end":{"line":285,"column":9}},"type":"if","locations":[{"start":{"line":283,"column":8},"end":{"line":285,"column":9}}]},"25":{"loc":{"start":{"line":288,"column":8},"end":{"line":290,"column":9}},"type":"if","locations":[{"start":{"line":288,"column":8},"end":{"line":290,"column":9}}]},"26":{"loc":{"start":{"line":295,"column":6},"end":{"line":300,"column":7}},"type":"if","locations":[{"start":{"line":295,"column":6},"end":{"line":300,"column":7}}]},"27":{"loc":{"start":{"line":296,"column":8},"end":{"line":298,"column":9}},"type":"if","locations":[{"start":{"line":296,"column":8},"end":{"line":298,"column":9}}]},"28":{"loc":{"start":{"line":303,"column":6},"end":{"line":303,"column":87}},"type":"if","locations":[{"start":{"line":303,"column":6},"end":{"line":303,"column":87}}]},"29":{"loc":{"start":{"line":304,"column":6},"end":{"line":304,"column":96}},"type":"if","locations":[{"start":{"line":304,"column":6},"end":{"line":304,"column":96}}]},"30":{"loc":{"start":{"line":319,"column":6},"end":{"line":326,"column":7}},"type":"if","locations":[{"start":{"line":319,"column":6},"end":{"line":326,"column":7}}]},"31":{"loc":{"start":{"line":324,"column":34},"end":{"line":324,"column":74}},"type":"binary-expr","locations":[{"start":{"line":324,"column":34},"end":{"line":324,"column":65}},{"start":{"line":324,"column":69},"end":{"line":324,"column":74}}]}},"s":{"0":0,"1":0,"2":0,"3":0,"4":0,"5":0,"6":0,"7":0,"8":0,"9":0,"10":0,"11":0,"12":0,"13":0,"14":0,"15":0,"16":0,"17":0,"18":0,"19":0,"20":0,"21":0,"22":0,"23":0,"24":0,"25":0,"26":0,"27":0,"28":0,"29":0,"30":0,"31":0,"32":0,"33":0,"34":0,"35":0,"36":0,"37":0,"38":0,"39":0,"40":0,"41":0,"42":0,"43":0,"44":0,"45":0,"46":0,"47":0,"48":0,"49":0,"50":0,"51":0,"52":0,"53":0,"54":0,"55":0,"56":0,"57":0,"58":0,"59":0,"60":0,"61":0,"62":0,"63":0,"64":0,"65":0,"66":0,"67":0,"68":0,"69":0,"70":0,"71":0,"72":0,"73":0,"74":0,"75":0,"76":0,"77":0,"78":0,"79":0,"80":0,"81":0,"82":0,"83":0,"84":0,"85":0,"86":0,"87":0,"88":0,"89":0,"90":0,"91":0,"92":0,"93":0,"94":0,"95":0,"96":0,"97":0,"98":0,"99":0,"100":0,"101":0,"102":0,"103":0,"104":0,"105":0,"106":0,"107":0,"108":0,"109":0,"110":0,"111":0,"112":0,"113":0,"114":0,"115":0,"116":0,"117":0,"118":0,"119":0,"120":0,"121":0,"122":0,"123":0,"124":0,"125":0,"126":0,"127":0,"128":0,"129":0,"130":0},"f":{"0":0,"1":0,"2":0,"3":0,"4":0,"5":0,"6":0,"7":0,"8":0,"9":0,"10":0,"11":0,"12":0},"b":{"0":[0],"1":[0],"2":[0],"3":[0],"4":[0],"5":[0],"6":[0],"7":[0,0],"8":[0,0],"9":[0],"10":[0],"11":[0,0],"12":[0],"13":[0],"14":[0,0],"15":[0,0],"16":[0,0],"17":[0,0],"18":[0,0],"19":[0,0],"20":[0,0],"21":[0],"22":[0],"23":[0],"24":[0],"25":[0],"26":[0],"27":[0],"28":[0],"29":[0],"30":[0],"31":[0,0]}}
,"/Users/ryanmota/SwipeDish/src/services/firebase.ts": {"path":"/Users/ryanmota/SwipeDish/src/services/firebase.ts","statementMap":{"0":{"start":{"line":1,"column":0},"end":{"line":1,"column":62}},"1":{"start":{"line":2,"column":0},"end":{"line":2,"column":56}},"2":{"start":{"line":4,"column":0},"end":{"line":4,"column":50}},"3":{"start":{"line":5,"column":0},"end":{"line":5,"column":69}},"4":{"start":{"line":6,"column":0},"end":{"line":6,"column":40}},"5":{"start":{"line":7,"column":0},"end":{"line":7,"column":63}},"6":{"start":{"line":8,"column":0},"end":{"line":8,"column":39}},"7":{"start":{"line":11,"column":26},"end":{"line":80,"column":1}},"8":{"start":{"line":13,"column":15},"end":{"line":21,"column":4}},"9":{"start":{"line":24,"column":25},"end":{"line":24,"column":120}},"10":{"start":{"line":25,"column":2},"end":{"line":42,"column":3}},"11":{"start":{"line":27,"column":26},"end":{"line":29,"column":50}},"12":{"start":{"line":31,"column":4},"end":{"line":41,"column":5}},"13":{"start":{"line":32,"column":6},"end":{"line":40,"column":8}},"14":{"start":{"line":45,"column":25},"end":{"line":45,"column":71}},"15":{"start":{"line":46,"column":24},"end":{"line":46,"column":93}},"16":{"start":{"line":46,"column":55},"end":{"line":46,"column":92}},"17":{"start":{"line":48,"column":2},"end":{"line":54,"column":3}},"18":{"start":{"line":49,"column":27},"end":{"line":51,"column":null}},"19":{"start":{"line":50,"column":127},"end":{"line":50,"column":168}},"20":{"start":{"line":53,"column":4},"end":{"line":53,"column":36}},"21":{"start":{"line":57,"column":34},"end":{"line":57,"column":36}},"22":{"start":{"line":59,"column":2},"end":{"line":61,"column":3}},"23":{"start":{"line":60,"column":4},"end":{"line":60,"column":58}},"24":{"start":{"line":63,"column":2},"end":{"line":65,"column":3}},"25":{"start":{"line":64,"column":4},"end":{"line":64,"column":72}},"26":{"start":{"line":67,"column":2},"end":{"line":69,"column":3}},"27":{"start":{"line":68,"column":4},"end":{"line":68,"column":49}},"28":{"start":{"line":71,"column":2},"end":{"line":77,"column":3}},"29":{"start":{"line":72,"column":27},"end":{"line":74,"column":null}},"30":{"start":{"line":76,"column":4},"end":{"line":76,"column":36}},"31":{"start":{"line":79,"column":2},"end":{"line":79,"column":16}},"32":{"start":{"line":82,"column":23},"end":{"line":82,"column":42}},"33":{"start":{"line":85,"column":30},"end":{"line":97,"column":1}},"34":{"start":{"line":86,"column":2},"end":{"line":96,"column":3}},"35":{"start":{"line":87,"column":4},"end":{"line":92,"column":5}},"36":{"start":{"line":88,"column":18},"end":{"line":88,"column":47}},"37":{"start":{"line":89,"column":6},"end":{"line":89,"column":17}},"38":{"start":{"line":91,"column":6},"end":{"line":91,"column":22}},"39":{"start":{"line":94,"column":27},"end":{"line":94,"column":83}},"40":{"start":{"line":95,"column":4},"end":{"line":95,"column":72}},"41":{"start":{"line":99,"column":12},"end":{"line":99,"column":35}},"42":{"start":{"line":102,"column":31},"end":{"line":122,"column":1}},"43":{"start":{"line":103,"column":2},"end":{"line":121,"column":3}},"44":{"start":{"line":104,"column":4},"end":{"line":106,"column":5}},"45":{"start":{"line":105,"column":6},"end":{"line":105,"column":26}},"46":{"start":{"line":109,"column":4},"end":{"line":117,"column":5}},"47":{"start":{"line":110,"column":44},"end":{"line":110,"column":68}},"48":{"start":{"line":111,"column":6},"end":{"line":113,"column":9}},"49":{"start":{"line":115,"column":6},"end":{"line":115,"column":100}},"50":{"start":{"line":116,"column":6},"end":{"line":116,"column":26}},"51":{"start":{"line":119,"column":27},"end":{"line":119,"column":88}},"52":{"start":{"line":120,"column":4},"end":{"line":120,"column":77}},"53":{"start":{"line":124,"column":13},"end":{"line":124,"column":37}},"54":{"start":{"line":160,"column":9},"end":{"line":160,"column":13}},"55":{"start":{"line":127,"column":11},"end":{"line":127,"column":28}},"56":{"start":{"line":160,"column":15},"end":{"line":160,"column":17}},"57":{"start":{"line":130,"column":38},"end":{"line":149,"column":1}},"58":{"start":{"line":131,"column":2},"end":{"line":148,"column":3}},"59":{"start":{"line":132,"column":17},"end":{"line":132,"column":26}},"60":{"start":{"line":133,"column":22},"end":{"line":133,"column":36}},"61":{"start":{"line":136,"column":4},"end":{"line":138,"column":5}},"62":{"start":{"line":141,"column":4},"end":{"line":143,"column":5}},"63":{"start":{"line":145,"column":4},"end":{"line":145,"column":16}},"64":{"start":{"line":147,"column":4},"end":{"line":147,"column":17}},"65":{"start":{"line":130,"column":13},"end":{"line":130,"column":38}},"66":{"start":{"line":152,"column":31},"end":{"line":158,"column":2}},"67":{"start":{"line":152,"column":38},"end":{"line":158,"column":2}},"68":{"start":{"line":152,"column":13},"end":{"line":152,"column":31}},"69":{"start":{"line":161,"column":0},"end":{"line":161,"column":19}}},"fnMap":{"0":{"name":"(anonymous_1)","decl":{"start":{"line":11,"column":26},"end":{"line":11,"column":29}},"loc":{"start":{"line":11,"column":31},"end":{"line":80,"column":1}}},"1":{"name":"(anonymous_2)","decl":{"start":{"line":46,"column":46},"end":{"line":46,"column":51}},"loc":{"start":{"line":46,"column":55},"end":{"line":46,"column":92}}},"2":{"name":"(anonymous_3)","decl":{"start":{"line":50,"column":122},"end":{"line":50,"column":123}},"loc":{"start":{"line":50,"column":127},"end":{"line":50,"column":168}}},"3":{"name":"(anonymous_4)","decl":{"start":{"line":85,"column":30},"end":{"line":85,"column":33}},"loc":{"start":{"line":85,"column":35},"end":{"line":97,"column":1}}},"4":{"name":"(anonymous_5)","decl":{"start":{"line":102,"column":31},"end":{"line":102,"column":34}},"loc":{"start":{"line":102,"column":36},"end":{"line":122,"column":1}}},"5":{"name":"(anonymous_6)","decl":{"start":{"line":130,"column":38},"end":{"line":130,"column":43}},"loc":{"start":{"line":130,"column":49},"end":{"line":149,"column":1}}},"6":{"name":"(anonymous_7)","decl":{"start":{"line":152,"column":31},"end":{"line":152,"column":34}},"loc":{"start":{"line":152,"column":38},"end":{"line":158,"column":2}}}},"branchMap":{"0":{"loc":{"start":{"line":24,"column":25},"end":{"line":24,"column":120}},"type":"binary-expr","locations":[{"start":{"line":24,"column":25},"end":{"line":24,"column":71}},{"start":{"line":24,"column":76},"end":{"line":24,"column":120}}]},"1":{"loc":{"start":{"line":25,"column":2},"end":{"line":42,"column":3}},"type":"if","locations":[{"start":{"line":25,"column":2},"end":{"line":42,"column":3}}]},"2":{"loc":{"start":{"line":25,"column":6},"end":{"line":25,"column":37}},"type":"binary-expr","locations":[{"start":{"line":25,"column":6},"end":{"line":25,"column":19}},{"start":{"line":25,"column":23},"end":{"line":25,"column":37}}]},"3":{"loc":{"start":{"line":27,"column":26},"end":{"line":29,"column":50}},"type":"binary-expr","locations":[{"start":{"line":27,"column":26},"end":{"line":27,"column":46}},{"start":{"line":28,"column":6},"end":{"line":28,"column":51}},{"start":{"line":29,"column":6},"end":{"line":29,"column":50}}]},"4":{"loc":{"start":{"line":31,"column":4},"end":{"line":41,"column":5}},"type":"if","locations":[{"start":{"line":31,"column":4},"end":{"line":41,"column":5}}]},"5":{"loc":{"start":{"line":48,"column":2},"end":{"line":54,"column":3}},"type":"if","locations":[{"start":{"line":48,"column":2},"end":{"line":54,"column":3}}]},"6":{"loc":{"start":{"line":59,"column":2},"end":{"line":61,"column":3}},"type":"if","locations":[{"start":{"line":59,"column":2},"end":{"line":61,"column":3}}]},"7":{"loc":{"start":{"line":59,"column":6},"end":{"line":59,"column":56}},"type":"binary-expr","locations":[{"start":{"line":59,"column":6},"end":{"line":59,"column":19}},{"start":{"line":59,"column":23},"end":{"line":59,"column":56}}]},"8":{"loc":{"start":{"line":63,"column":2},"end":{"line":65,"column":3}},"type":"if","locations":[{"start":{"line":63,"column":2},"end":{"line":65,"column":3}}]},"9":{"loc":{"start":{"line":63,"column":6},"end":{"line":63,"column":74}},"type":"binary-expr","locations":[{"start":{"line":63,"column":6},"end":{"line":63,"column":23}},{"start":{"line":63,"column":27},"end":{"line":63,"column":74}}]},"10":{"loc":{"start":{"line":67,"column":2},"end":{"line":69,"column":3}},"type":"if","locations":[{"start":{"line":67,"column":2},"end":{"line":69,"column":3}}]},"11":{"loc":{"start":{"line":67,"column":6},"end":{"line":67,"column":79}},"type":"binary-expr","locations":[{"start":{"line":67,"column":6},"end":{"line":67,"column":18}},{"start":{"line":67,"column":22},"end":{"line":67,"column":79}}]},"12":{"loc":{"start":{"line":71,"column":2},"end":{"line":77,"column":3}},"type":"if","locations":[{"start":{"line":71,"column":2},"end":{"line":77,"column":3}}]},"13":{"loc":{"start":{"line":87,"column":4},"end":{"line":92,"column":5}},"type":"if","locations":[{"start":{"line":87,"column":4},"end":{"line":92,"column":5}},{"start":{"line":90,"column":11},"end":{"line":92,"column":5}}]},"14":{"loc":{"start":{"line":104,"column":4},"end":{"line":106,"column":5}},"type":"if","locations":[{"start":{"line":104,"column":4},"end":{"line":106,"column":5}}]},"15":{"loc":{"start":{"line":136,"column":4},"end":{"line":138,"column":5}},"type":"if","locations":[{"start":{"line":136,"column":4},"end":{"line":138,"column":5}}]},"16":{"loc":{"start":{"line":141,"column":4},"end":{"line":143,"column":5}},"type":"if","locations":[{"start":{"line":141,"column":4},"end":{"line":143,"column":5}}]}},"s":{"0":0,"1":0,"2":0,"3":0,"4":0,"5":0,"6":0,"7":0,"8":0,"9":0,"10":0,"11":0,"12":0,"13":0,"14":0,"15":0,"16":0,"17":0,"18":0,"19":0,"20":0,"21":0,"22":0,"23":0,"24":0,"25":0,"26":0,"27":0,"28":0,"29":0,"30":0,"31":0,"32":0,"33":0,"34":0,"35":0,"36":0,"37":0,"38":0,"39":0,"40":0,"41":0,"42":0,"43":0,"44":0,"45":0,"46":0,"47":0,"48":0,"49":0,"50":0,"51":0,"52":0,"53":0,"54":0,"55":0,"56":0,"57":0,"58":0,"59":0,"60":0,"61":0,"62":0,"63":0,"64":0,"65":0,"66":0,"67":0,"68":0,"69":0},"f":{"0":0,"1":0,"2":0,"3":0,"4":0,"5":0,"6":0},"b":{"0":[0,0],"1":[0],"2":[0,0],"3":[0,0,0],"4":[0],"5":[0],"6":[0],"7":[0,0],"8":[0],"9":[0,0],"10":[0],"11":[0,0],"12":[0],"13":[0,0],"14":[0],"15":[0],"16":[0]}}
,"/Users/ryanmota/SwipeDish/src/services/geocodingService.ts": {"path":"/Users/ryanmota/SwipeDish/src/services/geocodingService.ts","statementMap":{"0":{"start":{"line":45,"column":37},"end":{"line":45,"column":74}},"1":{"start":{"line":46,"column":39},"end":{"line":46,"column":73}},"2":{"start":{"line":52,"column":4},"end":{"line":86,"column":5}},"3":{"start":{"line":53,"column":6},"end":{"line":55,"column":7}},"4":{"start":{"line":54,"column":8},"end":{"line":54,"column":51}},"5":{"start":{"line":57,"column":29},"end":{"line":57,"column":63}},"6":{"start":{"line":58,"column":18},"end":{"line":58,"column":100}},"7":{"start":{"line":60,"column":23},"end":{"line":64,"column":8}},"8":{"start":{"line":66,"column":6},"end":{"line":68,"column":7}},"9":{"start":{"line":67,"column":8},"end":{"line":67,"column":90}},"10":{"start":{"line":70,"column":38},"end":{"line":70,"column":59}},"11":{"start":{"line":72,"column":6},"end":{"line":74,"column":7}},"12":{"start":{"line":73,"column":8},"end":{"line":73,"column":20}},"13":{"start":{"line":76,"column":21},"end":{"line":76,"column":28}},"14":{"start":{"line":77,"column":6},"end":{"line":82,"column":8}},"15":{"start":{"line":84,"column":6},"end":{"line":84,"column":55}},"16":{"start":{"line":85,"column":6},"end":{"line":85,"column":18}},"17":{"start":{"line":93,"column":4},"end":{"line":125,"column":5}},"18":{"start":{"line":94,"column":6},"end":{"line":96,"column":7}},"19":{"start":{"line":95,"column":8},"end":{"line":95,"column":56}},"20":{"start":{"line":98,"column":18},"end":{"line":98,"column":106}},"21":{"start":{"line":100,"column":23},"end":{"line":104,"column":8}},"22":{"start":{"line":106,"column":6},"end":{"line":108,"column":7}},"23":{"start":{"line":107,"column":8},"end":{"line":107,"column":98}},"24":{"start":{"line":110,"column":36},"end":{"line":110,"column":57}},"25":{"start":{"line":112,"column":6},"end":{"line":114,"column":7}},"26":{"start":{"line":113,"column":8},"end":{"line":113,"column":20}},"27":{"start":{"line":116,"column":6},"end":{"line":121,"column":8}},"28":{"start":{"line":123,"column":6},"end":{"line":123,"column":67}},"29":{"start":{"line":124,"column":6},"end":{"line":124,"column":18}},"30":{"start":{"line":144,"column":4},"end":{"line":183,"column":5}},"31":{"start":{"line":145,"column":6},"end":{"line":147,"column":7}},"32":{"start":{"line":146,"column":8},"end":{"line":146,"column":18}},"33":{"start":{"line":149,"column":50},"end":{"line":149,"column":57}},"34":{"start":{"line":150,"column":27},"end":{"line":150,"column":59}},"35":{"start":{"line":152,"column":16},"end":{"line":152,"column":103}},"36":{"start":{"line":154,"column":6},"end":{"line":156,"column":7}},"37":{"start":{"line":155,"column":8},"end":{"line":155,"column":46}},"38":{"start":{"line":158,"column":6},"end":{"line":160,"column":7}},"39":{"start":{"line":159,"column":8},"end":{"line":159,"column":102}},"40":{"start":{"line":162,"column":23},"end":{"line":166,"column":8}},"41":{"start":{"line":168,"column":6},"end":{"line":170,"column":7}},"42":{"start":{"line":169,"column":8},"end":{"line":169,"column":93}},"43":{"start":{"line":172,"column":38},"end":{"line":172,"column":59}},"44":{"start":{"line":174,"column":6},"end":{"line":179,"column":10}},"45":{"start":{"line":174,"column":33},"end":{"line":179,"column":8}},"46":{"start":{"line":181,"column":6},"end":{"line":181,"column":54}},"47":{"start":{"line":182,"column":6},"end":{"line":182,"column":16}},"48":{"start":{"line":190,"column":4},"end":{"line":224,"column":5}},"49":{"start":{"line":191,"column":21},"end":{"line":191,"column":67}},"50":{"start":{"line":192,"column":6},"end":{"line":194,"column":7}},"51":{"start":{"line":193,"column":8},"end":{"line":193,"column":34}},"52":{"start":{"line":197,"column":22},"end":{"line":197,"column":36}},"53":{"start":{"line":198,"column":30},"end":{"line":198,"column":32}},"54":{"start":{"line":200,"column":6},"end":{"line":204,"column":7}},"55":{"start":{"line":201,"column":8},"end":{"line":201,"column":62}},"56":{"start":{"line":202,"column":13},"end":{"line":204,"column":7}},"57":{"start":{"line":203,"column":8},"end":{"line":203,"column":33}},"58":{"start":{"line":206,"column":6},"end":{"line":208,"column":7}},"59":{"start":{"line":207,"column":8},"end":{"line":207,"column":42}},"60":{"start":{"line":210,"column":6},"end":{"line":214,"column":7}},"61":{"start":{"line":211,"column":8},"end":{"line":211,"column":33}},"62":{"start":{"line":212,"column":13},"end":{"line":214,"column":7}},"63":{"start":{"line":213,"column":8},"end":{"line":213,"column":35}},"64":{"start":{"line":216,"column":6},"end":{"line":218,"column":7}},"65":{"start":{"line":217,"column":8},"end":{"line":217,"column":34}},"66":{"start":{"line":220,"column":6},"end":{"line":220,"column":53}},"67":{"start":{"line":222,"column":6},"end":{"line":222,"column":70}},"68":{"start":{"line":223,"column":6},"end":{"line":223,"column":32}},"69":{"start":{"line":231,"column":20},"end":{"line":231,"column":43}},"70":{"start":{"line":232,"column":28},"end":{"line":232,"column":30}},"71":{"start":{"line":235,"column":4},"end":{"line":239,"column":5}},"72":{"start":{"line":236,"column":6},"end":{"line":236,"column":60}},"73":{"start":{"line":237,"column":11},"end":{"line":239,"column":5}},"74":{"start":{"line":238,"column":6},"end":{"line":238,"column":31}},"75":{"start":{"line":242,"column":32},"end":{"line":242,"column":34}},"76":{"start":{"line":243,"column":4},"end":{"line":245,"column":5}},"77":{"start":{"line":244,"column":6},"end":{"line":244,"column":35}},"78":{"start":{"line":246,"column":4},"end":{"line":248,"column":5}},"79":{"start":{"line":247,"column":6},"end":{"line":247,"column":36}},"80":{"start":{"line":249,"column":4},"end":{"line":251,"column":5}},"81":{"start":{"line":250,"column":6},"end":{"line":250,"column":39}},"82":{"start":{"line":254,"column":4},"end":{"line":256,"column":5}},"83":{"start":{"line":255,"column":6},"end":{"line":255,"column":35}},"84":{"start":{"line":258,"column":4},"end":{"line":258,"column":60}},"85":{"start":{"line":270,"column":14},"end":{"line":270,"column":18}},"86":{"start":{"line":271,"column":17},"end":{"line":271,"column":42}},"87":{"start":{"line":272,"column":17},"end":{"line":272,"column":42}},"88":{"start":{"line":274,"column":6},"end":{"line":278,"column":26}},"89":{"start":{"line":279,"column":14},"end":{"line":279,"column":60}},"90":{"start":{"line":280,"column":21},"end":{"line":280,"column":26}},"91":{"start":{"line":281,"column":4},"end":{"line":281,"column":42}},"92":{"start":{"line":288,"column":4},"end":{"line":295,"column":6}},"93":{"start":{"line":302,"column":4},"end":{"line":302,"column":33}},"94":{"start":{"line":309,"column":4},"end":{"line":320,"column":5}},"95":{"start":{"line":310,"column":23},"end":{"line":315,"column":8}},"96":{"start":{"line":316,"column":6},"end":{"line":316,"column":25}},"97":{"start":{"line":318,"column":6},"end":{"line":318,"column":74}},"98":{"start":{"line":319,"column":6},"end":{"line":319,"column":19}},"99":{"start":{"line":44,"column":0},"end":{"line":44,"column":13}}},"fnMap":{"0":{"name":"(anonymous_0)","decl":{"start":{"line":51,"column":2},"end":{"line":51,"column":8}},"loc":{"start":{"line":51,"column":42},"end":{"line":87,"column":3}}},"1":{"name":"(anonymous_1)","decl":{"start":{"line":92,"column":2},"end":{"line":92,"column":8}},"loc":{"start":{"line":92,"column":65},"end":{"line":126,"column":3}}},"2":{"name":"(anonymous_2)","decl":{"start":{"line":131,"column":2},"end":{"line":131,"column":8}},"loc":{"start":{"line":142,"column":10},"end":{"line":184,"column":3}}},"3":{"name":"(anonymous_3)","decl":{"start":{"line":174,"column":22},"end":{"line":174,"column":28}},"loc":{"start":{"line":174,"column":33},"end":{"line":179,"column":8}}},"4":{"name":"(anonymous_4)","decl":{"start":{"line":189,"column":2},"end":{"line":189,"column":8}},"loc":{"start":{"line":189,"column":76},"end":{"line":225,"column":3}}},"5":{"name":"(anonymous_5)","decl":{"start":{"line":230,"column":2},"end":{"line":230,"column":8}},"loc":{"start":{"line":230,"column":55},"end":{"line":259,"column":3}}},"6":{"name":"(anonymous_6)","decl":{"start":{"line":264,"column":2},"end":{"line":264,"column":8}},"loc":{"start":{"line":268,"column":16},"end":{"line":282,"column":3}}},"7":{"name":"(anonymous_7)","decl":{"start":{"line":287,"column":10},"end":{"line":287,"column":16}},"loc":{"start":{"line":287,"column":70},"end":{"line":296,"column":3}}},"8":{"name":"(anonymous_8)","decl":{"start":{"line":301,"column":10},"end":{"line":301,"column":16}},"loc":{"start":{"line":301,"column":36},"end":{"line":303,"column":3}}},"9":{"name":"(anonymous_9)","decl":{"start":{"line":308,"column":2},"end":{"line":308,"column":8}},"loc":{"start":{"line":308,"column":31},"end":{"line":321,"column":3}}}},"branchMap":{"0":{"loc":{"start":{"line":53,"column":6},"end":{"line":55,"column":7}},"type":"if","locations":[{"start":{"line":53,"column":6},"end":{"line":55,"column":7}}]},"1":{"loc":{"start":{"line":53,"column":10},"end":{"line":53,"column":49}},"type":"binary-expr","locations":[{"start":{"line":53,"column":10},"end":{"line":53,"column":18}},{"start":{"line":53,"column":22},"end":{"line":53,"column":49}}]},"2":{"loc":{"start":{"line":66,"column":6},"end":{"line":68,"column":7}},"type":"if","locations":[{"start":{"line":66,"column":6},"end":{"line":68,"column":7}}]},"3":{"loc":{"start":{"line":72,"column":6},"end":{"line":74,"column":7}},"type":"if","locations":[{"start":{"line":72,"column":6},"end":{"line":74,"column":7}}]},"4":{"loc":{"start":{"line":72,"column":10},"end":{"line":72,"column":36}},"type":"binary-expr","locations":[{"start":{"line":72,"column":10},"end":{"line":72,"column":15}},{"start":{"line":72,"column":19},"end":{"line":72,"column":36}}]},"5":{"loc":{"start":{"line":81,"column":17},"end":{"line":81,"column":37}},"type":"binary-expr","locations":[{"start":{"line":81,"column":17},"end":{"line":81,"column":31}},{"start":{"line":81,"column":35},"end":{"line":81,"column":37}}]},"6":{"loc":{"start":{"line":94,"column":6},"end":{"line":96,"column":7}},"type":"if","locations":[{"start":{"line":94,"column":6},"end":{"line":96,"column":7}}]},"7":{"loc":{"start":{"line":106,"column":6},"end":{"line":108,"column":7}},"type":"if","locations":[{"start":{"line":106,"column":6},"end":{"line":108,"column":7}}]},"8":{"loc":{"start":{"line":112,"column":6},"end":{"line":114,"column":7}},"type":"if","locations":[{"start":{"line":112,"column":6},"end":{"line":114,"column":7}}]},"9":{"loc":{"start":{"line":120,"column":17},"end":{"line":120,"column":35}},"type":"binary-expr","locations":[{"start":{"line":120,"column":17},"end":{"line":120,"column":29}},{"start":{"line":120,"column":33},"end":{"line":120,"column":35}}]},"10":{"loc":{"start":{"line":133,"column":4},"end":{"line":142,"column":10}},"type":"default-arg","locations":[{"start":{"line":142,"column":8},"end":{"line":142,"column":10}}]},"11":{"loc":{"start":{"line":145,"column":6},"end":{"line":147,"column":7}},"type":"if","locations":[{"start":{"line":145,"column":6},"end":{"line":147,"column":7}}]},"12":{"loc":{"start":{"line":145,"column":10},"end":{"line":145,"column":45}},"type":"binary-expr","locations":[{"start":{"line":145,"column":10},"end":{"line":145,"column":16}},{"start":{"line":145,"column":20},"end":{"line":145,"column":45}}]},"13":{"loc":{"start":{"line":149,"column":27},"end":{"line":149,"column":36}},"type":"default-arg","locations":[{"start":{"line":149,"column":35},"end":{"line":149,"column":36}}]},"14":{"loc":{"start":{"line":154,"column":6},"end":{"line":156,"column":7}},"type":"if","locations":[{"start":{"line":154,"column":6},"end":{"line":156,"column":7}}]},"15":{"loc":{"start":{"line":158,"column":6},"end":{"line":160,"column":7}},"type":"if","locations":[{"start":{"line":158,"column":6},"end":{"line":160,"column":7}}]},"16":{"loc":{"start":{"line":168,"column":6},"end":{"line":170,"column":7}},"type":"if","locations":[{"start":{"line":168,"column":6},"end":{"line":170,"column":7}}]},"17":{"loc":{"start":{"line":178,"column":17},"end":{"line":178,"column":37}},"type":"binary-expr","locations":[{"start":{"line":178,"column":17},"end":{"line":178,"column":31}},{"start":{"line":178,"column":35},"end":{"line":178,"column":37}}]},"18":{"loc":{"start":{"line":192,"column":6},"end":{"line":194,"column":7}},"type":"if","locations":[{"start":{"line":192,"column":6},"end":{"line":194,"column":7}}]},"19":{"loc":{"start":{"line":200,"column":6},"end":{"line":204,"column":7}},"type":"if","locations":[{"start":{"line":200,"column":6},"end":{"line":204,"column":7}},{"start":{"line":202,"column":13},"end":{"line":204,"column":7}}]},"20":{"loc":{"start":{"line":200,"column":10},"end":{"line":200,"column":46}},"type":"binary-expr","locations":[{"start":{"line":200,"column":10},"end":{"line":200,"column":30}},{"start":{"line":200,"column":34},"end":{"line":200,"column":46}}]},"21":{"loc":{"start":{"line":202,"column":13},"end":{"line":204,"column":7}},"type":"if","locations":[{"start":{"line":202,"column":13},"end":{"line":204,"column":7}}]},"22":{"loc":{"start":{"line":206,"column":6},"end":{"line":208,"column":7}},"type":"if","locations":[{"start":{"line":206,"column":6},"end":{"line":208,"column":7}}]},"23":{"loc":{"start":{"line":210,"column":6},"end":{"line":214,"column":7}},"type":"if","locations":[{"start":{"line":210,"column":6},"end":{"line":214,"column":7}},{"start":{"line":212,"column":13},"end":{"line":214,"column":7}}]},"24":{"loc":{"start":{"line":212,"column":13},"end":{"line":214,"column":7}},"type":"if","locations":[{"start":{"line":212,"column":13},"end":{"line":214,"column":7}}]},"25":{"loc":{"start":{"line":216,"column":6},"end":{"line":218,"column":7}},"type":"if","locations":[{"start":{"line":216,"column":6},"end":{"line":218,"column":7}}]},"26":{"loc":{"start":{"line":220,"column":13},"end":{"line":220,"column":52}},"type":"binary-expr","locations":[{"start":{"line":220,"column":13},"end":{"line":220,"column":29}},{"start":{"line":220,"column":33},"end":{"line":220,"column":52}}]},"27":{"loc":{"start":{"line":235,"column":4},"end":{"line":239,"column":5}},"type":"if","locations":[{"start":{"line":235,"column":4},"end":{"line":239,"column":5}},{"start":{"line":237,"column":11},"end":{"line":239,"column":5}}]},"28":{"loc":{"start":{"line":235,"column":8},"end":{"line":235,"column":44}},"type":"binary-expr","locations":[{"start":{"line":235,"column":8},"end":{"line":235,"column":28}},{"start":{"line":235,"column":32},"end":{"line":235,"column":44}}]},"29":{"loc":{"start":{"line":237,"column":11},"end":{"line":239,"column":5}},"type":"if","locations":[{"start":{"line":237,"column":11},"end":{"line":239,"column":5}}]},"30":{"loc":{"sta
[...]
"fnMap":{"0":{"name":"removeUndefinedValues","decl":{"start":{"line":12,"column":16},"end":{"line":12,"column":37}},"loc":{"start":{"line":12,"column":47},"end":{"line":32,"column":1}}},"1":{"name":"(anonymous_1)","decl":{"start":{"line":18,"column":19},"end":{"line":18,"column":23}},"loc":{"start":{"line":18,"column":27},"end":{"line":18,"column":54}}},"2":{"name":"cleanRestaurantForFirestore","decl":{"start":{"line":38,"column":16},"end":{"line":38,"column":43}},"loc":{"start":{"line":38,"column":64},"end":{"line":77,"column":1}}}},"branchMap":{"0":{"loc":{"start":{"line":13,"column":2},"end":{"line":15,"column":3}},"type":"if","locations":[{"start":{"line":13,"column":2},"end":{"line":15,"column":3}}]},"1":{"loc":{"start":{"line":13,"column":6},"end":{"line":13,"column":39}},"type":"binary-expr","locations":[{"start":{"line":13,"column":6},"end":{"line":13,"column":18}},{"start":{"line":13,"column":22},"end":{"line":13,"column":39}}]},"2":{"loc":{"start":{"line":17,"column":2},"end":{"line":19,"column":3}},"type":"if","locations":[{"start":{"line":17,"column":2},"end":{"line":19,"column":3}}]},"3":{"loc":{"start":{"line":21,"column":2},"end":{"line":29,"column":3}},"type":"if","locations":[{"start":{"line":21,"column":2},"end":{"line":29,"column":3}}]},"4":{"loc":{"start":{"line":24,"column":6},"end":{"line":26,"column":7}},"type":"if","locations":[{"start":{"line":24,"column":6},"end":{"line":26,"column":7}}]},"5":{"loc":{"start":{"line":41,"column":10},"end":{"line":41,"column":41}},"type":"binary-expr","locations":[{"start":{"line":41,"column":10},"end":{"line":41,"column":25}},{"start":{"line":41,"column":29},"end":{"line":41,"column":41}}]},"6":{"loc":{"start":{"line":43,"column":14},"end":{"line":43,"column":39}},"type":"binary-expr","locations":[{"start":{"line":43,"column":14},"end":{"line":43,"column":33}},{"start":{"line":43,"column":37},"end":{"line":43,"column":39}}]},"7":{"loc":{"start":{"line":46,"column":12},"end":{"line":46,"column":34}},"type":"binary-expr","locations":[{"start":{"line":46,"column":12},"end":{"line":46,"column":29}},{"start":{"line":46,"column":33},"end":{"line":46,"column":34}}]},"8":{"loc":{"start":{"line":47,"column":11},"end":{"line":47,"column":33}},"type":"binary-expr","locations":[{"start":{"line":47,"column":11},"end":{"line":47,"column":27}},{"start":{"line":47,"column":31},"end":{"line":47,"column":33}}]},"9":{"loc":{"start":{"line":48,"column":13},"end":{"line":48,"column":37}},"type":"binary-expr","locations":[{"start":{"line":48,"column":13},"end":{"line":48,"column":31}},{"start":{"line":48,"column":35},"end":{"line":48,"column":37}}]},"10":{"loc":{"start":{"line":49,"column":14},"end":{"line":49,"column":38}},"type":"binary-expr","locations":[{"start":{"line":49,"column":14},"end":{"line":49,"column":33}},{"start":{"line":49,"column":37},"end":{"line":49,"column":38}}]},"11":{"loc":{"start":{"line":50,"column":18},"end":{"line":50,"column":46}},"type":"binary-expr","locations":[{"start":{"line":50,"column":18},"end":{"line":50,"column":41}},{"start":{"line":50,"column":45},"end":{"line":50,"column":46}}]},"12":{"loc":{"start":{"line":51,"column":10},"end":{"line":51,"column":31}},"type":"binary-expr","locations":[{"start":{"line":51,"column":10},"end":{"line":51,"column":25}},{"start":{"line":51,"column":29},"end":{"line":51,"column":31}}]},"13":{"loc":{"start":{"line":52,"column":12},"end":{"line":52,"column":37}},"type":"binary-expr","locations":[{"start":{"line":52,"column":12},"end":{"line":52,"column":29}},{"start":{"line":52,"column":33},"end":{"line":52,"column":37}}]},"14":{"loc":{"start":{"line":56,"column":2},"end":{"line":58,"column":3}},"type":"if","locations":[{"start":{"line":56,"column":2},"end":{"line":58,"column":3}}]},"15":{"loc":{"start":{"line":60,"column":2},"end":{"line":62,"column":3}},"type":"if","locations":[{"start":{"line":60,"column":2},"end":{"line":62,"column":3}}]},"16":{"loc":{"start":{"line":64,"column":2},"end":{"line":66,"column":3}},"type":"if","locations":[{"start":{"line":64,"column":2},"end":{"line":66,"column":3}}]},"17":{"loc":{"start":{"line":68,"column":2},"end":{"line":70,"column":3}},"type":"if","locations":[{"start":{"line":68,"column":2},"end":{"line":70,"column":3}}]},"18":{"loc":{"start":{"line":68,"column":6},"end":{"line":68,"column":87}},"type":"binary-expr","locations":[{"start":{"line":68,"column":6},"end":{"line":68,"column":47}},{"start":{"line":68,"column":51},"end":{"line":68,"column":87}}]},"19":{"loc":{"start":{"line":72,"column":2},"end":{"line":74,"column":3}},"type":"if","locations":[{"start":{"line":72,"column":2},"end":{"line":74,"column":3}}]}},"s":{"0":0,"1":0,"2":0,"3":0,"4":0,"5":0,"6":0,"7":0,"8":0,"9":0,"10":0,"11":0,"12":0,"13":0,"14":0,"15":0,"16":0,"17":0,"18":0,"19":0,"20":0,"21":0,"22":0,"23":0,"24":0,"25":0},"f":{"0":0,"1":0,"2":0},"b":{"0":[0],"1":[0,0],"2":[0],"3":[0],"4":[0],"5":[0,0],"6":[0,0],"7":[0,0],"8":[0,0],"9":[0,0],"10":[0,0],"11":[0,0],"12":[0,0],"13":[0,0],"14":[0],"15":[0],"16":[0],"17":[0],"18":[0,0],"19":[0]}}
,"/Users/ryanmota/SwipeDish/src/utils/inputValidation.ts": {"path":"/Users/ryanmota/SwipeDish/src/utils/inputValidation.ts","statementMap":{"0":{"start":{"line":6,"column":4},"end":{"line":6,"column":77}},"1":{"start":{"line":13,"column":4},"end":{"line":13,"column":79}},"2":{"start":{"line":20,"column":4},"end":{"line":20,"column":89}},"3":{"start":{"line":27,"column":4},"end":{"line":27,"column":92}},"4":{"start":{"line":34,"column":4},"end":{"line":34,"column":70}},"5":{"start":{"line":34,"column":57},"end":{"line":34,"column":70}},"6":{"start":{"line":35,"column":19},"end":{"line":35,"column":35}},"7":{"start":{"line":36,"column":4},"end":{"line":36,"column":70}},"8":{"start":{"line":36,"column":29},"end":{"line":36,"column":68}},"9":{"start":{"line":43,"column":4},"end":{"line":43,"column":47}},"10":{"start":{"line":43,"column":34},"end":{"line":43,"column":47}},"11":{"start":{"line":44,"column":4},"end":{"line":44,"column":61}},"12":{"start":{"line":44,"column":48},"end":{"line":44,"column":61}},"13":{"start":{"line":47,"column":24},"end":{"line":54,"column":6}},"14":{"start":{"line":56,"column":4},"end":{"line":56,"column":60}},"15":{"start":{"line":56,"column":40},"end":{"line":56,"column":58}},"16":{"start":{"line":63,"column":4},"end":{"line":63,"column":58}},"17":{"start":{"line":70,"column":4},"end":{"line":70,"column":68}},"18":{"start":{"line":70,"column":55},"end":{"line":70,"column":68}},"19":{"start":{"line":71,"column":4},"end":{"line":71,"column":39}},"20":{"start":{"line":71,"column":26},"end":{"line":71,"column":39}},"21":{"start":{"line":74,"column":4},"end":{"line":74,"column":51}},"22":{"start":{"line":81,"column":4},"end":{"line":81,"column":48}},"23":{"start":{"line":81,"column":35},"end":{"line":81,"column":48}},"24":{"start":{"line":82,"column":23},"end":{"line":82,"column":51}},"25":{"start":{"line":83,"column":4},"end":{"line":83,"column":57}},"26":{"start":{"line":90,"column":4},"end":{"line":90,"column":83}},"27":{"start":{"line":97,"column":4},"end":{"line":97,"column":45}},"28":{"start":{"line":97,"column":35},"end":{"line":97,"column":45}},"29":{"start":{"line":99,"column":4},"end":{"line":105,"column":14}},"30":{"start":{"line":112,"column":4},"end":{"line":114,"column":5}},"31":{"start":{"line":113,"column":6},"end":{"line":113,"column":18}},"32":{"start":{"line":116,"column":4},"end":{"line":119,"column":6}},"33":{"start":{"line":126,"column":29},"end":{"line":126,"column":81}},"34":{"start":{"line":127,"column":4},"end":{"line":127,"column":45}},"35":{"start":{"line":1,"column":0},"end":{"line":1,"column":13}},"36":{"start":{"line":138,"column":4},"end":{"line":138,"column":19}},"37":{"start":{"line":139,"column":4},"end":{"line":139,"column":34}},"38":{"start":{"line":136,"column":0},"end":{"line":136,"column":13}}},"fnMap":{"0":{"name":"(anonymous_0)","decl":{"start":{"line":5,"column":2},"end":{"line":5,"column":8}},"loc":{"start":{"line":5,"column":37},"end":{"line":7,"column":3}}},"1":{"name":"(anonymous_1)","decl":{"start":{"line":12,"column":2},"end":{"line":12,"column":8}},"loc":{"start":{"line":12,"column":38},"end":{"line":14,"column":3}}},"2":{"name":"(anonymous_2)","decl":{"start":{"line":19,"column":2},"end":{"line":19,"column":8}},"loc":{"start":{"line":19,"column":38},"end":{"line":21,"column":3}}},"3":{"name":"(anonymous_3)","decl":{"start":{"line":26,"column":2},"end":{"line":26,"column":8}},"loc":{"start":{"line":26,"column":36},"end":{"line":28,"column":3}}},"4":{"name":"(anonymous_4)","decl":{"start":{"line":33,"column":2},"end":{"line":33,"column":8}},"loc":{"start":{"line":33,"column":41},"end":{"line":37,"column":3}}},"5":{"name":"(anonymous_5)","decl":{"start":{"line":36,"column":24},"end":{"line":36,"column":25}},"loc":{"start":{"line":36,"column":29},"end":{"line":36,"column":68}}},"6":{"name":"(anonymous_6)","decl":{"start":{"line":42,"column":2},"end":{"line":42,"column":8}},"loc":{"start":{"line":42,"column":40},"end":{"line":57,"column":3}}},"7":{"name":"(anonymous_7)","decl":{"start":{"line":56,"column":29},"end":{"line":56,"column":36}},"loc":{"start":{"line":56,"column":40},"end":{"line":56,"column":58}}},"8":{"name":"(anonymous_8)","decl":{"start":{"line":62,"column":2},"end":{"line":62,"column":8}},"loc":{"start":{"line":62,"column":36},"end":{"line":64,"column":3}}},"9":{"name":"(anonymous_9)","decl":{"start":{"line":69,"column":2},"end":{"line":69,"column":8}},"loc":{"start":{"line":69,"column":41},"end":{"line":75,"column":3}}},"10":{"name":"(anonymous_10)","decl":{"start":{"line":80,"column":2},"end":{"line":80,"column":8}},"loc":{"start":{"line":80,"column":36},"end":{"line":84,"column":3}}},"11":{"name":"(anonymous_11)","decl":{"start":{"line":89,"column":2},"end":{"line":89,"column":8}},"loc":{"start":{"line":89,"column":38},"end":{"line":91,"column":3}}},"12":{"name":"(anonymous_12)","decl":{"start":{"line":96,"column":2},"end":{"line":96,"column":8}},"loc":{"start":{"line":96,"column":37},"end":{"line":106,"column":3}}},"13":{"name":"(anonymous_13)","decl":{"start":{"line":111,"column":2},"end":{"line":111,"column":8}},"loc":{"start":{"line":111,"column":53},"end":{"line":120,"column":3}}},"14":{"name":"(anonymous_14)","decl":{"start":{"line":125,"column":2},"end":{"line":125,"column":8}},"loc":{"start":{"line":125,"column":38},"end":{"line":128,"column":3}}},"15":{"name":"(anonymous_15)","decl":{"start":{"line":137,"column":2},"end":{"line":137,"column":14}},"loc":{"start":{"line":137,"column":29},"end":{"line":140,"column":3}}}},"branchMap":{"0":{"loc":{"start":{"line":6,"column":11},"end":{"line":6,"column":76}},"type":"binary-expr","locations":[{"start":{"line":6,"column":11},"end":{"line":6,"column":34}},{"start":{"line":6,"column":38},"end":{"line":6,"column":48}},{"start":{"line":6,"column":52},"end":{"line":6,"column":61}},{"start":{"line":6,"column":65},"end":{"line":6,"column":76}}]},"1":{"loc":{"start":{"line":13,"column":11},"end":{"line":13,"column":78}},"type":"binary-expr","locations":[{"start":{"line":13,"column":11},"end":{"line":13,"column":34}},{"start":{"line":13,"column":38},"end":{"line":13,"column":49}},{"start":{"line":13,"column":53},"end":{"line":13,"column":63}},{"start":{"line":13,"column":67},"end":{"line":13,"column":78}}]},"2":{"loc":{"start":{"line":20,"column":11},"end":{"line":20,"column":88}},"type":"binary-expr","locations":[{"start":{"line":20,"column":11},"end":{"line":20,"column":37}},{"start":{"line":20,"column":41},"end":{"line":20,"column":51}},{"start":{"line":20,"column":55},"end":{"line":20,"column":70}},{"start":{"line":20,"column":74},"end":{"line":20,"column":88}}]},"3":{"loc":{"start":{"line":27,"column":11},"end":{"line":27,"column":91}},"type":"binary-expr","locations":[{"start":{"line":27,"column":11},"end":{"line":27,"column":36}},{"start":{"line":27,"column":40},"end":{"line":27,"column":49}},{"start":{"line":27,"column":53},"end":{"line":27,"column":64}},{"start":{"line":27,"column":68},"end":{"line":27,"column":91}}]},"4":{"loc":{"start":{"line":34,"column":4},"end":{"line":34,"column":70}},"type":"if","locations":[{"start":{"line":34,"column":4},"end":{"line":34,"column":70}}]},"5":{"loc":{"start":{"line":34,"column":8},"end":{"line":34,"column":55}},"type":"binary-expr","locations":[{"start":{"line":34,"column":8},"end":{"line":34,"column":33}},{"start":{"line":34,"column":37},"end":{"line":34,"column":55}}]},"6":{"loc":{"start":{"line":43,"column":4},"end":{"line":43,"column":47}},"type":"if","locations":[{"start":{"line":43,"column":4},"end":{"line":43,"column":47}}]},"7":{"loc":{"start":{"line":44,"column":4},"end":{"line":44,"column":61}},"type":"if","locations":[{"start":{"line":44,"column":4},"end":{"line":44,"column":61}}]},"8":{"loc":{"start":{"line":44,"column":8},"end":{"line":44,"column":46}},"type":"binary-expr","locations":[{"start":{"line":44,"column":8},"end":{"line":44,"column":25}},{"start":{"line":44,"column":29},"end":{"line":44,"column":46}}]},"9":{"loc":{"start":{"line":63,"column":11},"end":{"line":63,"column":57}},"type":"binary-expr","locations":[{"start":{"line":63,"column":11},"end":{"line":63,"column":34}},{"start":{"line":63,"column":38},"end":{"line":63,"column":57}}]},"10":{"loc":{"start":{"line":70,"column":4},"end":{"line":70,"column":68}},"type":"if","locations":[{"start":{"line":70,"column":4},"end":{"line":70,"column":68}}]},"11":{"loc":{"start":{"line":70,"column":8},"end":{"line":70,"column":53}},"type":"binary-expr","locations":[{"start":{"line":70,"column":8},"end":{"line":70,"column":32}},{"start":{"line":70,"column":36},"end":{"line":70,"column":53}}]},"12":{"loc":{"start":{"line":71,"column":4},"end":{"line":71,"column":39}},"type":"if","locations":[{"start":{"line":71,"column":4},"end":{"line":71,"column":39}}]},"13":{"loc":{"start":{"line":81,"column":4},"end":{"line":81,"column":48}},"type":"if","locations":[{"start":{"line":81,"column":4},"end":{"line":81,"column":48}}]},"14":{"loc":{"start":{"line":83,"column":11},"end":{"line":83,"column":56}},"type":"binary-expr","locations":[{"start":{"line":83,"column":11},"end":{"line":83,"column":33}},{"start":{"line":83,"column":37},"end":{"line":83,"column":56}}]},"15":{"loc":{"start":{"line":90,"column":11},"end":{"line":90,"column":82}},"type":"binary-expr","locations":[{"start":{"line":90,"column":11},"end":{"line":90,"column":37}},{"start":{"line":90,"column":41},"end":{"line":90,"column":58}},{"start":{"line":90,"column":62},"end":{"line":90,"column":82}}]},"16":{"loc":{"start":{"line":97,"column":4},"end":{"line":97,"column":45}},"type":"if","locations":[{"start":{"line":97,"column":4},"end":{"line":97,"column":45}}]},"17":{"loc":{"start":{"line":112,"column":4},"end":{"line":114,"column":5}},"type":"if","locations":[{"start":{"line":112,"column":4},"end":{"line":114,"column":5}}]},"18":{"loc":{"start":{"line":112,"column":8},"end":{"line":112,"column":67}},"type":"binary-expr","locations":[{"start":{"line":112,"column":8},"end":{"line":112,"column":35}},{"start":{"line":112,"column":39},"end":{"line":112,"column":67}}]}},"s":{"0":0,"1":0,"2":0,"3":0,"4":0,"5":0,"6":0,"7":0,"8":0,"9":0,"10":0,"11":0,"12":0,"13":0,"14":0,"15":0,"16":0,"17":0,"18":0,"19":0,"20":0,"21":0,"22":0,"23":0,"24":0,"25":0,"26":0,"27":0,"28":0,"29":0,"30":0,"31":0,"32":0,"33":0,"34":0,"35":0,"36":0,"37":0,"38":0},"f":{"0":0,"1":0,"2":0,"3":0,"4":0,"5":0,"6":0,"7":0,"8":0,"9":0,"10":0,"11":0,"12":0,"13":0,"14":0,"15":0},"b":{"0":[0,0,0,0],"1":[0,0,0,0],"2":[0,0,0,0],"3":[0,0,0,0],"4":[0],"5":[0,0],"6":[0],"7":[0],"8":[0,0],"9":[0,0],"10":[0],"11":[0,0],"12":[0],"13":[0],"14":[0,0],"15":[0,0,0],"16":[0],"17":[0],"18":[0,0]}}
,"/Users/ryanmota/SwipeDish/src/utils/restaurantUtils.ts": {"path":"/Users/ryanmota/SwipeDish/src/utils/restaurantUtils.ts","statementMap":{"0":{"start":{"line":7,"column":35},"end":{"line":26,"column":1}},"1":{"start":{"line":8,"column":2},"end":{"line":25,"column":4}},"2":{"start":{"line":7,"column":13},"end":{"line":7,"column":35}}},"fnMap":{"0":{"name":"(anonymous_0)","decl":{"start":{"line":7,"column":35},"end":{"line":7,"column":36}},"loc":{"start":{"line":7,"column":70},"end":{"line":26,"column":1}}}},"branchMap":{"0":{"loc":{"start":{"line":10,"column":10},"end":{"line":10,"column":41}},"type":"binary-expr","locations":[{"start":{"line":10,"column":10},"end":{"line":10,"column":25}},{"start":{"line":10,"column":29},"end":{"line":10,"column":41}}]},"1":{"loc":{"start":{"line":12,"column":14},"end":{"line":12,"column":39}},"type":"binary-expr","locations":[{"start":{"line":12,"column":14},"end":{"line":12,"column":33}},{"start":{"line":12,"column":37},"end":{"line":12,"column":39}}]},"2":{"loc":{"start":{"line":15,"column":12},"end":{"line":15,"column":34}},"type":"binary-expr","locations":[{"start":{"line":15,"column":12},"end":{"line":15,"column":29}},{"start":{"line":15,"column":33},"end":{"line":15,"column":34}}]},"3":{"loc":{"start":{"line":16,"column":11},"end":{"line":16,"column":33}},"type":"binary-expr","locations":[{"start":{"line":16,"column":11},"end":{"line":16,"column":27}},{"start":{"line":16,"column":31},"end":{"line":16,"column":33}}]},"4":{"loc":{"start":{"line":17,"column":13},"end":{"line":17,"column":37}},"type":"binary-expr","locations":[{"start":{"line":17,"column":13},"end":{"line":17,"column":31}},{"start":{"line":17,"column":35},"end":{"line":17,"column":37}}]},"5":{"loc":{"start":{"line":18,"column":14},"end":{"line":18,"column":38}},"type":"binary-expr","locations":[{"start":{"line":18,"column":14},"end":{"line":18,"column":33}},{"start":{"line":18,"column":37},"end":{"line":18,"column":38}}]},"6":{"loc":{"start":{"line":19,"column":18},"end":{"line":19,"column":46}},"type":"binary-expr","locations":[{"start":{"line":19,"column":18},"end":{"line":19,"column":41}},{"start":{"line":19,"column":45},"end":{"line":19,"column":46}}]},"7":{"loc":{"start":{"line":20,"column":10},"end":{"line":20,"column":31}},"type":"binary-expr","locations":[{"start":{"line":20,"column":10},"end":{"line":20,"column":25}},{"start":{"line":20,"column":29},"end":{"line":20,"column":31}}]},"8":{"loc":{"start":{"line":21,"column":14},"end":{"line":21,"column":46}},"type":"binary-expr","locations":[{"start":{"line":21,"column":14},"end":{"line":21,"column":33}},{"start":{"line":21,"column":37},"end":{"line":21,"column":46}}]},"9":{"loc":{"start":{"line":22,"column":19},"end":{"line":22,"column":49}},"type":"binary-expr","locations":[{"start":{"line":22,"column":19},"end":{"line":22,"column":43}},{"start":{"line":22,"column":47},"end":{"line":22,"column":49}}]},"10":{"loc":{"start":{"line":23,"column":14},"end":{"line":23,"column":39}},"type":"binary-expr","locations":[{"start":{"line":23,"column":14},"end":{"line":23,"column":33}},{"start":{"line":23,"column":37},"end":{"line":23,"column":39}}]}},"s":{"0":0,"1":0,"2":0},"f":{"0":0},"b":{"0":[0,0],"1":[0,0],"2":[0,0],"3":[0,0],"4":[0,0],"5":[0,0],"6":[0,0],"7":[0,0],"8":[0,0],"9":[0,0],"10":[0,0]}}
,"/Users/ryanmota/SwipeDish/src/utils/testGoogleSignIn.ts": {"path":"/Users/ryanmota/SwipeDish/src/utils/testGoogleSignIn.ts","statementMap":{"0":{"start":{"line":1,"column":0},"end":{"line":1,"column":98}},"1":{"start":{"line":3,"column":44},"end":{"line":13,"column":1}},"2":{"start":{"line":4,"column":2},"end":{"line":12,"column":3}},"3":{"start":{"line":5,"column":19},"end":{"line":5,"column":49}},"4":{"start":{"line":6,"column":24},"end":{"line":6,"column":49}},"5":{"start":{"line":8,"column":4},"end":{"line":8,"column":45}},"6":{"start":{"line":10,"column":4},"end":{"line":10,"column":58}},"7":{"start":{"line":11,"column":4},"end":{"line":11,"column":49}},"8":{"start":{"line":3,"column":13},"end":{"line":3,"column":44}}},"fnMap":{"0":{"name":"(anonymous_0)","decl":{"start":{"line":3,"column":44},"end":{"line":3,"column":49}},"loc":{"start":{"line":3,"column":55},"end":{"line":13,"column":1}}}},"branchMap":{},"s":{"0":0,"1":0,"2":0,"3":0,"4":0,"5":0,"6":0,"7":0,"8":0},"f":{"0":0},"b":{}}
}
