{"/Users/ryanmota/SwipeDish/src/components/DirectionsChoiceModal.tsx": {"path":"/Users/ryanmota/SwipeDish/src/components/DirectionsChoiceModal.tsx","statementMap":{"0":{"start":{"line":29,"column":75},"end":{"line":132,"column":1}},"1":{"start":{"line":35,"column":27},"end":{"line":42,"column":3}},"2":{"start":{"line":36,"column":4},"end":{"line":41,"column":5}},"3":{"start":{"line":37,"column":6},"end":{"line":37,"column":66}},"4":{"start":{"line":38,"column":6},"end":{"line":38,"column":16}},"5":{"start":{"line":40,"column":6},"end":{"line":40,"column":57}},"6":{"start":{"line":44,"column":26},"end":{"line":51,"column":3}},"7":{"start":{"line":45,"column":4},"end":{"line":50,"column":5}},"8":{"start":{"line":46,"column":6},"end":{"line":46,"column":65}},"9":{"start":{"line":47,"column":6},"end":{"line":47,"column":16}},"10":{"start":{"line":49,"column":6},"end":{"line":49,"column":56}},"11":{"start":{"line":53,"column":28},"end":{"line":60,"column":3}},"12":{"start":{"line":54,"column":4},"end":{"line":59,"column":5}},"13":{"start":{"line":55,"column":6},"end":{"line":55,"column":56}},"14":{"start":{"line":56,"column":6},"end":{"line":56,"column":16}},"15":{"start":{"line":58,"column":6},"end":{"line":58,"column":56}},"16":{"start":{"line":62,"column":2},"end":{"line":131,"column":4}},"17":{"start":{"line":134,"column":15},"end":{"line":214,"column":2}}},"fnMap":{"0":{"name":"(anonymous_0)","decl":{"start":{"line":29,"column":75},"end":{"line":29,"column":76}},"loc":{"start":{"line":34,"column":6},"end":{"line":132,"column":1}},"line":34},"1":{"name":"(anonymous_1)","decl":{"start":{"line":35,"column":27},"end":{"line":35,"column":28}},"loc":{"start":{"line":35,"column":39},"end":{"line":42,"column":3}},"line":35},"2":{"name":"(anonymous_2)","decl":{"start":{"line":44,"column":26},"end":{"line":44,"column":27}},"loc":{"start":{"line":44,"column":38},"end":{"line":51,"column":3}},"line":44},"3":{"name":"(anonymous_3)","decl":{"start":{"line":53,"column":28},"end":{"line":53,"column":29}},"loc":{"start":{"line":53,"column":40},"end":{"line":60,"column":3}},"line":53}},"branchMap":{"0":{"loc":{"start":{"line":84,"column":31},"end":{"line":84,"column":57}},"type":"binary-expr","locations":[{"start":{"line":84,"column":31},"end":{"line":84,"column":36}},{"start":{"line":84,"column":40},"end":{"line":84,"column":57}}],"line":84},"1":{"loc":{"start":{"line":87,"column":11},"end":{"line":89,"column":11}},"type":"binary-expr","locations":[{"start":{"line":87,"column":11},"end":{"line":87,"column":27}},{"start":{"line":88,"column":12},"end":{"line":88,"column":66}}],"line":87},"2":{"loc":{"start":{"line":104,"column":11},"end":{"line":115,"column":11}},"type":"binary-expr","locations":[{"start":{"line":104,"column":11},"end":{"line":104,"column":32}},{"start":{"line":105,"column":12},"end":{"line":114,"column":31}}],"line":104}},"s":{"0":0,"1":0,"2":0,"3":0,"4":0,"5":0,"6":0,"7":0,"8":0,"9":0,"10":0,"11":0,"12":0,"13":0,"14":0,"15":0,"16":0,"17":0},"f":{"0":0,"1":0,"2":0,"3":0},"b":{"0":[0,0],"1":[0,0],"2":[0,0]}}
,"/Users/ryanmota/SwipeDish/src/components/EmbeddedMap.tsx": {"path":"/Users/ryanmota/SwipeDish/src/components/EmbeddedMap.tsx","statementMap":{"0":{"start":{"line":15,"column":55},"end":{"line":15,"column":79}},"1":{"start":{"line":31,"column":55},"end":{"line":150,"column":1}},"2":{"start":{"line":39,"column":26},"end":{"line":45,"column":59}},"3":{"start":{"line":47,"column":26},"end":{"line":51,"column":3}},"4":{"start":{"line":52,"column":23},"end":{"line":52,"column":67}},"5":{"start":{"line":54,"column":30},"end":{"line":59,"column":4}},"6":{"start":{"line":61,"column":2},"end":{"line":68,"column":21}},"7":{"start":{"line":62,"column":4},"end":{"line":67,"column":7}},"8":{"start":{"line":70,"column":27},"end":{"line":76,"column":3}},"9":{"start":{"line":71,"column":4},"end":{"line":75,"column":5}},"10":{"start":{"line":72,"column":6},"end":{"line":72,"column":56}},"11":{"start":{"line":74,"column":6},"end":{"line":74,"column":56}},"12":{"start":{"line":78,"column":27},"end":{"line":84,"column":3}},"13":{"start":{"line":79,"column":4},"end":{"line":83,"column":5}},"14":{"start":{"line":80,"column":6},"end":{"line":80,"column":52}},"15":{"start":{"line":82,"column":6},"end":{"line":82,"column":53}},"16":{"start":{"line":86,"column":2},"end":{"line":149,"column":4}},"17":{"start":{"line":152,"column":15},"end":{"line":226,"column":2}}},"fnMap":{"0":{"name":"(anonymous_0)","decl":{"start":{"line":31,"column":55},"end":{"line":31,"column":56}},"loc":{"start":{"line":37,"column":6},"end":{"line":150,"column":1}},"line":37},"1":{"name":"(anonymous_1)","decl":{"start":{"line":61,"column":12},"end":{"line":61,"column":13}},"loc":{"start":{"line":61,"column":18},"end":{"line":68,"column":3}},"line":61},"2":{"name":"(anonymous_2)","decl":{"start":{"line":70,"column":27},"end":{"line":70,"column":28}},"loc":{"start":{"line":70,"column":39},"end":{"line":76,"column":3}},"line":70},"3":{"name":"(anonymous_3)","decl":{"start":{"line":78,"column":27},"end":{"line":78,"column":28}},"loc":{"start":{"line":78,"column":39},"end":{"line":84,"column":3}},"line":78}},"branchMap":{"0":{"loc":{"start":{"line":35,"column":2},"end":{"line":35,"column":23}},"type":"default-arg","locations":[{"start":{"line":35,"column":19},"end":{"line":35,"column":23}}],"line":35},"1":{"loc":{"start":{"line":36,"column":2},"end":{"line":36,"column":14}},"type":"default-arg","locations":[{"start":{"line":36,"column":11},"end":{"line":36,"column":14}}],"line":36},"2":{"loc":{"start":{"line":39,"column":26},"end":{"line":45,"column":59}},"type":"binary-expr","locations":[{"start":{"line":39,"column":26},"end":{"line":39,"column":34}},{"start":{"line":40,"column":4},"end":{"line":40,"column":41}},{"start":{"line":41,"column":4},"end":{"line":41,"column":42}},{"start":{"line":42,"column":4},"end":{"line":42,"column":29}},{"start":{"line":43,"column":4},"end":{"line":43,"column":30}},{"start":{"line":44,"column":4},"end":{"line":44,"column":28}},{"start":{"line":44,"column":32},"end":{"line":44,"column":55}},{"start":{"line":45,"column":4},"end":{"line":45,"column":30}},{"start":{"line":45,"column":34},"end":{"line":45,"column":59}}],"line":39},"3":{"loc":{"start":{"line":52,"column":23},"end":{"line":52,"column":67}},"type":"cond-expr","locations":[{"start":{"line":52,"column":41},"end":{"line":52,"column":49}},{"start":{"line":52,"column":52},"end":{"line":52,"column":67}}],"line":52},"4":{"loc":{"start":{"line":93,"column":13},"end":{"line":93,"column":43}},"type":"binary-expr","locations":[{"start":{"line":93,"column":13},"end":{"line":93,"column":18}},{"start":{"line":93,"column":22},"end":{"line":93,"column":43}}],"line":93},"5":{"loc":{"start":{"line":98,"column":11},"end":{"line":103,"column":11}},"type":"binary-expr","locations":[{"start":{"line":98,"column":11},"end":{"line":98,"column":25}},{"start":{"line":99,"column":12},"end":{"line":102,"column":31}}],"line":98},"6":{"loc":{"start":{"line":110,"column":11},"end":{"line":114,"column":11}},"type":"binary-expr","locations":[{"start":{"line":110,"column":11},"end":{"line":110,"column":18}},{"start":{"line":111,"column":12},"end":{"line":113,"column":31}}],"line":110},"7":{"loc":{"start":{"line":134,"column":19},"end":{"line":134,"column":40}},"type":"binary-expr","locations":[{"start":{"line":134,"column":19},"end":{"line":134,"column":24}},{"start":{"line":134,"column":28},"end":{"line":134,"column":40}}],"line":134},"8":{"loc":{"start":{"line":141,"column":7},"end":{"line":147,"column":7}},"type":"binary-expr","locations":[{"start":{"line":141,"column":7},"end":{"line":141,"column":27}},{"start":{"line":142,"column":8},"end":{"line":146,"column":15}}],"line":141}},"s":{"0":0,"1":0,"2":0,"3":0,"4":0,"5":0,"6":0,"7":0,"8":0,"9":0,"10":0,"11":0,"12":0,"13":0,"14":0,"15":0,"16":0,"17":0},"f":{"0":0,"1":0,"2":0,"3":0},"b":{"0":[0],"1":[0],"2":[0,0,0,0,0,0,0,0,0],"3":[0,0],"4":[0,0],"5":[0,0],"6":[0,0],"7":[0,0],"8":[0,0]}}
,"/Users/ryanmota/SwipeDish/src/components/EmptyState.tsx": {"path":"/Users/ryanmota/SwipeDish/src/components/EmptyState.tsx","statementMap":{"0":{"start":{"line":21,"column":53},"end":{"line":76,"column":1}},"1":{"start":{"line":29,"column":19},"end":{"line":29,"column":62}},"2":{"start":{"line":30,"column":20},"end":{"line":30,"column":65}},"3":{"start":{"line":32,"column":2},"end":{"line":46,"column":28}},"4":{"start":{"line":33,"column":4},"end":{"line":45,"column":15}},"5":{"start":{"line":48,"column":2},"end":{"line":75,"column":4}},"6":{"start":{"line":78,"column":15},"end":{"line":118,"column":2}}},"fnMap":{"0":{"name":"(anonymous_0)","decl":{"start":{"line":21,"column":53},"end":{"line":21,"column":54}},"loc":{"start":{"line":28,"column":6},"end":{"line":76,"column":1}},"line":28},"1":{"name":"(anonymous_1)","decl":{"start":{"line":32,"column":18},"end":{"line":32,"column":19}},"loc":{"start":{"line":32,"column":24},"end":{"line":46,"column":3}},"line":32}},"branchMap":{"0":{"loc":{"start":{"line":22,"column":2},"end":{"line":22,"column":29}},"type":"default-arg","locations":[{"start":{"line":22,"column":9},"end":{"line":22,"column":29}}],"line":22},"1":{"loc":{"start":{"line":25,"column":2},"end":{"line":25,"column":26}},"type":"default-arg","locations":[{"start":{"line":25,"column":15},"end":{"line":25,"column":26}}],"line":25},"2":{"loc":{"start":{"line":27,"column":2},"end":{"line":27,"column":19}},"type":"default-arg","locations":[{"start":{"line":27,"column":15},"end":{"line":27,"column":19}}],"line":27},"3":{"loc":{"start":{"line":64,"column":7},"end":{"line":66,"column":7}},"type":"binary-expr","locations":[{"start":{"line":64,"column":7},"end":{"line":64,"column":15}},{"start":{"line":65,"column":8},"end":{"line":65,"column":55}}],"line":64},"4":{"loc":{"start":{"line":68,"column":7},"end":{"line":73,"column":7}},"type":"binary-expr","locations":[{"start":{"line":68,"column":7},"end":{"line":68,"column":17}},{"start":{"line":68,"column":21},"end":{"line":68,"column":29}},{"start":{"line":69,"column":8},"end":{"line":72,"column":27}}],"line":68}},"s":{"0":0,"1":0,"2":0,"3":0,"4":0,"5":0,"6":0},"f":{"0":0,"1":0},"b":{"0":[0],"1":[0],"2":[0],"3":[0,0],"4":[0,0,0]}}
,"/Users/ryanmota/SwipeDish/src/components/ErrorBoundary.tsx": {"path":"/Users/ryanmota/SwipeDish/src/components/ErrorBoundary.tsx","statementMap":{"0":{"start":{"line":20,"column":4},"end":{"line":20,"column":17}},"1":{"start":{"line":21,"column":4},"end":{"line":21,"column":37}},"2":{"start":{"line":25,"column":4},"end":{"line":25,"column":37}},"3":{"start":{"line":30,"column":4},"end":{"line":35,"column":7}},"4":{"start":{"line":38,"column":4},"end":{"line":42,"column":7}},"5":{"start":{"line":45,"column":4},"end":{"line":45,"column":70}},"6":{"start":{"line":47,"column":4},"end":{"line":51,"column":5}},"7":{"start":{"line":48,"column":6},"end":{"line":48,"column":45}},"8":{"start":{"line":49,"column":6},"end":{"line":49,"column":49}},"9":{"start":{"line":50,"column":6},"end":{"line":50,"column":66}},"10":{"start":{"line":53,"column":4},"end":{"line":56,"column":7}},"11":{"start":{"line":59,"column":16},"end":{"line":62,"column":3}},"12":{"start":{"line":60,"column":4},"end":{"line":60,"column":68}},"13":{"start":{"line":61,"column":4},"end":{"line":61,"column":79}},"14":{"start":{"line":65,"column":4},"end":{"line":96,"column":5}},"15":{"start":{"line":66,"column":6},"end":{"line":68,"column":7}},"16":{"start":{"line":67,"column":8},"end":{"line":67,"column":35}},"17":{"start":{"line":70,"column":6},"end":{"line":95,"column":8}},"18":{"start":{"line":98,"column":4},"end":{"line":98,"column":31}},"19":{"start":{"line":102,"column":15},"end":{"line":158,"column":2}}},"fnMap":{"0":{"name":"(anonymous_0)","decl":{"start":{"line":19,"column":2},"end":{"line":19,"column":3}},"loc":{"start":{"line":19,"column":28},"end":{"line":22,"column":3}},"line":19},"1":{"name":"(anonymous_1)","decl":{"start":{"line":24,"column":2},"end":{"line":24,"column":3}},"loc":{"start":{"line":24,"column":55},"end":{"line":26,"column":3}},"line":24},"2":{"name":"(anonymous_2)","decl":{"start":{"line":28,"column":2},"end":{"line":28,"column":3}},"loc":{"start":{"line":28,"column":65},"end":{"line":57,"column":3}},"line":28},"3":{"name":"(anonymous_3)","decl":{"start":{"line":59,"column":16},"end":{"line":59,"column":17}},"loc":{"start":{"line":59,"column":22},"end":{"line":62,"column":3}},"line":59},"4":{"name":"(anonymous_4)","decl":{"start":{"line":64,"column":2},"end":{"line":64,"column":3}},"loc":{"start":{"line":64,"column":20},"end":{"line":99,"column":3}},"line":64}},"branchMap":{"0":{"loc":{"start":{"line":41,"column":23},"end":{"line":41,"column":75}},"type":"binary-expr","locations":[{"start":{"line":41,"column":23},"end":{"line":41,"column":62}},{"start":{"line":41,"column":66},"end":{"line":41,"column":75}}],"line":41},"1":{"loc":{"start":{"line":47,"column":4},"end":{"line":51,"column":5}},"type":"if","locations":[{"start":{"line":47,"column":4},"end":{"line":51,"column":5}},{"start":{},"end":{}}],"line":47},"2":{"loc":{"start":{"line":65,"column":4},"end":{"line":96,"column":5}},"type":"if","locations":[{"start":{"line":65,"column":4},"end":{"line":96,"column":5}},{"start":{},"end":{}}],"line":65},"3":{"loc":{"start":{"line":66,"column":6},"end":{"line":68,"column":7}},"type":"if","locations":[{"start":{"line":66,"column":6},"end":{"line":68,"column":7}},{"start":{},"end":{}}],"line":66},"4":{"loc":{"start":{"line":78,"column":13},"end":{"line":88,"column":13}},"type":"binary-expr","locations":[{"start":{"line":78,"column":13},"end":{"line":78,"column":20}},{"start":{"line":78,"column":24},"end":{"line":78,"column":40}},{"start":{"line":79,"column":14},"end":{"line":87,"column":21}}],"line":78},"5":{"loc":{"start":{"line":82,"column":17},"end":{"line":86,"column":17}},"type":"binary-expr","locations":[{"start":{"line":82,"column":17},"end":{"line":82,"column":37}},{"start":{"line":83,"column":18},"end":{"line":85,"column":25}}],"line":82}},"s":{"0":0,"1":0,"2":0,"3":0,"4":0,"5":0,"6":0,"7":0,"8":0,"9":0,"10":0,"11":0,"12":0,"13":0,"14":0,"15":0,"16":0,"17":0,"18":0,"19":0},"f":{"0":0,"1":0,"2":0,"3":0,"4":0},"b":{"0":[0,0],"1":[0,0],"2":[0,0],"3":[0,0],"4":[0,0,0],"5":[0,0]}}
,"/Users/ryanmota/SwipeDish/src/components/FilterPanel.tsx": {"path":"/Users/ryanmota/SwipeDish/src/components/FilterPanel.tsx","statementMap":{"0":{"start":{"line":14,"column":31},"end":{"line":14,"column":55}},"1":{"start":{"line":35,"column":55},"end":{"line":282,"column":1}},"2":{"start":{"line":43,"column":48},"end":{"line":43,"column":77}},"3":{"start":{"line":44,"column":20},"end":{"line":44,"column":54}},"4":{"start":{"line":46,"column":2},"end":{"line":52,"column":27}},"5":{"start":{"line":47,"column":4},"end":{"line":51,"column":15}},"6":{"start":{"line":54,"column":24},"end":{"line":56,"column":23}},"7":{"start":{"line":55,"column":4},"end":{"line":55,"column":69}},"8":{"start":{"line":58,"column":30},"end":{"line":75,"column":39}},"9":{"start":{"line":59,"column":4},"end":{"line":74,"column":23}},"10":{"start":{"line":64,"column":21},"end":{"line":64,"column":52}},"11":{"start":{"line":77,"column":28},"end":{"line":94,"column":37}},"12":{"start":{"line":78,"column":4},"end":{"line":93,"column":23}},"13":{"start":{"line":83,"column":21},"end":{"line":83,"column":84}},"14":{"start":{"line":96,"column":31},"end":{"line":114,"column":24}},"15":{"start":{"line":97,"column":4},"end":{"line":113,"column":11}},"16":{"start":{"line":116,"column":29},"end":{"line":138,"column":38}},"17":{"start":{"line":117,"column":4},"end":{"line":137,"column":11}},"18":{"start":{"line":119,"column":8},"end":{"line":132,"column":27}},"19":{"start":{"line":125,"column":25},"end":{"line":125,"column":89}},"20":{"start":{"line":140,"column":29},"end":{"line":160,"column":31}},"21":{"start":{"line":141,"column":4},"end":{"line":159,"column":23}},"22":{"start":{"line":146,"column":21},"end":{"line":146,"column":55}},"23":{"start":{"line":162,"column":30},"end":{"line":190,"column":21}},"24":{"start":{"line":168,"column":4},"end":{"line":189,"column":11}},"25":{"start":{"line":171,"column":23},"end":{"line":171,"column":43}},"26":{"start":{"line":192,"column":2},"end":{"line":281,"column":4}},"27":{"start":{"line":229,"column":16},"end":{"line":231,"column":23}},"28":{"start":{"line":284,"column":15},"end":{"line":436,"column":2}}},"fnMap":{"0":{"name":"(anonymous_0)","decl":{"start":{"line":35,"column":55},"end":{"line":35,"column":56}},"loc":{"start":{"line":42,"column":6},"end":{"line":282,"column":1}},"line":42},"1":{"name":"(anonymous_1)","decl":{"start":{"line":46,"column":18},"end":{"line":46,"column":19}},"loc":{"start":{"line":46,"column":24},"end":{"line":52,"column":3}},"line":46},"2":{"name":"(anonymous_2)","decl":{"start":{"line":54,"column":36},"end":{"line":54,"column":37}},"loc":{"start":{"line":54,"column":57},"end":{"line":56,"column":3}},"line":54},"3":{"name":"(anonymous_3)","decl":{"start":{"line":58,"column":42},"end":{"line":58,"column":43}},"loc":{"start":{"line":59,"column":4},"end":{"line":74,"column":23}},"line":59},"4":{"name":"(anonymous_4)","decl":{"start":{"line":64,"column":15},"end":{"line":64,"column":16}},"loc":{"start":{"line":64,"column":21},"end":{"line":64,"column":52}},"line":64},"5":{"name":"(anonymous_5)","decl":{"start":{"line":77,"column":40},"end":{"line":77,"column":41}},"loc":{"start":{"line":78,"column":4},"end":{"line":93,"column":23}},"line":78},"6":{"name":"(anonymous_6)","decl":{"start":{"line":83,"column":15},"end":{"line":83,"column":16}},"loc":{"start":{"line":83,"column":21},"end":{"line":83,"column":84}},"line":83},"7":{"name":"(anonymous_7)","decl":{"start":{"line":96,"column":43},"end":{"line":96,"column":44}},"loc":{"start":{"line":97,"column":4},"end":{"line":113,"column":11}},"line":97},"8":{"name":"(anonymous_8)","decl":{"start":{"line":116,"column":41},"end":{"line":116,"column":42}},"loc":{"start":{"line":117,"column":4},"end":{"line":137,"column":11}},"line":117},"9":{"name":"(anonymous_9)","decl":{"start":{"line":118,"column":27},"end":{"line":118,"column":28}},"loc":{"start":{"line":119,"column":8},"end":{"line":132,"column":27}},"line":119},"10":{"name":"(anonymous_10)","decl":{"start":{"line":125,"column":19},"end":{"line":125,"column":20}},"loc":{"start":{"line":125,"column":25},"end":{"line":125,"column":89}},"line":125},"11":{"name":"(anonymous_11)","decl":{"start":{"line":140,"column":41},"end":{"line":140,"column":42}},"loc":{"start":{"line":141,"column":4},"end":{"line":159,"column":23}},"line":141},"12":{"name":"(anonymous_12)","decl":{"start":{"line":146,"column":15},"end":{"line":146,"column":16}},"loc":{"start":{"line":146,"column":21},"end":{"line":146,"column":55}},"line":146},"13":{"name":"(anonymous_13)","decl":{"start":{"line":162,"column":42},"end":{"line":162,"column":43}},"loc":{"start":{"line":168,"column":4},"end":{"line":189,"column":11}},"line":168},"14":{"name":"(anonymous_14)","decl":{"start":{"line":171,"column":17},"end":{"line":171,"column":18}},"loc":{"start":{"line":171,"column":23},"end":{"line":171,"column":43}},"line":171},"15":{"name":"(anonymous_15)","decl":{"start":{"line":228,"column":32},"end":{"line":228,"column":33}},"loc":{"start":{"line":229,"column":16},"end":{"line":231,"column":23}},"line":229}},"branchMap":{"0":{"loc":{"start":{"line":48,"column":15},"end":{"line":48,"column":30}},"type":"cond-expr","locations":[{"start":{"line":48,"column":25},"end":{"line":48,"column":26}},{"start":{"line":48,"column":29},"end":{"line":48,"column":30}}],"line":48},"1":{"loc":{"start":{"line":55,"column":23},"end":{"line":55,"column":67}},"type":"cond-expr","locations":[{"start":{"line":55,"column":53},"end":{"line":55,"column":57}},{"start":{"line":55,"column":60},"end":{"line":55,"column":67}}],"line":55},"2":{"loc":{"start":{"line":62,"column":8},"end":{"line":62,"column":59}},"type":"binary-expr","locations":[{"start":{"line":62,"column":8},"end":{"line":62,"column":32}},{"start":{"line":62,"column":36},"end":{"line":62,"column":59}}],"line":62},"3":{"loc":{"start":{"line":69,"column":10},"end":{"line":69,"column":65}},"type":"binary-expr","locations":[{"start":{"line":69,"column":10},"end":{"line":69,"column":34}},{"start":{"line":69,"column":38},"end":{"line":69,"column":65}}],"line":69},"4":{"loc":{"start":{"line":81,"column":8},"end":{"line":81,"column":58}},"type":"binary-expr","locations":[{"start":{"line":81,"column":8},"end":{"line":81,"column":31}},{"start":{"line":81,"column":35},"end":{"line":81,"column":58}}],"line":81},"5":{"loc":{"start":{"line":83,"column":45},"end":{"line":83,"column":83}},"type":"cond-expr","locations":[{"start":{"line":83,"column":71},"end":{"line":83,"column":75}},{"start":{"line":83,"column":78},"end":{"line":83,"column":83}}],"line":83},"6":{"loc":{"start":{"line":88,"column":10},"end":{"line":88,"column":64}},"type":"binary-expr","locations":[{"start":{"line":88,"column":10},"end":{"line":88,"column":33}},{"start":{"line":88,"column":37},"end":{"line":88,"column":64}}],"line":88},"7":{"loc":{"start":{"line":112,"column":40},"end":{"line":112,"column":61}},"type":"binary-expr","locations":[{"start":{"line":112,"column":40},"end":{"line":112,"column":56}},{"start":{"line":112,"column":60},"end":{"line":112,"column":61}}],"line":112},"8":{"loc":{"start":{"line":123,"column":12},"end":{"line":123,"column":65}},"type":"binary-expr","locations":[{"start":{"line":123,"column":12},"end":{"line":123,"column":36}},{"start":{"line":123,"column":40},"end":{"line":123,"column":65}}],"line":123},"9":{"loc":{"start":{"line":125,"column":50},"end":{"line":125,"column":88}},"type":"cond-expr","locations":[{"start":{"line":125,"column":78},"end":{"line":125,"column":79}},{"start":{"line":125,"column":82},"end":{"line":125,"column":88}}],"line":125},"10":{"loc":{"start":{"line":130,"column":19},"end":{"line":130,"column":82}},"type":"cond-expr","locations":[{"start":{"line":130,"column":46},"end":{"line":130,"column":60}},{"start":{"line":130,"column":63},"end":{"line":130,"column":82}}],"line":130},"11":{"loc":{"start":{"line":135,"column":9},"end":{"line":135,"column":71}},"type":"cond-expr","locations":[{"start":{"line":135,"column":30},"end":{"line":135,"column":56}},{"start":{"line":135,"column":59},"end":{"line":135,"column":71}}],"line":135},"12":{"loc":{"start":{"line":144,"column":8},"end":{"line":144,"column":60}},"type":"cond-expr","locations":[{"start":{"line":144,"column":23},"end":{"line":144,"column":48}},{"start":{"line":144,"column":51},"end":{"line":144,"column":60}}],"line":144},"13":{"loc":{"start":{"line":151,"column":15},"end":{"line":151,"column":63}},"type":"cond-expr","locations":[{"start":{"line":151,"column":30},"end":{"line":151,"column":41}},{"start":{"line":151,"column":44},"end":{"line":151,"column":63}}],"line":151},"14":{"loc":{"start":{"line":155,"column":8},"end":{"line":155,"column":46}},"type":"binary-expr","locations":[{"start":{"line":155,"column":8},"end":{"line":155,"column":20}},{"start":{"line":155,"column":24},"end":{"line":155,"column":46}}],"line":155},"15":{"loc":{"start":{"line":178,"column":16},"end":{"line":178,"column":58}},"type":"cond-expr","locations":[{"start":{"line":178,"column":29},"end":{"line":178,"column":41}},{"start":{"line":178,"column":44},"end":{"line":178,"column":58}}],"line":178},"16":{"loc":{"start":{"line":184,"column":7},"end":{"line":188,"column":7}},"type":"binary-expr","locations":[{"start":{"line":184,"column":7},"end":{"line":184,"column":17}},{"start":{"line":185,"column":8},"end":{"line":187,"column":24}}],"line":184}},"s":{"0":0,"1":0,"2":0,"3":0,"4":0,"5":0,"6":0,"7":0,"8":0,"9":0,"10":0,"11":0,"12":0,"13":0,"14":0,"15":0,"16":0,"17":0,"18":0,"19":0,"20":0,"21":0,"22":0,"23":0,"24":0,"25":0,"26":0,"27":0,"28":0},"f":{"0":0,"1":0,"2":0,"3":0,"4":0,"5":0,"6":0,"7":0,"8":0,"9":0,"10":0,"11":0,"12":0,"13":0,"14":0,"15":0},"b":{"0":[0,0],"1":[0,0],"2":[0,0],"3":[0,0],"4":[0,0],"5":[0,0],"6":[0,0],"7":[0,0],"8":[0,0],"9":[0,0],"10":[0,0],"11":[0,0],"12":[0,0],"13":[0,0],"14":[0,0],"15":[0,0],"16":[0,0]}}
,"/Users/ryanmota/SwipeDish/src/components/LoadingSpinner.tsx": {"path":"/Users/ryanmota/SwipeDish/src/components/LoadingSpinner.tsx","statementMap":{"0":{"start":{"line":12,"column":31},"end":{"line":12,"column":55}},"1":{"start":{"line":20,"column":61},"end":{"line":147,"column":1}},"2":{"start":{"line":25,"column":19},"end":{"line":25,"column":56}},"3":{"start":{"line":26,"column":20},"end":{"line":26,"column":57}},"4":{"start":{"line":27,"column":19},"end":{"line":27,"column":56}},"5":{"start":{"line":29,"column":2},"end":{"line":69,"column":38}},"6":{"start":{"line":31,"column":4},"end":{"line":35,"column":15}},"7":{"start":{"line":38,"column":26},"end":{"line":44,"column":5}},"8":{"start":{"line":47,"column":27},"end":{"line":60,"column":5}},"9":{"start":{"line":62,"column":4},"end":{"line":62,"column":26}},"10":{"start":{"line":63,"column":4},"end":{"line":63,"column":27}},"11":{"start":{"line":65,"column":4},"end":{"line":68,"column":6}},"12":{"start":{"line":66,"column":6},"end":{"line":66,"column":27}},"13":{"start":{"line":67,"column":6},"end":{"line":67,"column":28}},"14":{"start":{"line":71,"column":15},"end":{"line":74,"column":4}},"15":{"start":{"line":76,"column":24},"end":{"line":97,"column":3}},"16":{"start":{"line":77,"column":4},"end":{"line":96,"column":5}},"17":{"start":{"line":79,"column":8},"end":{"line":83,"column":10}},"18":{"start":{"line":85,"column":8},"end":{"line":89,"column":10}},"19":{"start":{"line":91,"column":8},"end":{"line":95,"column":10}},"20":{"start":{"line":99,"column":48},"end":{"line":99,"column":63}},"21":{"start":{"line":101,"column":2},"end":{"line":146,"column":4}},"22":{"start":{"line":149,"column":15},"end":{"line":166,"column":2}}},"fnMap":{"0":{"name":"(anonymous_0)","decl":{"start":{"line":20,"column":61},"end":{"line":20,"column":62}},"loc":{"start":{"line":24,"column":6},"end":{"line":147,"column":1}},"line":24},"1":{"name":"(anonymous_1)","decl":{"start":{"line":29,"column":12},"end":{"line":29,"column":13}},"loc":{"start":{"line":29,"column":18},"end":{"line":69,"column":3}},"line":29},"2":{"name":"(anonymous_2)","decl":{"start":{"line":65,"column":11},"end":{"line":65,"column":12}},"loc":{"start":{"line":65,"column":17},"end":{"line":68,"column":5}},"line":65},"3":{"name":"(anonymous_3)","decl":{"start":{"line":76,"column":24},"end":{"line":76,"column":25}},"loc":{"start":{"line":76,"column":30},"end":{"line":97,"column":3}},"line":76}},"branchMap":{"0":{"loc":{"start":{"line":21,"column":2},"end":{"line":21,"column":24}},"type":"default-arg","locations":[{"start":{"line":21,"column":12},"end":{"line":21,"column":24}}],"line":21},"1":{"loc":{"start":{"line":22,"column":2},"end":{"line":22,"column":17}},"type":"default-arg","locations":[{"start":{"line":22,"column":9},"end":{"line":22,"column":17}}],"line":22},"2":{"loc":{"start":{"line":23,"column":2},"end":{"line":23,"column":17}},"type":"default-arg","locations":[{"start":{"line":23,"column":13},"end":{"line":23,"column":17}}],"line":23},"3":{"loc":{"start":{"line":77,"column":4},"end":{"line":96,"column":5}},"type":"switch","locations":[{"start":{"line":78,"column":6},"end":{"line":83,"column":10}},{"start":{"line":84,"column":6},"end":{"line":89,"column":10}},{"start":{"line":90,"column":6},"end":{"line":95,"column":10}}],"line":77},"4":{"loc":{"start":{"line":123,"column":9},"end":{"line":129,"column":9}},"type":"binary-expr","locations":[{"start":{"line":123,"column":9},"end":{"line":123,"column":17}},{"start":{"line":124,"column":10},"end":{"line":128,"column":12}}],"line":123},"5":{"loc":{"start":{"line":132,"column":7},"end":{"line":144,"column":7}},"type":"binary-expr","locations":[{"start":{"line":132,"column":7},"end":{"line":132,"column":14}},{"start":{"line":133,"column":8},"end":{"line":143,"column":24}}],"line":132}},"s":{"0":0,"1":0,"2":0,"3":0,"4":0,"5":0,"6":0,"7":0,"8":0,"9":0,"10":0,"11":0,"12":0,"13":0,"14":0,"15":0,"16":0,"17":0,"18":0,"19":0,"20":0,"21":0,"22":0},"f":{"0":0,"1":0,"2":0,"3":0},"b":{"0":[0],"1":[0],"2":[0],"3":[0,0,0],"4":[0,0],"5":[0,0]}}
,"/Users/ryanmota/SwipeDish/src/components/MapErrorBoundary.tsx": {"path":"/Users/ryanmota/SwipeDish/src/components/MapErrorBoundary.tsx","statementMap":{"0":{"start":{"line":18,"column":4},"end":{"line":18,"column":17}},"1":{"start":{"line":19,"column":4},"end":{"line":19,"column":37}},"2":{"start":{"line":23,"column":4},"end":{"line":23,"column":37}},"3":{"start":{"line":27,"column":4},"end":{"line":27,"column":75}},"4":{"start":{"line":30,"column":16},"end":{"line":32,"column":3}},"5":{"start":{"line":31,"column":4},"end":{"line":31,"column":57}},"6":{"start":{"line":35,"column":4},"end":{"line":56,"column":5}},"7":{"start":{"line":36,"column":6},"end":{"line":38,"column":7}},"8":{"start":{"line":37,"column":8},"end":{"line":37,"column":35}},"9":{"start":{"line":40,"column":6},"end":{"line":55,"column":8}},"10":{"start":{"line":58,"column":4},"end":{"line":58,"column":31}},"11":{"start":{"line":62,"column":15},"end":{"line":104,"column":2}}},"fnMap":{"0":{"name":"(anonymous_0)","decl":{"start":{"line":17,"column":2},"end":{"line":17,"column":3}},"loc":{"start":{"line":17,"column":28},"end":{"line":20,"column":3}},"line":17},"1":{"name":"(anonymous_1)","decl":{"start":{"line":22,"column":2},"end":{"line":22,"column":3}},"loc":{"start":{"line":22,"column":55},"end":{"line":24,"column":3}},"line":22},"2":{"name":"(anonymous_2)","decl":{"start":{"line":26,"column":2},"end":{"line":26,"column":3}},"loc":{"start":{"line":26,"column":59},"end":{"line":28,"column":3}},"line":26},"3":{"name":"(anonymous_3)","decl":{"start":{"line":30,"column":16},"end":{"line":30,"column":17}},"loc":{"start":{"line":30,"column":22},"end":{"line":32,"column":3}},"line":30},"4":{"name":"(anonymous_4)","decl":{"start":{"line":34,"column":2},"end":{"line":34,"column":3}},"loc":{"start":{"line":34,"column":20},"end":{"line":59,"column":3}},"line":34}},"branchMap":{"0":{"loc":{"start":{"line":35,"column":4},"end":{"line":56,"column":5}},"type":"if","locations":[{"start":{"line":35,"column":4},"end":{"line":56,"column":5}},{"start":{},"end":{}}],"line":35},"1":{"loc":{"start":{"line":36,"column":6},"end":{"line":38,"column":7}},"type":"if","locations":[{"start":{"line":36,"column":6},"end":{"line":38,"column":7}},{"start":{},"end":{}}],"line":36}},"s":{"0":0,"1":0,"2":0,"3":0,"4":0,"5":0,"6":0,"7":0,"8":0,"9":0,"10":0,"11":0},"f":{"0":0,"1":0,"2":0,"3":0,"4":0},"b":{"0":[0,0],"1":[0,0]}}
,"/Users/ryanmota/SwipeDish/src/components/MapModal.tsx": {"path":"/Users/ryanmota/SwipeDish/src/components/MapModal.tsx","statementMap":{"0":{"start":{"line":21,"column":55},"end":{"line":21,"column":79}},"1":{"start":{"line":36,"column":49},"end":{"line":228,"column":1}},"2":{"start":{"line":42,"column":56},"end":{"line":42,"column":71}},"3":{"start":{"line":43,"column":38},"end":{"line":43,"column":72}},"4":{"start":{"line":46,"column":26},"end":{"line":52,"column":59}},"5":{"start":{"line":54,"column":26},"end":{"line":58,"column":3}},"6":{"start":{"line":59,"column":23},"end":{"line":59,"column":67}},"7":{"start":{"line":61,"column":30},"end":{"line":66,"column":4}},"8":{"start":{"line":68,"column":2},"end":{"line":77,"column":30}},"9":{"start":{"line":69,"column":4},"end":{"line":76,"column":5}},"10":{"start":{"line":70,"column":6},"end":{"line":75,"column":9}},"11":{"start":{"line":80,"column":2},"end":{"line":86,"column":9}},"12":{"start":{"line":81,"column":25},"end":{"line":83,"column":6}},"13":{"start":{"line":82,"column":6},"end":{"line":82,"column":28}},"14":{"start":{"line":85,"column":4},"end":{"line":85,"column":40}},"15":{"start":{"line":85,"column":17},"end":{"line":85,"column":39}},"16":{"start":{"line":88,"column":27},"end":{"line":90,"column":3}},"17":{"start":{"line":89,"column":4},"end":{"line":89,"column":33}},"18":{"start":{"line":92,"column":27},"end":{"line":98,"column":3}},"19":{"start":{"line":93,"column":4},"end":{"line":97,"column":5}},"20":{"start":{"line":94,"column":6},"end":{"line":94,"column":52}},"21":{"start":{"line":96,"column":6},"end":{"line":96,"column":53}},"22":{"start":{"line":100,"column":22},"end":{"line":100,"column":58}},"23":{"start":{"line":102,"column":2},"end":{"line":227,"column":4}},"24":{"start":{"line":107,"column":20},"end":{"line":107,"column":46}},"25":{"start":{"line":224,"column":23},"end":{"line":224,"column":52}},"26":{"start":{"line":230,"column":15},"end":{"line":390,"column":2}}},"fnMap":{"0":{"name":"(anonymous_0)","decl":{"start":{"line":36,"column":49},"end":{"line":36,"column":50}},"loc":{"start":{"line":41,"column":6},"end":{"line":228,"column":1}},"line":41},"1":{"name":"(anonymous_1)","decl":{"start":{"line":68,"column":12},"end":{"line":68,"column":13}},"loc":{"start":{"line":68,"column":18},"end":{"line":77,"column":3}},"line":68},"2":{"name":"(anonymous_2)","decl":{"start":{"line":80,"column":12},"end":{"line":80,"column":13}},"loc":{"start":{"line":80,"column":18},"end":{"line":86,"column":3}},"line":80},"3":{"name":"(anonymous_3)","decl":{"start":{"line":81,"column":63},"end":{"line":81,"column":64}},"loc":{"start":{"line":81,"column":79},"end":{"line":83,"column":5}},"line":81},"4":{"name":"(anonymous_4)","decl":{"start":{"line":85,"column":11},"end":{"line":85,"column":12}},"loc":{"start":{"line":85,"column":17},"end":{"line":85,"column":39}},"line":85},"5":{"name":"(anonymous_5)","decl":{"start":{"line":88,"column":27},"end":{"line":88,"column":28}},"loc":{"start":{"line":88,"column":33},"end":{"line":90,"column":3}},"line":88},"6":{"name":"(anonymous_6)","decl":{"start":{"line":92,"column":27},"end":{"line":92,"column":28}},"loc":{"start":{"line":92,"column":39},"end":{"line":98,"column":3}},"line":92},"7":{"name":"(anonymous_7)","decl":{"start":{"line":107,"column":14},"end":{"line":107,"column":15}},"loc":{"start":{"line":107,"column":20},"end":{"line":107,"column":46}},"line":107},"8":{"name":"(anonymous_8)","decl":{"start":{"line":224,"column":17},"end":{"line":224,"column":18}},"loc":{"start":{"line":224,"column":23},"end":{"line":224,"column":52}},"line":224}},"branchMap":{"0":{"loc":{"start":{"line":46,"column":26},"end":{"line":52,"column":59}},"type":"binary-expr","locations":[{"start":{"line":46,"column":26},"end":{"line":46,"column":34}},{"start":{"line":47,"column":4},"end":{"line":47,"column":41}},{"start":{"line":48,"column":4},"end":{"line":48,"column":42}},{"start":{"line":49,"column":4},"end":{"line":49,"column":29}},{"start":{"line":50,"column":4},"end":{"line":50,"column":30}},{"start":{"line":51,"column":4},"end":{"line":51,"column":28}},{"start":{"line":51,"column":32},"end":{"line":51,"column":55}},{"start":{"line":52,"column":4},"end":{"line":52,"column":30}},{"start":{"line":52,"column":34},"end":{"line":52,"column":59}}],"line":46},"1":{"loc":{"start":{"line":59,"column":23},"end":{"line":59,"column":67}},"type":"cond-expr","locations":[{"start":{"line":59,"column":41},"end":{"line":59,"column":49}},{"start":{"line":59,"column":52},"end":{"line":59,"column":67}}],"line":59},"2":{"loc":{"start":{"line":69,"column":4},"end":{"line":76,"column":5}},"type":"if","locations":[{"start":{"line":69,"column":4},"end":{"line":76,"column":5}},{"start":{},"end":{}}],"line":69},"3":{"loc":{"start":{"line":69,"column":8},"end":{"line":69,"column":31}},"type":"binary-expr","locations":[{"start":{"line":69,"column":8},"end":{"line":69,"column":15}},{"start":{"line":69,"column":19},"end":{"line":69,"column":31}}],"line":69},"4":{"loc":{"start":{"line":111,"column":48},"end":{"line":111,"column":88}},"type":"binary-expr","locations":[{"start":{"line":111,"column":48},"end":{"line":111,"column":59}},{"start":{"line":111,"column":63},"end":{"line":111,"column":88}}],"line":111},"5":{"loc":{"start":{"line":125,"column":17},"end":{"line":125,"column":47}},"type":"binary-expr","locations":[{"start":{"line":125,"column":17},"end":{"line":125,"column":22}},{"start":{"line":125,"column":26},"end":{"line":125,"column":47}}],"line":125},"6":{"loc":{"start":{"line":127,"column":15},"end":{"line":132,"column":15}},"type":"binary-expr","locations":[{"start":{"line":127,"column":15},"end":{"line":127,"column":35}},{"start":{"line":128,"column":16},"end":{"line":131,"column":23}}],"line":127},"7":{"loc":{"start":{"line":130,"column":19},"end":{"line":130,"column":64}},"type":"binary-expr","locations":[{"start":{"line":130,"column":19},"end":{"line":130,"column":35}},{"start":{"line":130,"column":39},"end":{"line":130,"column":64}}],"line":130},"8":{"loc":{"start":{"line":185,"column":23},"end":{"line":185,"column":44}},"type":"binary-expr","locations":[{"start":{"line":185,"column":23},"end":{"line":185,"column":28}},{"start":{"line":185,"column":32},"end":{"line":185,"column":44}}],"line":185},"9":{"loc":{"start":{"line":194,"column":9},"end":{"line":215,"column":9}},"type":"binary-expr","locations":[{"start":{"line":194,"column":9},"end":{"line":194,"column":21}},{"start":{"line":195,"column":10},"end":{"line":214,"column":17}}],"line":194},"10":{"loc":{"start":{"line":200,"column":19},"end":{"line":200,"column":40}},"type":"binary-expr","locations":[{"start":{"line":200,"column":19},"end":{"line":200,"column":24}},{"start":{"line":200,"column":28},"end":{"line":200,"column":40}}],"line":200},"11":{"loc":{"start":{"line":202,"column":17},"end":{"line":206,"column":17}},"type":"binary-expr","locations":[{"start":{"line":202,"column":17},"end":{"line":202,"column":37}},{"start":{"line":203,"column":18},"end":{"line":205,"column":25}}],"line":202},"12":{"loc":{"start":{"line":238,"column":16},"end":{"line":238,"column":72}},"type":"cond-expr","locations":[{"start":{"line":238,"column":40},"end":{"line":238,"column":41}},{"start":{"line":238,"column":44},"end":{"line":238,"column":72}}],"line":238},"13":{"loc":{"start":{"line":238,"column":44},"end":{"line":238,"column":72}},"type":"binary-expr","locations":[{"start":{"line":238,"column":44},"end":{"line":238,"column":67}},{"start":{"line":238,"column":71},"end":{"line":238,"column":72}}],"line":238},"14":{"loc":{"start":{"line":247,"column":23},"end":{"line":247,"column":49}},"type":"binary-expr","locations":[{"start":{"line":247,"column":23},"end":{"line":247,"column":36}},{"start":{"line":247,"column":40},"end":{"line":247,"column":49}}],"line":247},"15":{"loc":{"start":{"line":249,"column":16},"end":{"line":249,"column":47}},"type":"cond-expr","locations":[{"start":{"line":249,"column":40},"end":{"line":249,"column":42}},{"start":{"line":249,"column":45},"end":{"line":249,"column":47}}],"line":249},"16":{"loc":{"start":{"line":251,"column":17},"end":{"line":251,"column":40}},"type":"binary-expr","locations":[{"start":{"line":251,"column":17},"end":{"line":251,"column":30}},{"start":{"line":251,"column":34},"end":{"line":251,"column":40}}],"line":251},"17":{"loc":{"start":{"line":306,"column":17},"end":{"line":306,"column":40}},"type":"binary-expr","locations":[{"start":{"line":306,"column":17},"end":{"line":306,"column":30}},{"start":{"line":306,"column":34},"end":{"line":306,"column":40}}],"line":306},"18":{"loc":{"start":{"line":333,"column":20},"end":{"line":333,"column":46}},"type":"binary-expr","locations":[{"start":{"line":333,"column":20},"end":{"line":333,"column":33}},{"start":{"line":333,"column":37},"end":{"line":333,"column":46}}],"line":333},"19":{"loc":{"start":{"line":336,"column":17},"end":{"line":336,"column":40}},"type":"binary-expr","locations":[{"start":{"line":336,"column":17},"end":{"line":336,"column":30}},{"start":{"line":336,"column":34},"end":{"line":336,"column":40}}],"line":336},"20":{"loc":{"start":{"line":373,"column":17},"end":{"line":373,"column":40}},"type":"binary-expr","locations":[{"start":{"line":373,"column":17},"end":{"line":373,"column":30}},{"start":{"line":373,"column":34},"end":{"line":373,"column":40}}],"line":373}},"s":{"0":0,"1":0,"2":0,"3":0,"4":0,"5":0,"6":0,"7":0,"8":0,"9":0,"10":0,"11":0,"12":0,"13":0,"14":0,"15":0,"16":0,"17":0,"18":0,"19":0,"20":0,"21":0,"22":0,"23":0,"24":0,"25":0,"26":0},"f":{"0":0,"1":0,"2":0,"3":0,"4":0,"5":0,"6":0,"7":0,"8":0},"b":{"0":[0,0,0,0,0,0,0,0,0],"1":[0,0],"2":[0,0],"3":[0,0],"4":[0,0],"5":[0,0],"6":[0,0],"7":[0,0],"8":[0,0],"9":[0,0],"10":[0,0],"11":[0,0],"12":[0,0],"13":[0,0],"14":[0,0],"15":[0,0],"16":[0,0],"17":[0,0],"18":[0,0],"19":[0,0],"20":[0,0]}}
,"/Users/ryanmota/SwipeDish/src/components/MapPreview.tsx": {"path":"/Users/ryanmota/SwipeDish/src/components/MapPreview.tsx","statementMap":{"0":{"start":{"line":13,"column":32},"end":{"line":13,"column":56}},"1":{"start":{"line":29,"column":53},"end":{"line":103,"column":1}},"2":{"start":{"line":37,"column":26},"end":{"line":43,"column":59}},"3":{"start":{"line":45,"column":26},"end":{"line":49,"column":3}},"4":{"start":{"line":50,"column":23},"end":{"line":50,"column":67}},"5":{"start":{"line":52,"column":30},"end":{"line":57,"column":4}},"6":{"start":{"line":59,"column":2},"end":{"line":66,"column":21}},"7":{"start":{"line":60,"column":4},"end":{"line":65,"column":7}},"8":{"start":{"line":68,"column":2},"end":{"line":102,"column":4}},"9":{"start":{"line":105,"column":15},"end":{"line":138,"column":2}}},"fnMap":{"0":{"name":"(anonymous_0)","decl":{"start":{"line":29,"column":53},"end":{"line":29,"column":54}},"loc":{"start":{"line":35,"column":6},"end":{"line":103,"column":1}},"line":35},"1":{"name":"(anonymous_1)","decl":{"start":{"line":59,"column":12},"end":{"line":59,"column":13}},"loc":{"start":{"line":59,"column":18},"end":{"line":66,"column":3}},"line":59}},"branchMap":{"0":{"loc":{"start":{"line":33,"column":2},"end":{"line":33,"column":14}},"type":"default-arg","locations":[{"start":{"line":33,"column":11},"end":{"line":33,"column":14}}],"line":33},"1":{"loc":{"start":{"line":34,"column":2},"end":{"line":34,"column":39}},"type":"default-arg","locations":[{"start":{"line":34,"column":10},"end":{"line":34,"column":39}}],"line":34},"2":{"loc":{"start":{"line":37,"column":26},"end":{"line":43,"column":59}},"type":"binary-expr","locations":[{"start":{"line":37,"column":26},"end":{"line":37,"column":34}},{"start":{"line":38,"column":4},"end":{"line":38,"column":41}},{"start":{"line":39,"column":4},"end":{"line":39,"column":42}},{"start":{"line":40,"column":4},"end":{"line":40,"column":29}},{"start":{"line":41,"column":4},"end":{"line":41,"column":30}},{"start":{"line":42,"column":4},"end":{"line":42,"column":28}},{"start":{"line":42,"column":32},"end":{"line":42,"column":55}},{"start":{"line":43,"column":4},"end":{"line":43,"column":30}},{"start":{"line":43,"column":34},"end":{"line":43,"column":59}}],"line":37},"3":{"loc":{"start":{"line":50,"column":23},"end":{"line":50,"column":67}},"type":"cond-expr","locations":[{"start":{"line":50,"column":41},"end":{"line":50,"column":49}},{"start":{"line":50,"column":52},"end":{"line":50,"column":67}}],"line":50},"4":{"loc":{"start":{"line":90,"column":17},"end":{"line":90,"column":38}},"type":"binary-expr","locations":[{"start":{"line":90,"column":17},"end":{"line":90,"column":22}},{"start":{"line":90,"column":26},"end":{"line":90,"column":38}}],"line":90}},"s":{"0":0,"1":0,"2":0,"3":0,"4":0,"5":0,"6":0,"7":0,"8":0,"9":0},"f":{"0":0,"1":0},"b":{"0":[0],"1":[0],"2":[0,0,0,0,0,0,0,0,0],"3":[0,0],"4":[0,0]}}
,"/Users/ryanmota/SwipeDish/src/components/MatchAnalytics.tsx": {"path":"/Users/ryanmota/SwipeDish/src/components/MatchAnalytics.tsx","statementMap":{"0":{"start":{"line":20,"column":61},"end":{"line":270,"column":1}},"1":{"start":{"line":25,"column":2},"end":{"line":30,"column":16}},"2":{"start":{"line":26,"column":4},"end":{"line":29,"column":5}},"3":{"start":{"line":32,"column":26},"end":{"line":44,"column":3}},"4":{"start":{"line":33,"column":4},"end":{"line":33,"column":40}},"5":{"start":{"line":33,"column":30},"end":{"line":33,"column":40}},"6":{"start":{"line":35,"column":52},"end":{"line":35,"column":54}},"7":{"start":{"line":36,"column":4},"end":{"line":39,"column":7}},"8":{"start":{"line":37,"column":22},"end":{"line":37,"column":53}},"9":{"start":{"line":38,"column":6},"end":{"line":38,"column":63}},"10":{"start":{"line":41,"column":4},"end":{"line":43,"column":19}},"11":{"start":{"line":42,"column":28},"end":{"line":42,"column":33}},"12":{"start":{"line":46,"column":23},"end":{"line":67,"column":3}},"13":{"start":{"line":47,"column":16},"end":{"line":47,"column":26}},"14":{"start":{"line":48,"column":23},"end":{"line":53,"column":5}},"15":{"start":{"line":55,"column":4},"end":{"line":64,"column":5}},"16":{"start":{"line":56,"column":6},"end":{"line":63,"column":9}},"17":{"start":{"line":57,"column":27},"end":{"line":57,"column":106}},"18":{"start":{"line":59,"column":8},"end":{"line":62,"column":35}},"19":{"start":{"line":59,"column":30},"end":{"line":59,"column":52}},"20":{"start":{"line":60,"column":13},"end":{"line":62,"column":35}},"21":{"start":{"line":60,"column":34},"end":{"line":60,"column":60}},"22":{"start":{"line":61,"column":13},"end":{"line":62,"column":35}},"23":{"start":{"line":61,"column":35},"end":{"line":61,"column":62}},"24":{"start":{"line":62,"column":13},"end":{"line":62,"column":35}},"25":{"start":{"line":66,"column":4},"end":{"line":66,"column":22}},"26":{"start":{"line":69,"column":27},"end":{"line":77,"column":3}},"27":{"start":{"line":70,"column":4},"end":{"line":70,"column":39}},"28":{"start":{"line":70,"column":30},"end":{"line":70,"column":39}},"29":{"start":{"line":72,"column":25},"end":{"line":72,"column":67}},"30":{"start":{"line":72,"column":49},"end":{"line":72,"column":66}},"31":{"start":{"line":73,"column":4},"end":{"line":73,"column":44}},"32":{"start":{"line":73,"column":35},"end":{"line":73,"column":44}},"33":{"start":{"line":75,"column":24},"end":{"line":75,"column":94}},"34":{"start":{"line":75,"column":60},"end":{"line":75,"column":90}},"35":{"start":{"line":76,"column":4},"end":{"line":76,"column":45}},"36":{"start":{"line":79,"column":32},"end":{"line":86,"column":3}},"37":{"start":{"line":80,"column":4},"end":{"line":80,"column":42}},"38":{"start":{"line":80,"column":30},"end":{"line":80,"column":42}},"39":{"start":{"line":81,"column":4},"end":{"line":85,"column":7}},"40":{"start":{"line":82,"column":27},"end":{"line":82,"column":56}},"41":{"start":{"line":83,"column":33},"end":{"line":83,"column":70}},"42":{"start":{"line":84,"column":6},"end":{"line":84,"column":71}},"43":{"start":{"line":88,"column":26},"end":{"line":95,"column":3}},"44":{"start":{"line":89,"column":32},"end":{"line":89,"column":76}},"45":{"start":{"line":89,"column":56},"end":{"line":89,"column":75}},"46":{"start":{"line":90,"column":4},"end":{"line":90,"column":54}},"47":{"start":{"line":90,"column":42},"end":{"line":90,"column":54}},"48":{"start":{"line":92,"column":4},"end":{"line":94,"column":7}},"49":{"start":{"line":93,"column":6},"end":{"line":93,"column":103}},"50":{"start":{"line":97,"column":23},"end":{"line":97,"column":40}},"51":{"start":{"line":98,"column":20},"end":{"line":98,"column":34}},"52":{"start":{"line":99,"column":24},"end":{"line":99,"column":42}},"53":{"start":{"line":100,"column":29},"end":{"line":100,"column":52}},"54":{"start":{"line":101,"column":23},"end":{"line":101,"column":40}},"55":{"start":{"line":103,"column":19},"end":{"line":130,"column":3}},"56":{"start":{"line":111,"column":4},"end":{"line":129,"column":23}},"57":{"start":{"line":132,"column":2},"end":{"line":269,"column":4}},"58":{"start":{"line":159,"column":65},"end":{"line":159,"column":79}},"59":{"start":{"line":172,"column":14},"end":{"line":185,"column":33}},"60":{"start":{"line":175,"column":31},"end":{"line":175,"column":59}},"61":{"start":{"line":196,"column":12},"end":{"line":216,"column":31}},"62":{"start":{"line":199,"column":29},"end":{"line":199,"column":56}},"63":{"start":{"line":248,"column":36},"end":{"line":250,"column":18}},"64":{"start":{"line":249,"column":12},"end":{"line":249,"column":83}},"65":{"start":{"line":252,"column":10},"end":{"line":265,"column":12}},"66":{"start":{"line":272,"column":15},"end":{"line":425,"column":2}}},"fnMap":{"0":{"name":"(anonymous_0)","decl":{"start":{"line":20,"column":61},"end":{"line":20,"column":62}},"loc":{"start":{"line":24,"column":6},"end":{"line":270,"column":1}},"line":24},"1":{"name":"(anonymous_1)","decl":{"start":{"line":25,"column":12},"end":{"line":25,"column":13}},"loc":{"start":{"line":25,"column":18},"end":{"line":30,"column":3}},"line":25},"2":{"name":"(anonymous_2)","decl":{"start":{"line":32,"column":26},"end":{"line":32,"column":27}},"loc":{"start":{"line":32,"column":32},"end":{"line":44,"column":3}},"line":32},"3":{"name":"(anonymous_3)","decl":{"start":{"line":36,"column":20},"end":{"line":36,"column":21}},"loc":{"start":{"line":36,"column":29},"end":{"line":39,"column":5}},"line":36},"4":{"name":"(anonymous_4)","decl":{"start":{"line":42,"column":12},"end":{"line":42,"column":13}},"loc":{"start":{"line":42,"column":28},"end":{"line":42,"column":33}},"line":42},"5":{"name":"(anonymous_5)","decl":{"start":{"line":46,"column":23},"end":{"line":46,"column":24}},"loc":{"start":{"line":46,"column":29},"end":{"line":67,"column":3}},"line":46},"6":{"name":"(anonymous_6)","decl":{"start":{"line":56,"column":22},"end":{"line":56,"column":23}},"loc":{"start":{"line":56,"column":31},"end":{"line":63,"column":7}},"line":56},"7":{"name":"(anonymous_7)","decl":{"start":{"line":69,"column":27},"end":{"line":69,"column":28}},"loc":{"start":{"line":69,"column":33},"end":{"line":77,"column":3}},"line":69},"8":{"name":"(anonymous_8)","decl":{"start":{"line":72,"column":40},"end":{"line":72,"column":41}},"loc":{"start":{"line":72,"column":49},"end":{"line":72,"column":66}},"line":72},"9":{"name":"(anonymous_9)","decl":{"start":{"line":75,"column":44},"end":{"line":75,"column":45}},"loc":{"start":{"line":75,"column":60},"end":{"line":75,"column":90}},"line":75},"10":{"name":"(anonymous_10)","decl":{"start":{"line":79,"column":32},"end":{"line":79,"column":33}},"loc":{"start":{"line":79,"column":38},"end":{"line":86,"column":3}},"line":79},"11":{"name":"(anonymous_11)","decl":{"start":{"line":81,"column":26},"end":{"line":81,"column":27}},"loc":{"start":{"line":81,"column":52},"end":{"line":85,"column":5}},"line":81},"12":{"name":"(anonymous_12)","decl":{"start":{"line":88,"column":26},"end":{"line":88,"column":27}},"loc":{"start":{"line":88,"column":32},"end":{"line":95,"column":3}},"line":88},"13":{"name":"(anonymous_13)","decl":{"start":{"line":89,"column":47},"end":{"line":89,"column":48}},"loc":{"start":{"line":89,"column":56},"end":{"line":89,"column":75}},"line":89},"14":{"name":"(anonymous_14)","decl":{"start":{"line":92,"column":38},"end":{"line":92,"column":39}},"loc":{"start":{"line":92,"column":58},"end":{"line":94,"column":5}},"line":92},"15":{"name":"(anonymous_15)","decl":{"start":{"line":103,"column":19},"end":{"line":103,"column":20}},"loc":{"start":{"line":111,"column":4},"end":{"line":129,"column":23}},"line":111},"16":{"name":"(anonymous_16)","decl":{"start":{"line":159,"column":60},"end":{"line":159,"column":61}},"loc":{"start":{"line":159,"column":65},"end":{"line":159,"column":79}},"line":159},"17":{"name":"(anonymous_17)","decl":{"start":{"line":171,"column":30},"end":{"line":171,"column":31}},"loc":{"start":{"line":172,"column":14},"end":{"line":185,"column":33}},"line":172},"18":{"name":"(anonymous_18)","decl":{"start":{"line":175,"column":25},"end":{"line":175,"column":26}},"loc":{"start":{"line":175,"column":31},"end":{"line":175,"column":59}},"line":175},"19":{"name":"(anonymous_19)","decl":{"start":{"line":195,"column":41},"end":{"line":195,"column":42}},"loc":{"start":{"line":196,"column":12},"end":{"line":216,"column":31}},"line":196},"20":{"name":"(anonymous_20)","decl":{"start":{"line":199,"column":23},"end":{"line":199,"column":24}},"loc":{"start":{"line":199,"column":29},"end":{"line":199,"column":56}},"line":199},"21":{"name":"(anonymous_21)","decl":{"start":{"line":247,"column":10},"end":{"line":247,"column":11}},"loc":{"start":{"line":247,"column":16},"end":{"line":266,"column":9}},"line":247},"22":{"name":"(anonymous_22)","decl":{"start":{"line":248,"column":72},"end":{"line":248,"column":73}},"loc":{"start":{"line":249,"column":12},"end":{"line":249,"column":83}},"line":249}},"branchMap":{"0":{"loc":{"start":{"line":26,"column":4},"end":{"line":29,"column":5}},"type":"if","locations":[{"start":{"line":26,"column":4},"end":{"line":29,"column":5}},{"start":{},"end":{}}],"line":26},"1":{"loc":{"start":{"line":26,"column":8},"end":{"line":26,"column":37}},"type":"binary-expr","locations":[{"start":{"line":26,"column":8},"end":{"line":26,"column":15}},{"start":{"line":26,"column":19},"end":{"line":26,"column":37}}],"line":26},"2":{"loc":{"start":{"line":33,"column":4},"end":{"line":33,"column":40}},"type":"if","locations":[{"start":{"line":33,"column":4},"end":{"line":33,"column":40}},{"start":{},"end":{}}],"line":33},"3":{"loc":{"start":{"line":37,"column":22},"end":{"line":37,"column":53}},"type":"binary-expr","locations":[{"start":{"line":37,"column":22},"end":{"line":37,"column":40}},{"start":{"line":37,"column":44},"end":{"line":37,"column":53}}],"line":37},"4":{"loc":{"start":{"line":38,"column":31},"end":{"line":38,"column":57}},"type":"binary-expr","locations":[{"start":{"line":38,"column":31},"end":{"line":38,"column":52}},{"start":{"line":38,"column":56},"end":{"line":38,"column":57}}],"line":38},"5":{"loc":{"start":{"line":55,"column":4},"end":{"line":64,"column":5}},"type":"if","locations":[{"start":{"line":55,"column":4},"end":{"line":64,"column":5}},{"start":{},"end":{}}],"line":55},"6":{"loc":{"start":{"line":59,"column":8},"end":{"line":62,"column":35}},"type":"if","locations":[{"start":{"line":59,"column":8},"end":{"line":62,"column":35}},{"start":{"line":60,"column":13},"end":{"line":62,"column":35}}],"line":59},"7":{"loc":{"start":{"line":60,"column":13},"end":{"line":62,"column":35}},"type":"if","locations":[{"start":{"line":60,"column":13},"end":{"line":62,"column":35}},{"start":{"line":61,"column":13},"end":{"line":62,"column":35}}],"line":60},"8":{"loc":{"start":{"line":61,"column":13},"end":{"line":62,"column":35}},"type":"if","locations":[{"start":{"line":61,"column":13},"end":{"line":62,"column":35}},{"start":{"line":62,"column":13},"end":{"line":62,"column":35}}],"line":61},"9":{"loc":{"start":{"line":70,"column":4},"end":{"line":70,"column":39}},"type":"if","locations":[{"start":{"line":70,"column":4},"end":{"line":70,"column":39}},{"start":{},"end":{}}],"line":70},"10":{"loc":{"start":{"line":73,"column":4},"end":{"line":73,"column":44}},"type":"if","locations":[{"start":{"line":73,"column":4},"end":{"line":73,"column":44}},{"start":{},"end":{}}],"line":73},"11":{"loc":{"start":{"line":75,"column":67},"end":{"line":75,"column":89}},"type":"binary-expr","locations":[{"start":{"line":75,"column":67},"end":{"line":75,"column":84}},{"start":{"line":75,"column":88},"end":{"line":75,"column":89}}],"line":75},"12":{"loc":{"start":{"line":80,"column":4},"end":{"line":80,"column":42}},"type":"if","locations":[{"start":{"line":80,"column":4},"end":{"line":80,"column":42}},{"start":{},"end":{}}],"line":80},"13":{"loc":{"start":{"line":82,"column":27},"end":{"line":82,"column":56}},"type":"binary-expr","locations":[{"start":{"line":82,"column":27},"end":{"line":82,"column":51}},{"start":{"line":82,"column":55},"end":{"line":82,"column":56}}],"line":82},"14":{"loc":{"start":{"line":83,"column":33},"end":{"line":83,"column":70}},"type":"binary-expr","locations":[{"start":{"line":83,"column":33},"end":{"line":83,"column":65}},{"start":{"line":83,"column":69},"end":{"line":83,"column":70}}],"line":83},"15":{"loc":{"start":{"line":84,"column":13},"end":{"line":84,"column":70}},"type":"cond-expr","locations":[{"start":{"line":84,"column":49},"end":{"line":84,"column":54}},{"start":{"line":84,"column":57},"end":{"line":84,"column":70}}],"line":84},"16":{"loc":{"start":{"line":90,"column":4},"end":{"line":90,"column":54}},"type":"if","locations":[{"start":{"line":90,"column":4},"end":{"line":90,"column":54}},{"start":{},"end":{}}],"line":90},"17":{"loc":{"start":{"line":93,"column":13},"end":{"line":93,"column":102}},"type":"cond-expr","locations":[{"start":{"line":93,"column":87},"end":{"line":93,"column":92}},{"start":{"line":93,"column":95},"end":{"line":93,"column":102}}],"line":93},"18":{"loc":{"start":{"line":93,"column":14},"end":{"line":93,"column":45}},"type":"binary-expr","locations":[{"start":{"line":93,"column":14},"end":{"line":93,"column":33}},{"start":{"line":93,"column":37},"end":{"line":93,"column":45}}],"line":93},"19":{"loc":{"start":{"line":93,"column":50},"end":{"line":93,"column":83}},"type":"binary-expr","locations":[{"start":{"line":93,"column":50},"end":{"line":93,"column":71}},{"start":{"line":93,"column":75},"end":{"line":93,"column":83}}],"line":93},"20":{"loc":{"start":{"line":112,"column":31},"end":{"line":112,"column":66}},"type":"binary-expr","locations":[{"start":{"line":112,"column":31},"end":{"line":112,"column":38}},{"start":{"line":112,"column":42},"end":{"line":112,"column":66}}],"line":112},"21":{"loc":{"start":{"line":127,"column":9},"end":{"line":127,"column":72}},"type":"binary-expr","locations":[{"start":{"line":127,"column":9},"end":{"line":127,"column":17}},{"start":{"line":127,"column":21},"end":{"line":127,"column":72}}],"line":127},"22":{"loc":{"start":{"line":159,"column":19},"end":{"line":159,"column":106}},"type":"cond-expr","locations":[{"start":{"line":159,"column":40},"end":{"line":159,"column":102}},{"start":{"line":159,"column":105},"end":{"line":159,"column":106}}],"line":159},"23":{"loc":{"start":{"line":167,"column":7},"end":{"line":189,"column":7}},"type":"binary-expr","locations":[{"start":{"line":167,"column":7},"end":{"line":167,"column":30}},{"start":{"line":168,"column":8},"end":{"line":188,"column":15}}],"line":167},"24":{"loc":{"start":{"line":206,"column":32},"end":{"line":206,"column":87}},"type":"cond-expr","locations":[{"start":{"line":206,"column":53},"end":{"line":206,"column":83}},{"start":{"line":206,"column":86},"end":{"line":206,"column":87}}],"line":206},"25":{"loc":{"start":{"line":225,"column":9},"end":{"line":234,"column":9}},"type":"binary-expr","locations":[{"start":{"line":225,"column":9},"end":{"line":225,"column":27}},{"start":{"line":226,"column":10},"end":{"line":233,"column":17}}],"line":225},"26":{"loc":{"start":{"line":236,"column":9},"end":{"line":245,"column":9}},"type":"binary-expr","locations":[{"start":{"line":236,"column":9},"end":{"line":236,"column":21}},{"start":{"line":237,"column":10},"end":{"line":244,"column":17}}],"line":236},"27":{"loc":{"start":{"line":248,"column":36},"end":{"line":250,"column":18}},"type":"cond-expr","locations":[{"start":{"line":248,"column":57},"end":{"line":250,"column":11}},{"start":{"line":250,"column":14},"end":{"line":250,"column":18}}],"line":248},"28":{"loc":{"start":{"line":249,"column":12},"end":{"line":249,"column":83}},"type":"cond-expr","locations":[{"start":{"line":249,"column":68},"end":{"line":249,"column":73}},{"start":{"line":249,"column":76},"end":{"line":249,"column":83}}],"line":249},"29":{"loc":{"start":{"line":249,"column":13},"end":{"line":249,"column":35}},"type":"binary-expr","locations":[{"start":{"line":249,"column":13},"end":{"line":249,"column":30}},{"start":{"line":249,"column":34},"end":{"line":249,"column":35}}],"line":249},"30":{"loc":{"start":{"line":249,"column":40},"end":{"line":249,"column":64}},"type":"binary-expr","locations":[{"start":{"line":249,"column":40},"end":{"line":249,"column":59}},{"start":{"line":249,"column":63},"end":{"line":249,"column":64}}],"line":249},"31":{"loc":{"start":{"line":252,"column":17},"end":{"line":265,"column":11}},"type":"binary-expr","locations":[{"start":{"line":252,"column":17},"end":{"line":252,"column":34}},{"start":{"line":253,"column":12},"end":{"line":264,"column":19}}],"line":252}},"s":{"0":0,"1":0,"2":0,"3":0,"4":0,"5":0,"6":0,"7":0,"8":0,"9":0,"10":0,"11":0,"12":0,"13":0,"14":0,"15":0,"16":0,"17":0,"18":0,"19":0,"20":0,"21":0,"22":0,"23":0,"24":0,"25":0,"26":0,"27":0,"28":0,"29":0,"30":0,"31":0,"32":0,"33":0,"34":0,"35":0,"36":0,"37":0,"38":0,"39":0,"40":0,"41":0,"42":0,"43":0,"44":0,"45":0,"46":0,"47":0,"48":0,"49":0,"50":0,"51":0,"52":0,"53":0,"54":0,"55":0,"56":0,"57":0,"58":0,"59":0,"60":0,"61":0,"62":0,"63":0,"64":0,"65":0,"66":0},"f":{"0":0,"1":0,"2":0,"3":0,"4":0,"5":0,"6":0,"7":0,"8":0,"9":0,"10":0,"11":0,"12":0,"13":0,"14":0,"15":0,"16":0,"17":0,"18":0,"19":0,"20":0,"21":0,"22":0},"b":{"0":[0,0],"1":[0,0],"2":[0,0],"3":[0,0],"4":[0,0],"5":[0,0],"6":[0,0],"7":[0,0],"8":[0,0],"9":[0,0],"10":[0,0],"11":[0,0],"12":[0,0],"13":[0,0],"14":[0,0],"15":[0,0],"16":[0,0],"17":[0,0],"18":[0,0],"19":[0,0],"20":[0,0],"21":[0,0],"22":[0,0],"23":[0,0],"24":[0,0],"25":[0,0],"26":[0,0],"27":[0,0],"28":[0,0],"29":[0,0],"30":[0,0],"31":[0,0]}}
,"/Users/ryanmota/SwipeDish/src/components/MatchBanner.tsx": {"path":"/Users/ryanmota/SwipeDish/src/components/MatchBanner.tsx","statementMap":{"0":{"start":{"line":22,"column":32},"end":{"line":22,"column":56}},"1":{"start":{"line":29,"column":55},"end":{"line":118,"column":1}},"2":{"start":{"line":30,"column":21},"end":{"line":30,"column":41}},"3":{"start":{"line":31,"column":18},"end":{"line":31,"column":35}},"4":{"start":{"line":33,"column":2},"end":{"line":44,"column":9}},"5":{"start":{"line":35,"column":4},"end":{"line":35,"column":70}},"6":{"start":{"line":36,"column":4},"end":{"line":36,"column":53}},"7":{"start":{"line":39,"column":18},"end":{"line":41,"column":12}},"8":{"start":{"line":40,"column":6},"end":{"line":40,"column":19}},"9":{"start":{"line":43,"column":4},"end":{"line":43,"column":37}},"10":{"start":{"line":43,"column":17},"end":{"line":43,"column":36}},"11":{"start":{"line":46,"column":21},"end":{"line":51,"column":3}},"12":{"start":{"line":47,"column":4},"end":{"line":47,"column":59}},"13":{"start":{"line":48,"column":4},"end":{"line":50,"column":7}},"14":{"start":{"line":49,"column":6},"end":{"line":49,"column":25}},"15":{"start":{"line":53,"column":24},"end":{"line":56,"column":5}},"16":{"start":{"line":53,"column":48},"end":{"line":56,"column":3}},"17":{"start":{"line":58,"column":2},"end":{"line":117,"column":4}},"18":{"start":{"line":81,"column":12},"end":{"line":83,"column":13}},"19":{"start":{"line":82,"column":14},"end":{"line":82,"column":80}},"20":{"start":{"line":94,"column":12},"end":{"line":96,"column":13}},"21":{"start":{"line":95,"column":14},"end":{"line":95,"column":61}},"22":{"start":{"line":107,"column":12},"end":{"line":109,"column":13}},"23":{"start":{"line":108,"column":14},"end":{"line":108,"column":65}},"24":{"start":{"line":120,"column":15},"end":{"line":190,"column":2}}},"fnMap":{"0":{"name":"(anonymous_0)","decl":{"start":{"line":29,"column":55},"end":{"line":29,"column":56}},"loc":{"start":{"line":29,"column":79},"end":{"line":118,"column":1}},"line":29},"1":{"name":"(anonymous_1)","decl":{"start":{"line":33,"column":12},"end":{"line":33,"column":13}},"loc":{"start":{"line":33,"column":18},"end":{"line":44,"column":3}},"line":33},"2":{"name":"(anonymous_2)","decl":{"start":{"line":39,"column":29},"end":{"line":39,"column":30}},"loc":{"start":{"line":39,"column":35},"end":{"line":41,"column":5}},"line":39},"3":{"name":"(anonymous_3)","decl":{"start":{"line":43,"column":11},"end":{"line":43,"column":12}},"loc":{"start":{"line":43,"column":17},"end":{"line":43,"column":36}},"line":43},"4":{"name":"(anonymous_4)","decl":{"start":{"line":46,"column":21},"end":{"line":46,"column":22}},"loc":{"start":{"line":46,"column":27},"end":{"line":51,"column":3}},"line":46},"5":{"name":"(anonymous_5)","decl":{"start":{"line":48,"column":53},"end":{"line":48,"column":54}},"loc":{"start":{"line":48,"column":59},"end":{"line":50,"column":5}},"line":48},"6":{"name":"(anonymous_6)","decl":{"start":{"line":53,"column":41},"end":{"line":53,"column":42}},"loc":{"start":{"line":53,"column":48},"end":{"line":56,"column":3}},"line":53},"7":{"name":"(anonymous_7)","decl":{"start":{"line":80,"column":19},"end":{"line":80,"column":20}},"loc":{"start":{"line":80,"column":25},"end":{"line":84,"column":11}},"line":80},"8":{"name":"(anonymous_8)","decl":{"start":{"line":92,"column":19},"end":{"line":92,"column":20}},"loc":{"start":{"line":92,"column":25},"end":{"line":97,"column":11}},"line":92},"9":{"name":"(anonymous_9)","decl":{"start":{"line":105,"column":19},"end":{"line":105,"column":20}},"loc":{"start":{"line":105,"column":25},"end":{"line":110,"column":11}},"line":105}},"branchMap":{"0":{"loc":{"start":{"line":81,"column":12},"end":{"line":83,"column":13}},"type":"if","locations":[{"start":{"line":81,"column":12},"end":{"line":83,"column":13}},{"start":{},"end":{}}],"line":81},"1":{"loc":{"start":{"line":94,"column":12},"end":{"line":96,"column":13}},"type":"if","locations":[{"start":{"line":94,"column":12},"end":{"line":96,"column":13}},{"start":{},"end":{}}],"line":94},"2":{"loc":{"start":{"line":107,"column":12},"end":{"line":109,"column":13}},"type":"if","locations":[{"start":{"line":107,"column":12},"end":{"line":109,"column":13}},{"start":{},"end":{}}],"line":107}},"s":{"0":0,"1":0,"2":0,"3":0,"4":0,"5":0,"6":0,"7":0,"8":0,"9":0,"10":0,"11":0,"12":0,"13":0,"14":0,"15":0,"16":0,"17":0,"18":0,"19":0,"20":0,"21":0,"22":0,"23":0,"24":0},"f":{"0":0,"1":0,"2":0,"3":0,"4":0,"5":0,"6":0,"7":0,"8":0,"9":0},"b":{"0":[0,0],"1":[0,0],"2":[0,0]}}
,"/Users/ryanmota/SwipeDish/src/components/MatchCard.tsx": {"path":"/Users/ryanmota/SwipeDish/src/components/MatchCard.tsx","statementMap":{"0":{"start":{"line":28,"column":18},"end":{"line":28,"column":42}},"1":{"start":{"line":30,"column":51},"end":{"line":330,"column":1}},"2":{"start":{"line":37,"column":40},"end":{"line":37,"column":55}},"3":{"start":{"line":41,"column":20},"end":{"line":41,"column":41}},"4":{"start":{"line":42,"column":20},"end":{"line":42,"column":41}},"5":{"start":{"line":43,"column":20},"end":{"line":43,"column":41}},"6":{"start":{"line":45,"column":2},"end":{"line":60,"column":9}},"7":{"start":{"line":47,"column":4},"end":{"line":59,"column":15}},"8":{"start":{"line":62,"column":22},"end":{"line":76,"column":3}},"9":{"start":{"line":63,"column":4},"end":{"line":74,"column":15}},"10":{"start":{"line":75,"column":4},"end":{"line":75,"column":16}},"11":{"start":{"line":78,"column":25},"end":{"line":92,"column":3}},"12":{"start":{"line":79,"column":4},"end":{"line":90,"column":15}},"13":{"start":{"line":91,"column":4},"end":{"line":91,"column":19}},"14":{"start":{"line":94,"column":24},"end":{"line":106,"column":3}},"15":{"start":{"line":95,"column":16},"end":{"line":95,"column":26}},"16":{"start":{"line":96,"column":26},"end":{"line":96,"column":84}},"17":{"start":{"line":98,"column":4},"end":{"line":98,"column":45}},"18":{"start":{"line":98,"column":27},"end":{"line":98,"column":45}},"19":{"start":{"line":99,"column":4},"end":{"line":99,"column":59}},"20":{"start":{"line":99,"column":28},"end":{"line":99,"column":59}},"21":{"start":{"line":101,"column":24},"end":{"line":101,"column":54}},"22":{"start":{"line":102,"column":4},"end":{"line":102,"column":55}},"23":{"start":{"line":102,"column":26},"end":{"line":102,"column":55}},"24":{"start":{"line":104,"column":23},"end":{"line":104,"column":51}},"25":{"start":{"line":105,"column":4},"end":{"line":105,"column":32}},"26":{"start":{"line":108,"column":30},"end":{"line":118,"column":3}},"27":{"start":{"line":109,"column":4},"end":{"line":117,"column":5}},"28":{"start":{"line":110,"column":6},"end":{"line":114,"column":7}},"29":{"start":{"line":111,"column":8},"end":{"line":111,"column":80}},"30":{"start":{"line":113,"column":8},"end":{"line":113,"column":102}},"31":{"start":{"line":116,"column":6},"end":{"line":116,"column":56}},"32":{"start":{"line":122,"column":22},"end":{"line":143,"column":3}},"33":{"start":{"line":123,"column":25},"end":{"line":123,"column":27}},"34":{"start":{"line":125,"column":4},"end":{"line":127,"column":5}},"35":{"start":{"line":126,"column":6},"end":{"line":126,"column":86}},"36":{"start":{"line":126,"column":64},"end":{"line":126,"column":82}},"37":{"start":{"line":129,"column":4},"end":{"line":131,"column":5}},"38":{"start":{"line":130,"column":6},"end":{"line":130,"column":103}},"39":{"start":{"line":130,"column":66},"end":{"line":130,"column":99}},"40":{"start":{"line":133,"column":4},"end":{"line":136,"column":5}},"41":{"start":{"line":134,"column":6},"end":{"line":134,"column":93}},"42":{"start":{"line":135,"column":6},"end":{"line":135,"column":13}},"43":{"start":{"line":138,"column":4},"end":{"line":142,"column":6}},"44":{"start":{"line":145,"column":27},"end":{"line":156,"column":3}},"45":{"start":{"line":146,"column":4},"end":{"line":155,"column":6}},"46":{"start":{"line":150,"column":44},"end":{"line":150,"column":58}},"47":{"start":{"line":151,"column":43},"end":{"line":151,"column":57}},"48":{"start":{"line":152,"column":50},"end":{"line":152,"column":69}},"49":{"start":{"line":158,"column":23},"end":{"line":163,"column":3}},"50":{"start":{"line":159,"column":16},"end":{"line":159,"column":91}},"51":{"start":{"line":160,"column":4},"end":{"line":162,"column":6}},"52":{"start":{"line":161,"column":6},"end":{"line":161,"column":54}},"53":{"start":{"line":165,"column":23},"end":{"line":170,"column":3}},"54":{"start":{"line":166,"column":16},"end":{"line":166,"column":96}},"55":{"start":{"line":167,"column":4},"end":{"line":169,"column":6}},"56":{"start":{"line":168,"column":6},"end":{"line":168,"column":53}},"57":{"start":{"line":172,"column":28},"end":{"line":177,"column":3}},"58":{"start":{"line":173,"column":16},"end":{"line":173,"column":96}},"59":{"start":{"line":174,"column":4},"end":{"line":176,"column":6}},"60":{"start":{"line":175,"column":6},"end":{"line":175,"column":60}},"61":{"start":{"line":179,"column":25},"end":{"line":184,"column":3}},"62":{"start":{"line":180,"column":16},"end":{"line":180,"column":36}},"63":{"start":{"line":181,"column":4},"end":{"line":183,"column":6}},"64":{"start":{"line":182,"column":6},"end":{"line":182,"column":55}},"65":{"start":{"line":186,"column":24},"end":{"line":189,"column":3}},"66":{"start":{"line":187,"column":19},"end":{"line":187,"column":65}},"67":{"start":{"line":188,"column":4},"end":{"line":188,"column":58}},"68":{"start":{"line":191,"column":2},"end":{"line":329,"column":4}},"69":{"start":{"line":212,"column":26},"end":{"line":212,"column":46}},"70":{"start":{"line":332,"column":15},"end":{"line":515,"column":2}}},"fnMap":{"0":{"name":"(anonymous_0)","decl":{"start":{"line":30,"column":51},"end":{"line":30,"column":52}},"loc":{"start":{"line":36,"column":6},"end":{"line":330,"column":1}},"line":36},"1":{"name":"(anonymous_1)","decl":{"start":{"line":45,"column":12},"end":{"line":45,"column":13}},"loc":{"start":{"line":45,"column":18},"end":{"line":60,"column":3}},"line":45},"2":{"name":"(anonymous_2)","decl":{"start":{"line":62,"column":22},"end":{"line":62,"column":23}},"loc":{"start":{"line":62,"column":28},"end":{"line":76,"column":3}},"line":62},"3":{"name":"(anonymous_3)","decl":{"start":{"line":78,"column":25},"end":{"line":78,"column":26}},"loc":{"start":{"line":78,"column":31},"end":{"line":92,"column":3}},"line":78},"4":{"name":"(anonymous_4)","decl":{"start":{"line":94,"column":24},"end":{"line":94,"column":25}},"loc":{"start":{"line":94,"column":40},"end":{"line":106,"column":3}},"line":94},"5":{"name":"(anonymous_5)","decl":{"start":{"line":108,"column":30},"end":{"line":108,"column":31}},"loc":{"start":{"line":108,"column":42},"end":{"line":118,"column":3}},"line":108},"6":{"name":"(anonymous_6)","decl":{"start":{"line":122,"column":22},"end":{"line":122,"column":23}},"loc":{"start":{"line":122,"column":34},"end":{"line":143,"column":3}},"line":122},"7":{"name":"(anonymous_7)","decl":{"start":{"line":126,"column":58},"end":{"line":126,"column":59}},"loc":{"start":{"line":126,"column":64},"end":{"line":126,"column":82}},"line":126},"8":{"name":"(anonymous_8)","decl":{"start":{"line":130,"column":60},"end":{"line":130,"column":61}},"loc":{"start":{"line":130,"column":66},"end":{"line":130,"column":99}},"line":130},"9":{"name":"(anonymous_9)","decl":{"start":{"line":145,"column":27},"end":{"line":145,"column":28}},"loc":{"start":{"line":145,"column":33},"end":{"line":156,"column":3}},"line":145},"10":{"name":"(anonymous_10)","decl":{"start":{"line":150,"column":38},"end":{"line":150,"column":39}},"loc":{"start":{"line":150,"column":44},"end":{"line":150,"column":58}},"line":150},"11":{"name":"(anonymous_11)","decl":{"start":{"line":151,"column":37},"end":{"line":151,"column":38}},"loc":{"start":{"line":151,"column":43},"end":{"line":151,"column":57}},"line":151},"12":{"name":"(anonymous_12)","decl":{"start":{"line":152,"column":44},"end":{"line":152,"column":45}},"loc":{"start":{"line":152,"column":50},"end":{"line":152,"column":69}},"line":152},"13":{"name":"(anonymous_13)","decl":{"start":{"line":158,"column":23},"end":{"line":158,"column":24}},"loc":{"start":{"line":158,"column":29},"end":{"line":163,"column":3}},"line":158},"14":{"name":"(anonymous_14)","decl":{"start":{"line":160,"column":31},"end":{"line":160,"column":32}},"loc":{"start":{"line":161,"column":6},"end":{"line":161,"column":54}},"line":161},"15":{"name":"(anonymous_15)","decl":{"start":{"line":165,"column":23},"end":{"line":165,"column":24}},"loc":{"start":{"line":165,"column":29},"end":{"line":170,"column":3}},"line":165},"16":{"name":"(anonymous_16)","decl":{"start":{"line":167,"column":31},"end":{"line":167,"column":32}},"loc":{"start":{"line":168,"column":6},"end":{"line":168,"column":53}},"line":168},"17":{"name":"(anonymous_17)","decl":{"start":{"line":172,"column":28},"end":{"line":172,"column":29}},"loc":{"start":{"line":172,"column":34},"end":{"line":177,"column":3}},"line":172},"18":{"name":"(anonymous_18)","decl":{"start":{"line":174,"column":31},"end":{"line":174,"column":32}},"loc":{"start":{"line":175,"column":6},"end":{"line":175,"column":60}},"line":175},"19":{"name":"(anonymous_19)","decl":{"start":{"line":179,"column":25},"end":{"line":179,"column":26}},"loc":{"start":{"line":179,"column":50},"end":{"line":184,"column":3}},"line":179},"20":{"name":"(anonymous_20)","decl":{"start":{"line":181,"column":31},"end":{"line":181,"column":32}},"loc":{"start":{"line":182,"column":6},"end":{"line":182,"column":55}},"line":182},"21":{"name":"(anonymous_21)","decl":{"start":{"line":186,"column":24},"end":{"line":186,"column":25}},"loc":{"start":{"line":186,"column":30},"end":{"line":189,"column":3}},"line":186},"22":{"name":"(anonymous_22)","decl":{"start":{"line":212,"column":20},"end":{"line":212,"column":21}},"loc":{"start":{"line":212,"column":26},"end":{"line":212,"column":46}},"line":212}},"branchMap":{"0":{"loc":{"start":{"line":35,"column":2},"end":{"line":35,"column":20}},"type":"default-arg","locations":[{"start":{"line":35,"column":15},"end":{"line":35,"column":20}}],"line":35},"1":{"loc":{"start":{"line":98,"column":4},"end":{"line":98,"column":45}},"type":"if","locations":[{"start":{"line":98,"column":4},"end":{"line":98,"column":45}},{"start":{},"end":{}}],"line":98},"2":{"loc":{"start":{"line":99,"column":4},"end":{"line":99,"column":59}},"type":"if","locations":[{"start":{"line":99,"column":4},"end":{"line":99,"column":59}},{"start":{},"end":{}}],"line":99},"3":{"loc":{"start":{"line":102,"column":4},"end":{"line":102,"column":55}},"type":"if","locations":[{"start":{"line":102,"column":4},"end":{"line":102,"column":55}},{"start":{},"end":{}}],"line":102},"4":{"loc":{"start":{"line":110,"column":6},"end":{"line":114,"column":7}},"type":"if","locations":[{"start":{"line":110,"column":6},"end":{"line":114,"column":7}},{"start":{"line":112,"column":13},"end":{"line":114,"column":7}}],"line":110},"5":{"loc":{"start":{"line":125,"column":4},"end":{"line":127,"column":5}},"type":"if","locations":[{"start":{"line":125,"column":4},"end":{"line":127,"column":5}},{"start":{},"end":{}}],"line":125},"6":{"loc":{"start":{"line":129,"column":4},"end":{"line":131,"column":5}},"type":"if","locations":[{"start":{"line":129,"column":4},"end":{"line":131,"column":5}},{"start":{},"end":{}}],"line":129},"7":{"loc":{"start":{"line":133,"column":4},"end":{"line":136,"column":5}},"type":"if","locations":[{"start":{"line":133,"column":4},"end":{"line":136,"column":5}},{"start":{},"end":{}}],"line":133},"8":{"loc":{"start":{"line":214,"column":11},"end":{"line":218,"column":11}},"type":"binary-expr","locations":[{"start":{"line":214,"column":11},"end":{"line":214,"column":23}},{"start":{"line":215,"column":12},"end":{"line":217,"column":19}}],"line":214},"9":{"loc":{"start":{"line":235,"column":22},"end":{"line":235,"column":60}},"type":"cond-expr","locations":[{"start":{"line":235,"column":35},"end":{"line":235,"column":42}},{"start":{"line":235,"column":45},"end":{"line":235,"column":60}}],"line":235},"10":{"loc":{"start":{"line":237,"column":23},"end":{"line":237,"column":61}},"type":"cond-expr","locations":[{"start":{"line":237,"column":36},"end":{"line":237,"column":47}},{"start":{"line":237,"column":50},"end":{"line":237,"column":61}}],"line":237},"11":{"loc":{"start":{"line":271,"column":17},"end":{"line":271,"column":73}},"type":"cond-expr","locations":[{"start":{"line":271,"column":37},"end":{"line":271,"column":65}},{"start":{"line":271,"column":68},"end":{"line":271,"column":73}}],"line":271},"12":{"loc":{"start":{"line":273,"column":15},"end":{"line":275,"column":15}},"type":"binary-expr","locations":[{"start":{"line":273,"column":15},"end":{"line":273,"column":42}},{"start":{"line":274,"column":16},"end":{"line":274,"column":87}}],"line":273},"13":{"loc":{"start":{"line":281,"column":17},"end":{"line":281,"column":73}},"type":"cond-expr","locations":[{"start":{"line":281,"column":39},"end":{"line":281,"column":65}},{"start":{"line":281,"column":68},"end":{"line":281,"column":73}}],"line":281},"14":{"loc":{"start":{"line":287,"column":11},"end":{"line":308,"column":11}},"type":"binary-expr","locations":[{"start":{"line":287,"column":11},"end":{"line":287,"column":30}},{"start":{"line":288,"column":12},"end":{"line":307,"column":19}}],"line":287},"15":{"loc":{"start":{"line":289,"column":15},"end":{"line":294,"column":15}},"type":"binary-expr","locations":[{"start":{"line":289,"column":15},"end":{"line":289,"column":43}},{"start":{"line":290,"column":16},"end":{"line":293,"column":23}}],"line":289},"16":{"loc":{"start":{"line":295,"column":15},"end":{"line":300,"column":15}},"type":"binary-expr","locations":[{"start":{"line":295,"column":15},"end":{"line":295,"column":42}},{"start":{"line":296,"column":16},"end":{"line":299,"column":23}}],"line":295},"17":{"loc":{"start":{"line":301,"column":15},"end":{"line":306,"column":15}},"type":"binary-expr","locations":[{"start":{"line":301,"column":15},"end":{"line":301,"column":41}},{"start":{"line":302,"column":16},"end":{"line":305,"column":23}}],"line":301}},"s":{"0":0,"1":0,"2":0,"3":0,"4":0,"5":0,"6":0,"7":0,"8":0,"9":0,"10":0,"11":0,"12":0,"13":0,"14":0,"15":0,"16":0,"17":0,"18":0,"19":0,"20":0,"21":0,"22":0,"23":0,"24":0,"25":0,"26":0,"27":0,"28":0,"29":0,"30":0,"31":0,"32":0,"33":0,"34":0,"35":0,"36":0,"37":0,"38":0,"39":0,"40":0,"41":0,"42":0,"43":0,"44":0,"45":0,"46":0,"47":0,"48":0,"49":0,"50":0,"51":0,"52":0,"53":0,"54":0,"55":0,"56":0,"57":0,"58":0,"59":0,"60":0,"61":0,"62":0,"63":0,"64":0,"65":0,"66":0,"67":0,"68":0,"69":0,"70":0},"f":{"0":0,"1":0,"2":0,"3":0,"4":0,"5":0,"6":0,"7":0,"8":0,"9":0,"10":0,"11":0,"12":0,"13":0,"14":0,"15":0,"16":0,"17":0,"18":0,"19":0,"20":0,"21":0,"22":0},"b":{"0":[0],"1":[0,0],"2":[0,0],"3":[0,0],"4":[0,0],"5":[0,0],"6":[0,0],"7":[0,0],"8":[0,0],"9":[0,0],"10":[0,0],"11":[0,0],"12":[0,0],"13":[0,0],"14":[0,0],"15":[0,0],"16":[0,0],"17":[0,0]}}
[...]
:{"loc":{"start":{"line":13,"column":6},"end":{"line":13,"column":39}},"type":"binary-expr","locations":[{"start":{"line":13,"column":6},"end":{"line":13,"column":18}},{"start":{"line":13,"column":22},"end":{"line":13,"column":39}}],"line":13},"2":{"loc":{"start":{"line":17,"column":2},"end":{"line":19,"column":3}},"type":"if","locations":[{"start":{"line":17,"column":2},"end":{"line":19,"column":3}},{"start":{},"end":{}}],"line":17},"3":{"loc":{"start":{"line":21,"column":2},"end":{"line":29,"column":3}},"type":"if","locations":[{"start":{"line":21,"column":2},"end":{"line":29,"column":3}},{"start":{},"end":{}}],"line":21},"4":{"loc":{"start":{"line":24,"column":6},"end":{"line":26,"column":7}},"type":"if","locations":[{"start":{"line":24,"column":6},"end":{"line":26,"column":7}},{"start":{},"end":{}}],"line":24},"5":{"loc":{"start":{"line":41,"column":10},"end":{"line":41,"column":41}},"type":"binary-expr","locations":[{"start":{"line":41,"column":10},"end":{"line":41,"column":25}},{"start":{"line":41,"column":29},"end":{"line":41,"column":41}}],"line":41},"6":{"loc":{"start":{"line":43,"column":14},"end":{"line":43,"column":39}},"type":"binary-expr","locations":[{"start":{"line":43,"column":14},"end":{"line":43,"column":33}},{"start":{"line":43,"column":37},"end":{"line":43,"column":39}}],"line":43},"7":{"loc":{"start":{"line":46,"column":12},"end":{"line":46,"column":34}},"type":"binary-expr","locations":[{"start":{"line":46,"column":12},"end":{"line":46,"column":29}},{"start":{"line":46,"column":33},"end":{"line":46,"column":34}}],"line":46},"8":{"loc":{"start":{"line":47,"column":11},"end":{"line":47,"column":33}},"type":"binary-expr","locations":[{"start":{"line":47,"column":11},"end":{"line":47,"column":27}},{"start":{"line":47,"column":31},"end":{"line":47,"column":33}}],"line":47},"9":{"loc":{"start":{"line":48,"column":13},"end":{"line":48,"column":37}},"type":"binary-expr","locations":[{"start":{"line":48,"column":13},"end":{"line":48,"column":31}},{"start":{"line":48,"column":35},"end":{"line":48,"column":37}}],"line":48},"10":{"loc":{"start":{"line":49,"column":14},"end":{"line":49,"column":38}},"type":"binary-expr","locations":[{"start":{"line":49,"column":14},"end":{"line":49,"column":33}},{"start":{"line":49,"column":37},"end":{"line":49,"column":38}}],"line":49},"11":{"loc":{"start":{"line":50,"column":18},"end":{"line":50,"column":46}},"type":"binary-expr","locations":[{"start":{"line":50,"column":18},"end":{"line":50,"column":41}},{"start":{"line":50,"column":45},"end":{"line":50,"column":46}}],"line":50},"12":{"loc":{"start":{"line":51,"column":10},"end":{"line":51,"column":31}},"type":"binary-expr","locations":[{"start":{"line":51,"column":10},"end":{"line":51,"column":25}},{"start":{"line":51,"column":29},"end":{"line":51,"column":31}}],"line":51},"13":{"loc":{"start":{"line":52,"column":12},"end":{"line":52,"column":37}},"type":"binary-expr","locations":[{"start":{"line":52,"column":12},"end":{"line":52,"column":29}},{"start":{"line":52,"column":33},"end":{"line":52,"column":37}}],"line":52},"14":{"loc":{"start":{"line":56,"column":2},"end":{"line":58,"column":3}},"type":"if","locations":[{"start":{"line":56,"column":2},"end":{"line":58,"column":3}},{"start":{},"end":{}}],"line":56},"15":{"loc":{"start":{"line":60,"column":2},"end":{"line":62,"column":3}},"type":"if","locations":[{"start":{"line":60,"column":2},"end":{"line":62,"column":3}},{"start":{},"end":{}}],"line":60},"16":{"loc":{"start":{"line":64,"column":2},"end":{"line":66,"column":3}},"type":"if","locations":[{"start":{"line":64,"column":2},"end":{"line":66,"column":3}},{"start":{},"end":{}}],"line":64},"17":{"loc":{"start":{"line":68,"column":2},"end":{"line":70,"column":3}},"type":"if","locations":[{"start":{"line":68,"column":2},"end":{"line":70,"column":3}},{"start":{},"end":{}}],"line":68},"18":{"loc":{"start":{"line":68,"column":6},"end":{"line":68,"column":87}},"type":"binary-expr","locations":[{"start":{"line":68,"column":6},"end":{"line":68,"column":47}},{"start":{"line":68,"column":51},"end":{"line":68,"column":87}}],"line":68}},"s":{"0":0,"1":0,"2":0,"3":0,"4":0,"5":0,"6":0,"7":0,"8":0,"9":0,"10":0,"11":0,"12":0,"13":0,"14":0,"15":0,"16":0,"17":0,"18":0,"19":0,"20":0,"21":0},"f":{"0":0,"1":0,"2":0},"b":{"0":[0,0],"1":[0,0],"2":[0,0],"3":[0,0],"4":[0,0],"5":[0,0],"6":[0,0],"7":[0,0],"8":[0,0],"9":[0,0],"10":[0,0],"11":[0,0],"12":[0,0],"13":[0,0],"14":[0,0],"15":[0,0],"16":[0,0],"17":[0,0],"18":[0,0]}}
,"/Users/ryanmota/SwipeDish/src/utils/inputValidation.ts": {"path":"/Users/ryanmota/SwipeDish/src/utils/inputValidation.ts","statementMap":{"0":{"start":{"line":6,"column":4},"end":{"line":6,"column":77}},"1":{"start":{"line":13,"column":4},"end":{"line":13,"column":79}},"2":{"start":{"line":20,"column":4},"end":{"line":20,"column":89}},"3":{"start":{"line":27,"column":4},"end":{"line":27,"column":92}},"4":{"start":{"line":34,"column":4},"end":{"line":34,"column":70}},"5":{"start":{"line":34,"column":57},"end":{"line":34,"column":70}},"6":{"start":{"line":35,"column":19},"end":{"line":35,"column":35}},"7":{"start":{"line":36,"column":4},"end":{"line":36,"column":70}},"8":{"start":{"line":36,"column":29},"end":{"line":36,"column":68}},"9":{"start":{"line":43,"column":4},"end":{"line":43,"column":47}},"10":{"start":{"line":43,"column":34},"end":{"line":43,"column":47}},"11":{"start":{"line":44,"column":4},"end":{"line":44,"column":61}},"12":{"start":{"line":44,"column":48},"end":{"line":44,"column":61}},"13":{"start":{"line":47,"column":24},"end":{"line":54,"column":5}},"14":{"start":{"line":56,"column":4},"end":{"line":56,"column":60}},"15":{"start":{"line":56,"column":40},"end":{"line":56,"column":58}},"16":{"start":{"line":63,"column":4},"end":{"line":63,"column":58}},"17":{"start":{"line":70,"column":4},"end":{"line":70,"column":68}},"18":{"start":{"line":70,"column":55},"end":{"line":70,"column":68}},"19":{"start":{"line":71,"column":4},"end":{"line":71,"column":39}},"20":{"start":{"line":71,"column":26},"end":{"line":71,"column":39}},"21":{"start":{"line":74,"column":4},"end":{"line":74,"column":51}},"22":{"start":{"line":81,"column":4},"end":{"line":81,"column":48}},"23":{"start":{"line":81,"column":35},"end":{"line":81,"column":48}},"24":{"start":{"line":82,"column":23},"end":{"line":82,"column":51}},"25":{"start":{"line":83,"column":4},"end":{"line":83,"column":57}},"26":{"start":{"line":90,"column":4},"end":{"line":90,"column":83}},"27":{"start":{"line":97,"column":4},"end":{"line":97,"column":45}},"28":{"start":{"line":97,"column":35},"end":{"line":97,"column":45}},"29":{"start":{"line":99,"column":4},"end":{"line":105,"column":14}},"30":{"start":{"line":112,"column":4},"end":{"line":114,"column":5}},"31":{"start":{"line":113,"column":6},"end":{"line":113,"column":18}},"32":{"start":{"line":116,"column":4},"end":{"line":119,"column":6}},"33":{"start":{"line":126,"column":29},"end":{"line":126,"column":81}},"34":{"start":{"line":127,"column":4},"end":{"line":127,"column":45}},"35":{"start":{"line":138,"column":4},"end":{"line":138,"column":19}},"36":{"start":{"line":139,"column":4},"end":{"line":139,"column":34}}},"fnMap":{"0":{"name":"(anonymous_0)","decl":{"start":{"line":5,"column":2},"end":{"line":5,"column":3}},"loc":{"start":{"line":5,"column":48},"end":{"line":7,"column":3}},"line":5},"1":{"name":"(anonymous_1)","decl":{"start":{"line":12,"column":2},"end":{"line":12,"column":3}},"loc":{"start":{"line":12,"column":49},"end":{"line":14,"column":3}},"line":12},"2":{"name":"(anonymous_2)","decl":{"start":{"line":19,"column":2},"end":{"line":19,"column":3}},"loc":{"start":{"line":19,"column":49},"end":{"line":21,"column":3}},"line":19},"3":{"name":"(anonymous_3)","decl":{"start":{"line":26,"column":2},"end":{"line":26,"column":3}},"loc":{"start":{"line":26,"column":47},"end":{"line":28,"column":3}},"line":26},"4":{"name":"(anonymous_4)","decl":{"start":{"line":33,"column":2},"end":{"line":33,"column":3}},"loc":{"start":{"line":33,"column":52},"end":{"line":37,"column":3}},"line":33},"5":{"name":"(anonymous_5)","decl":{"start":{"line":36,"column":24},"end":{"line":36,"column":25}},"loc":{"start":{"line":36,"column":29},"end":{"line":36,"column":68}},"line":36},"6":{"name":"(anonymous_6)","decl":{"start":{"line":42,"column":2},"end":{"line":42,"column":3}},"loc":{"start":{"line":42,"column":51},"end":{"line":57,"column":3}},"line":42},"7":{"name":"(anonymous_7)","decl":{"start":{"line":56,"column":29},"end":{"line":56,"column":30}},"loc":{"start":{"line":56,"column":40},"end":{"line":56,"column":58}},"line":56},"8":{"name":"(anonymous_8)","decl":{"start":{"line":62,"column":2},"end":{"line":62,"column":3}},"loc":{"start":{"line":62,"column":47},"end":{"line":64,"column":3}},"line":62},"9":{"name":"(anonymous_9)","decl":{"start":{"line":69,"column":2},"end":{"line":69,"column":3}},"loc":{"start":{"line":69,"column":52},"end":{"line":75,"column":3}},"line":69},"10":{"name":"(anonymous_10)","decl":{"start":{"line":80,"column":2},"end":{"line":80,"column":3}},"loc":{"start":{"line":80,"column":47},"end":{"line":84,"column":3}},"line":80},"11":{"name":"(anonymous_11)","decl":{"start":{"line":89,"column":2},"end":{"line":89,"column":3}},"loc":{"start":{"line":89,"column":49},"end":{"line":91,"column":3}},"line":89},"12":{"name":"(anonymous_12)","decl":{"start":{"line":96,"column":2},"end":{"line":96,"column":3}},"loc":{"start":{"line":96,"column":47},"end":{"line":106,"column":3}},"line":96},"13":{"name":"(anonymous_13)","decl":{"start":{"line":111,"column":2},"end":{"line":111,"column":3}},"loc":{"start":{"line":111,"column":92},"end":{"line":120,"column":3}},"line":111},"14":{"name":"(anonymous_14)","decl":{"start":{"line":125,"column":2},"end":{"line":125,"column":3}},"loc":{"start":{"line":125,"column":49},"end":{"line":128,"column":3}},"line":125},"15":{"name":"(anonymous_15)","decl":{"start":{"line":137,"column":2},"end":{"line":137,"column":3}},"loc":{"start":{"line":137,"column":31},"end":{"line":140,"column":3}},"line":137}},"branchMap":{"0":{"loc":{"start":{"line":6,"column":11},"end":{"line":6,"column":76}},"type":"binary-expr","locations":[{"start":{"line":6,"column":11},"end":{"line":6,"column":34}},{"start":{"line":6,"column":38},"end":{"line":6,"column":48}},{"start":{"line":6,"column":52},"end":{"line":6,"column":61}},{"start":{"line":6,"column":65},"end":{"line":6,"column":76}}],"line":6},"1":{"loc":{"start":{"line":13,"column":11},"end":{"line":13,"column":78}},"type":"binary-expr","locations":[{"start":{"line":13,"column":11},"end":{"line":13,"column":34}},{"start":{"line":13,"column":38},"end":{"line":13,"column":49}},{"start":{"line":13,"column":53},"end":{"line":13,"column":63}},{"start":{"line":13,"column":67},"end":{"line":13,"column":78}}],"line":13},"2":{"loc":{"start":{"line":20,"column":11},"end":{"line":20,"column":88}},"type":"binary-expr","locations":[{"start":{"line":20,"column":11},"end":{"line":20,"column":37}},{"start":{"line":20,"column":41},"end":{"line":20,"column":51}},{"start":{"line":20,"column":55},"end":{"line":20,"column":70}},{"start":{"line":20,"column":74},"end":{"line":20,"column":88}}],"line":20},"3":{"loc":{"start":{"line":27,"column":11},"end":{"line":27,"column":91}},"type":"binary-expr","locations":[{"start":{"line":27,"column":11},"end":{"line":27,"column":36}},{"start":{"line":27,"column":40},"end":{"line":27,"column":49}},{"start":{"line":27,"column":53},"end":{"line":27,"column":64}},{"start":{"line":27,"column":68},"end":{"line":27,"column":91}}],"line":27},"4":{"loc":{"start":{"line":34,"column":4},"end":{"line":34,"column":70}},"type":"if","locations":[{"start":{"line":34,"column":4},"end":{"line":34,"column":70}},{"start":{},"end":{}}],"line":34},"5":{"loc":{"start":{"line":34,"column":8},"end":{"line":34,"column":55}},"type":"binary-expr","locations":[{"start":{"line":34,"column":8},"end":{"line":34,"column":33}},{"start":{"line":34,"column":37},"end":{"line":34,"column":55}}],"line":34},"6":{"loc":{"start":{"line":43,"column":4},"end":{"line":43,"column":47}},"type":"if","locations":[{"start":{"line":43,"column":4},"end":{"line":43,"column":47}},{"start":{},"end":{}}],"line":43},"7":{"loc":{"start":{"line":44,"column":4},"end":{"line":44,"column":61}},"type":"if","locations":[{"start":{"line":44,"column":4},"end":{"line":44,"column":61}},{"start":{},"end":{}}],"line":44},"8":{"loc":{"start":{"line":44,"column":8},"end":{"line":44,"column":46}},"type":"binary-expr","locations":[{"start":{"line":44,"column":8},"end":{"line":44,"column":25}},{"start":{"line":44,"column":29},"end":{"line":44,"column":46}}],"line":44},"9":{"loc":{"start":{"line":63,"column":11},"end":{"line":63,"column":57}},"type":"binary-expr","locations":[{"start":{"line":63,"column":11},"end":{"line":63,"column":34}},{"start":{"line":63,"column":38},"end":{"line":63,"column":57}}],"line":63},"10":{"loc":{"start":{"line":70,"column":4},"end":{"line":70,"column":68}},"type":"if","locations":[{"start":{"line":70,"column":4},"end":{"line":70,"column":68}},{"start":{},"end":{}}],"line":70},"11":{"loc":{"start":{"line":70,"column":8},"end":{"line":70,"column":53}},"type":"binary-expr","locations":[{"start":{"line":70,"column":8},"end":{"line":70,"column":32}},{"start":{"line":70,"column":36},"end":{"line":70,"column":53}}],"line":70},"12":{"loc":{"start":{"line":71,"column":4},"end":{"line":71,"column":39}},"type":"if","locations":[{"start":{"line":71,"column":4},"end":{"line":71,"column":39}},{"start":{},"end":{}}],"line":71},"13":{"loc":{"start":{"line":81,"column":4},"end":{"line":81,"column":48}},"type":"if","locations":[{"start":{"line":81,"column":4},"end":{"line":81,"column":48}},{"start":{},"end":{}}],"line":81},"14":{"loc":{"start":{"line":83,"column":11},"end":{"line":83,"column":56}},"type":"binary-expr","locations":[{"start":{"line":83,"column":11},"end":{"line":83,"column":33}},{"start":{"line":83,"column":37},"end":{"line":83,"column":56}}],"line":83},"15":{"loc":{"start":{"line":90,"column":11},"end":{"line":90,"column":82}},"type":"binary-expr","locations":[{"start":{"line":90,"column":11},"end":{"line":90,"column":37}},{"start":{"line":90,"column":41},"end":{"line":90,"column":58}},{"start":{"line":90,"column":62},"end":{"line":90,"column":82}}],"line":90},"16":{"loc":{"start":{"line":97,"column":4},"end":{"line":97,"column":45}},"type":"if","locations":[{"start":{"line":97,"column":4},"end":{"line":97,"column":45}},{"start":{},"end":{}}],"line":97},"17":{"loc":{"start":{"line":112,"column":4},"end":{"line":114,"column":5}},"type":"if","locations":[{"start":{"line":112,"column":4},"end":{"line":114,"column":5}},{"start":{},"end":{}}],"line":112},"18":{"loc":{"start":{"line":112,"column":8},"end":{"line":112,"column":67}},"type":"binary-expr","locations":[{"start":{"line":112,"column":8},"end":{"line":112,"column":35}},{"start":{"line":112,"column":39},"end":{"line":112,"column":67}}],"line":112}},"s":{"0":0,"1":0,"2":0,"3":0,"4":0,"5":0,"6":0,"7":0,"8":0,"9":0,"10":0,"11":0,"12":0,"13":0,"14":0,"15":0,"16":0,"17":0,"18":0,"19":0,"20":0,"21":0,"22":0,"23":0,"24":0,"25":0,"26":0,"27":0,"28":0,"29":0,"30":0,"31":0,"32":0,"33":0,"34":0,"35":0,"36":0},"f":{"0":0,"1":0,"2":0,"3":0,"4":0,"5":0,"6":0,"7":0,"8":0,"9":0,"10":0,"11":0,"12":0,"13":0,"14":0,"15":0},"b":{"0":[0,0,0,0],"1":[0,0,0,0],"2":[0,0,0,0],"3":[0,0,0,0],"4":[0,0],"5":[0,0],"6":[0,0],"7":[0,0],"8":[0,0],"9":[0,0],"10":[0,0],"11":[0,0],"12":[0,0],"13":[0,0],"14":[0,0],"15":[0,0,0],"16":[0,0],"17":[0,0],"18":[0,0]}}
,"/Users/ryanmota/SwipeDish/src/utils/restaurantUtils.ts": {"path":"/Users/ryanmota/SwipeDish/src/utils/restaurantUtils.ts","statementMap":{"0":{"start":{"line":7,"column":35},"end":{"line":26,"column":1}},"1":{"start":{"line":8,"column":2},"end":{"line":25,"column":4}}},"fnMap":{"0":{"name":"(anonymous_0)","decl":{"start":{"line":7,"column":35},"end":{"line":7,"column":36}},"loc":{"start":{"line":7,"column":71},"end":{"line":26,"column":1}},"line":7}},"branchMap":{"0":{"loc":{"start":{"line":10,"column":10},"end":{"line":10,"column":41}},"type":"binary-expr","locations":[{"start":{"line":10,"column":10},"end":{"line":10,"column":25}},{"start":{"line":10,"column":29},"end":{"line":10,"column":41}}],"line":10},"1":{"loc":{"start":{"line":12,"column":14},"end":{"line":12,"column":39}},"type":"binary-expr","locations":[{"start":{"line":12,"column":14},"end":{"line":12,"column":33}},{"start":{"line":12,"column":37},"end":{"line":12,"column":39}}],"line":12},"2":{"loc":{"start":{"line":15,"column":12},"end":{"line":15,"column":34}},"type":"binary-expr","locations":[{"start":{"line":15,"column":12},"end":{"line":15,"column":29}},{"start":{"line":15,"column":33},"end":{"line":15,"column":34}}],"line":15},"3":{"loc":{"start":{"line":16,"column":11},"end":{"line":16,"column":33}},"type":"binary-expr","locations":[{"start":{"line":16,"column":11},"end":{"line":16,"column":27}},{"start":{"line":16,"column":31},"end":{"line":16,"column":33}}],"line":16},"4":{"loc":{"start":{"line":17,"column":13},"end":{"line":17,"column":37}},"type":"binary-expr","locations":[{"start":{"line":17,"column":13},"end":{"line":17,"column":31}},{"start":{"line":17,"column":35},"end":{"line":17,"column":37}}],"line":17},"5":{"loc":{"start":{"line":18,"column":14},"end":{"line":18,"column":38}},"type":"binary-expr","locations":[{"start":{"line":18,"column":14},"end":{"line":18,"column":33}},{"start":{"line":18,"column":37},"end":{"line":18,"column":38}}],"line":18},"6":{"loc":{"start":{"line":19,"column":18},"end":{"line":19,"column":46}},"type":"binary-expr","locations":[{"start":{"line":19,"column":18},"end":{"line":19,"column":41}},{"start":{"line":19,"column":45},"end":{"line":19,"column":46}}],"line":19},"7":{"loc":{"start":{"line":20,"column":10},"end":{"line":20,"column":31}},"type":"binary-expr","locations":[{"start":{"line":20,"column":10},"end":{"line":20,"column":25}},{"start":{"line":20,"column":29},"end":{"line":20,"column":31}}],"line":20},"8":{"loc":{"start":{"line":21,"column":14},"end":{"line":21,"column":46}},"type":"binary-expr","locations":[{"start":{"line":21,"column":14},"end":{"line":21,"column":33}},{"start":{"line":21,"column":37},"end":{"line":21,"column":46}}],"line":21},"9":{"loc":{"start":{"line":22,"column":19},"end":{"line":22,"column":49}},"type":"binary-expr","locations":[{"start":{"line":22,"column":19},"end":{"line":22,"column":43}},{"start":{"line":22,"column":47},"end":{"line":22,"column":49}}],"line":22},"10":{"loc":{"start":{"line":23,"column":14},"end":{"line":23,"column":39}},"type":"binary-expr","locations":[{"start":{"line":23,"column":14},"end":{"line":23,"column":33}},{"start":{"line":23,"column":37},"end":{"line":23,"column":39}}],"line":23},"11":{"loc":{"start":{"line":24,"column":12},"end":{"line":24,"column":38}},"type":"binary-expr","locations":[{"start":{"line":24,"column":12},"end":{"line":24,"column":29}},{"start":{"line":24,"column":33},"end":{"line":24,"column":38}}],"line":24}},"s":{"0":0,"1":0},"f":{"0":0},"b":{"0":[0,0],"1":[0,0],"2":[0,0],"3":[0,0],"4":[0,0],"5":[0,0],"6":[0,0],"7":[0,0],"8":[0,0],"9":[0,0],"10":[0,0],"11":[0,0]}}
,"/Users/ryanmota/SwipeDish/src/utils/testGoogleSignIn.ts": {"path":"/Users/ryanmota/SwipeDish/src/utils/testGoogleSignIn.ts","statementMap":{"0":{"start":{"line":3,"column":44},"end":{"line":13,"column":1}},"1":{"start":{"line":4,"column":2},"end":{"line":12,"column":3}},"2":{"start":{"line":5,"column":19},"end":{"line":5,"column":49}},"3":{"start":{"line":6,"column":24},"end":{"line":6,"column":49}},"4":{"start":{"line":8,"column":4},"end":{"line":8,"column":45}},"5":{"start":{"line":10,"column":4},"end":{"line":10,"column":58}},"6":{"start":{"line":11,"column":4},"end":{"line":11,"column":49}}},"fnMap":{"0":{"name":"(anonymous_0)","decl":{"start":{"line":3,"column":44},"end":{"line":3,"column":45}},"loc":{"start":{"line":3,"column":56},"end":{"line":13,"column":1}},"line":3}},"branchMap":{},"s":{"0":0,"1":0,"2":0,"3":0,"4":0,"5":0,"6":0},"f":{"0":0},"b":{}}
}
