TN:
SF:src/config/monitoring.ts
FN:74,getMonitoringConfig
FNF:1
FNH:0
FNDA:0,getMonitoringConfig
DA:1,0
DA:74,0
DA:75,0
DA:76,0
DA:77,0
DA:80,0
LF:6
LH:0
BRDA:75,0,0,0
BRDA:75,0,1,0
BRDA:77,1,0,0
BRDA:77,1,1,0
BRF:4
BRH:0
end_of_record
TN:
SF:src/config/production.ts
FN:40,(anonymous_0)
FN:43,(anonymous_1)
FNF:2
FNH:0
FNDA:0,(anonymous_0)
FNDA:0,(anonymous_1)
DA:2,0
DA:40,0
DA:41,0
DA:43,0
DA:44,0
DA:45,0
LF:6
LH:0
BRDA:44,0,0,0
BRF:1
BRH:0
end_of_record
TN:
SF:src/constants/colors.ts
FNF:0
FNH:0
DA:1,0
LF:1
LH:0
BRF:0
BRH:0
end_of_record
TN:
SF:src/constants/styles.ts
FN:3,(anonymous_0)
FNF:1
FNH:0
FNDA:0,(anonymous_0)
DA:1,0
DA:3,0
DA:5,0
DA:14,0
DA:22,0
DA:70,0
DA:94,0
LF:7
LH:0
BRF:0
BRH:0
end_of_record
TN:
SF:src/hooks/usePerformanceMonitoring.ts
FN:13,usePerformanceMonitoring
FN:27,(anonymous_1)
FN:36,(anonymous_2)
FN:54,(anonymous_3)
FN:56,(anonymous_4)
FN:68,(anonymous_5)
FN:73,(anonymous_6)
FN:77,(anonymous_7)
FN:81,(anonymous_8)
FN:93,(anonymous_9)
FN:122,useScreenLoadTime
FN:125,(anonymous_11)
FN:131,(anonymous_12)
FN:149,(anonymous_13)
FN:154,useAsyncOperationTracking
FN:155,(anonymous_15)
FNF:16
FNH:0
FNDA:0,usePerformanceMonitoring
FNDA:0,(anonymous_1)
FNDA:0,(anonymous_2)
FNDA:0,(anonymous_3)
FNDA:0,(anonymous_4)
FNDA:0,(anonymous_5)
FNDA:0,(anonymous_6)
FNDA:0,(anonymous_7)
FNDA:0,(anonymous_8)
FNDA:0,(anonymous_9)
FNDA:0,useScreenLoadTime
FNDA:0,(anonymous_11)
FNDA:0,(anonymous_12)
FNDA:0,(anonymous_13)
FNDA:0,useAsyncOperationTracking
FNDA:0,(anonymous_15)
DA:1,0
DA:2,0
DA:3,0
DA:13,0
DA:20,0
DA:22,0
DA:23,0
DA:24,0
DA:27,0
DA:28,0
DA:29,0
DA:30,0
DA:31,0
DA:36,0
DA:37,0
DA:38,0
DA:41,0
DA:42,0
DA:43,0
DA:54,0
DA:55,0
DA:56,0
DA:57,0
DA:59,0
DA:60,0
DA:61,0
DA:68,0
DA:73,0
DA:74,0
DA:77,0
DA:78,0
DA:81,0
DA:82,0
DA:93,0
DA:101,0
DA:111,0
DA:122,0
DA:123,0
DA:125,0
DA:126,0
DA:128,0
DA:129,0
DA:131,0
DA:133,0
DA:134,0
DA:147,0
DA:149,0
DA:154,0
DA:155,0
DA:160,0
DA:161,0
DA:163,0
DA:164,0
DA:165,0
DA:166,0
DA:168,0
DA:172,0
DA:176,0
LF:58
LH:0
BRDA:13,0,0,0
BRDA:15,1,0,0
BRDA:16,2,0,0
BRDA:17,3,0,0
BRDA:19,4,0,0
BRDA:24,5,0,0
BRDA:24,5,1,0
BRDA:28,6,0,0
BRDA:37,7,0,0
BRDA:41,8,0,0
BRDA:55,9,0,0
BRDA:60,10,0,0
BRDA:122,11,0,0
BRDA:126,12,0,0
BRDA:170,13,0,0
BRDA:170,13,1,0
BRF:16
BRH:0
end_of_record
TN:
SF:src/hooks/useSimplePerformanceMonitoring.ts
FN:9,useSimplePerformanceMonitoring
FN:18,(anonymous_1)
FN:32,(anonymous_2)
FN:37,useSimpleScreenLoadTime
FN:40,(anonymous_4)
FN:50,(anonymous_5)
FN:63,(anonymous_6)
FNF:7
FNH:0
FNDA:0,useSimplePerformanceMonitoring
FNDA:0,(anonymous_1)
FNDA:0,(anonymous_2)
FNDA:0,useSimpleScreenLoadTime
FNDA:0,(anonymous_4)
FNDA:0,(anonymous_5)
FNDA:0,(anonymous_6)
DA:1,0
DA:2,0
DA:9,0
DA:13,0
DA:15,0
DA:18,0
DA:19,0
DA:20,0
DA:21,0
DA:26,0
DA:30,0
DA:32,0
DA:37,0
DA:38,0
DA:40,0
DA:41,0
DA:43,0
DA:44,0
DA:50,0
DA:52,0
DA:53,0
DA:61,0
DA:63,0
LF:23
LH:0
BRDA:9,0,0,0
BRDA:11,1,0,0
BRDA:12,2,0,0
BRDA:19,3,0,0
BRDA:37,4,0,0
BRDA:41,5,0,0
BRF:6
BRH:0
end_of_record
TN:
SF:src/hooks/useSwipePerformanceMonitoring.ts
FN:15,(anonymous_0)
FN:23,(anonymous_1)
FN:39,(anonymous_2)
FN:112,(anonymous_3)
FNF:4
FNH:0
FNDA:0,(anonymous_0)
FNDA:0,(anonymous_1)
FNDA:0,(anonymous_2)
FNDA:0,(anonymous_3)
DA:1,0
DA:2,0
DA:3,0
DA:15,0
DA:16,0
DA:17,0
DA:23,0
DA:24,0
DA:34,0
DA:39,0
DA:45,0
DA:47,0
DA:48,0
DA:50,0
DA:61,0
DA:70,0
DA:79,0
DA:81,0
DA:82,0
DA:85,0
DA:86,0
DA:89,0
DA:90,0
DA:93,0
DA:94,0
DA:99,0
DA:109,0
DA:112,0
DA:113,0
DA:116,0
LF:30
LH:0
BRDA:45,0,0,0
BRDA:81,1,0,0
BRDA:85,2,0,0
BRDA:85,3,0,0
BRDA:85,3,1,0
BRDA:89,4,0,0
BRDA:93,5,0,0
BRF:7
BRH:0
end_of_record
TN:
SF:src/services/analyticsService.ts
FN:6,(anonymous_1)
FN:74,(anonymous_2)
FN:88,(anonymous_3)
FN:96,(anonymous_4)
FN:100,(anonymous_5)
FN:104,(anonymous_6)
FN:131,(anonymous_7)
FN:141,(anonymous_8)
FN:161,(anonymous_9)
FN:172,(anonymous_10)
FN:195,(anonymous_11)
FN:205,(anonymous_12)
FN:226,(anonymous_13)
FN:236,(anonymous_14)
FN:244,(anonymous_15)
FNF:15
FNH:0
FNDA:0,(anonymous_1)
FNDA:0,(anonymous_2)
FNDA:0,(anonymous_3)
FNDA:0,(anonymous_4)
FNDA:0,(anonymous_5)
FNDA:0,(anonymous_6)
FNDA:0,(anonymous_7)
FNDA:0,(anonymous_8)
FNDA:0,(anonymous_9)
FNDA:0,(anonymous_10)
FNDA:0,(anonymous_11)
FNDA:0,(anonymous_12)
FNDA:0,(anonymous_13)
FNDA:0,(anonymous_14)
FNDA:0,(anonymous_15)
DA:1,0
DA:2,0
DA:3,0
DA:6,0
DA:8,0
DA:9,0
DA:10,0
DA:13,0
DA:14,0
DA:15,0
DA:18,0
DA:19,0
DA:20,0
DA:23,0
DA:24,0
DA:25,0
DA:28,0
DA:29,0
DA:32,0
DA:33,0
DA:34,0
DA:37,0
DA:38,0
DA:39,0
DA:42,0
DA:43,0
DA:46,0
DA:47,0
DA:48,0
DA:49,0
DA:50,0
DA:53,0
DA:54,0
DA:69,0
DA:71,0
DA:72,0
DA:75,0
DA:76,0
DA:78,0
DA:80,0
DA:90,0
DA:91,0
DA:93,0
DA:97,0
DA:101,0
DA:105,0
DA:107,0
DA:119,0
DA:122,0
DA:128,0
DA:132,0
DA:134,0
DA:142,0
DA:144,0
DA:145,0
DA:146,0
DA:147,0
DA:150,0
DA:152,0
DA:158,0
DA:162,0
DA:164,0
DA:179,0
DA:181,0
DA:187,0
DA:196,0
DA:198,0
DA:206,0
DA:221,0
DA:232,0
DA:236,0
DA:245,0
DA:246,0
DA:251,0
LF:74
LH:0
BRDA:6,0,0,0
BRDA:6,0,1,0
BRDA:78,1,0,0
BRDA:82,2,0,0
BRDA:82,2,1,0
BRDA:83,3,0,0
BRDA:83,3,1,0
BRDA:83,3,2,0
BRDA:90,4,0,0
BRDA:90,4,1,0
BRDA:93,5,0,0
BRDA:93,5,1,0
BRDA:104,6,0,0
BRDA:105,7,0,0
BRDA:122,8,0,0
BRDA:132,9,0,0
BRDA:142,10,0,0
BRDA:145,11,0,0
BRDA:162,12,0,0
BRDA:166,13,0,0
BRDA:166,13,1,0
BRDA:179,14,0,0
BRDA:181,15,0,0
BRDA:181,15,1,0
BRDA:183,16,0,0
BRDA:183,16,1,0
BRDA:190,17,0,0
BRDA:190,17,1,0
BRDA:191,18,0,0
BRDA:191,18,1,0
BRDA:196,19,0,0
BRF:31
BRH:0
end_of_record
TN:
SF:src/services/authService.ts
FN:31,(anonymous_0)
FN:49,(anonymous_1)
FN:70,(anonymous_2)
FN:88,(anonymous_3)
FN:122,(anonymous_4)
FN:133,(anonymous_5)
FN:158,(anonymous_6)
FN:202,(anonymous_7)
FN:263,(anonymous_8)
FN:272,(anonymous_9)
FN:316,(anonymous_10)
FN:334,(anonymous_11)
FN:346,(anonymous_12)
FNF:13
FNH:0
FNDA:0,(anonymous_0)
FNDA:0,(anonymous_1)
FNDA:0,(anonymous_2)
FNDA:0,(anonymous_3)
FNDA:0,(anonymous_4)
FNDA:0,(anonymous_5)
FNDA:0,(anonymous_6)
FNDA:0,(anonymous_7)
FNDA:0,(anonymous_8)
FNDA:0,(anonymous_9)
FNDA:0,(anonymous_10)
FNDA:0,(anonymous_11)
FNDA:0,(anonymous_12)
DA:1,0
DA:12,0
DA:13,0
DA:15,0
DA:16,0
DA:17,0
DA:19,0
DA:21,0
DA:22,0
DA:23,0
DA:24,0
DA:32,0
DA:33,0
DA:37,0
DA:38,0
DA:40,0
DA:42,0
DA:50,0
DA:51,0
DA:53,0
DA:54,0
DA:55,0
DA:57,0
DA:58,0
DA:60,0
DA:64,0
DA:71,0
DA:74,0
DA:75,0
DA:79,0
DA:80,0
DA:83,0
DA:84,0
DA:85,0
DA:89,0
DA:91,0
DA:92,0
DA:95,0
DA:98,0
DA:100,0
DA:109,0
DA:115,0
DA:117,0
DA:118,0
DA:123,0
DA:126,0
DA:128,0
DA:129,0
DA:134,0
DA:136,0
DA:137,0
DA:140,0
DA:141,0
DA:144,0
DA:145,0
DA:147,0
DA:148,0
DA:150,0
DA:153,0
DA:154,0
DA:159,0
DA:161,0
DA:162,0
DA:165,0
DA:166,0
DA:169,0
DA:170,0
DA:174,0
DA:175,0
DA:178,0
DA:179,0
DA:189,0
DA:195,0
DA:197,0
DA:198,0
DA:203,0
DA:205,0
DA:208,0
DA:214,0
DA:217,0
DA:219,0
DA:220,0
DA:223,0
DA:226,0
DA:230,0
DA:241,0
DA:247,0
DA:250,0
DA:253,0
DA:254,0
DA:255,0
DA:256,0
DA:259,0
DA:264,0
DA:265,0
DA:267,0
DA:268,0
DA:273,0
DA:275,0
DA:276,0
DA:280,0
DA:282,0
DA:283,0
DA:284,0
DA:288,0
DA:289,0
DA:292,0
DA:295,0
DA:296,0
DA:297,0
DA:299,0
DA:303,0
DA:304,0
DA:306,0
DA:311,0
DA:312,0
DA:317,0
DA:318,0
DA:319,0
DA:320,0
DA:322,0
DA:327,0
DA:329,0
DA:330,0
DA:335,0
DA:336,0
DA:341,0
DA:342,0
DA:347,0
LF:129
LH:0
BRDA:49,0,0,0
BRDA:57,1,0,0
BRDA:74,2,0,0
BRDA:79,3,0,0
BRDA:91,4,0,0
BRDA:136,5,0,0
BRDA:140,6,0,0
BRDA:140,7,0,0
BRDA:140,7,1,0
BRDA:147,8,0,0
BRDA:147,8,1,0
BRDA:161,9,0,0
BRDA:165,10,0,0
BRDA:165,11,0,0
BRDA:165,11,1,0
BRDA:169,12,0,0
BRDA:174,13,0,0
BRDA:219,14,0,0
BRDA:219,14,1,0
BRDA:223,15,0,0
BRDA:223,15,1,0
BRDA:226,16,0,0
BRDA:226,16,1,0
BRDA:228,17,0,0
BRDA:228,17,1,0
BRDA:233,18,0,0
BRDA:233,18,1,0
BRDA:234,19,0,0
BRDA:234,19,1,0
BRDA:253,20,0,0
BRDA:253,20,1,0
BRDA:255,21,0,0
BRDA:275,22,0,0
BRDA:282,23,0,0
BRDA:283,24,0,0
BRDA:288,25,0,0
BRDA:295,26,0,0
BRDA:296,27,0,0
BRDA:303,28,0,0
BRDA:304,29,0,0
BRDA:319,30,0,0
BRDA:324,31,0,0
BRDA:324,31,1,0
BRF:43
BRH:0
end_of_record
TN:
SF:src/services/firebase.ts
FN:11,(anonymous_1)
FN:46,(anonymous_2)
FN:50,(anonymous_3)
FN:85,(anonymous_4)
FN:102,(anonymous_5)
FN:130,(anonymous_6)
FN:152,(anonymous_7)
FNF:7
FNH:0
FNDA:0,(anonymous_1)
FNDA:0,(anonymous_2)
FNDA:0,(anonymous_3)
FNDA:0,(anonymous_4)
FNDA:0,(anonymous_5)
FNDA:0,(anonymous_6)
FNDA:0,(anonymous_7)
DA:1,0
DA:2,0
DA:4,0
DA:5,0
DA:6,0
DA:7,0
DA:8,0
DA:11,0
DA:13,0
DA:24,0
DA:25,0
DA:27,0
DA:31,0
DA:32,0
DA:45,0
DA:46,0
DA:48,0
DA:49,0
DA:50,0
DA:53,0
DA:57,0
DA:59,0
DA:60,0
DA:63,0
DA:64,0
DA:67,0
DA:68,0
DA:71,0
DA:72,0
DA:76,0
DA:79,0
DA:82,0
DA:85,0
DA:86,0
DA:87,0
DA:88,0
DA:89,0
DA:91,0
DA:94,0
DA:95,0
DA:99,0
DA:102,0
DA:103,0
DA:104,0
DA:105,0
DA:109,0
DA:110,0
DA:111,0
DA:115,0
DA:116,0
DA:119,0
DA:120,0
DA:124,0
DA:127,0
DA:130,0
DA:131,0
DA:132,0
DA:133,0
DA:136,0
DA:141,0
DA:145,0
DA:147,0
DA:152,0
DA:160,0
DA:161,0
LF:65
LH:0
BRDA:24,0,0,0
BRDA:24,0,1,0
BRDA:25,1,0,0
BRDA:25,2,0,0
BRDA:25,2,1,0
BRDA:27,3,0,0
BRDA:27,3,1,0
BRDA:27,3,2,0
BRDA:31,4,0,0
BRDA:48,5,0,0
BRDA:59,6,0,0
BRDA:59,7,0,0
BRDA:59,7,1,0
BRDA:63,8,0,0
BRDA:63,9,0,0
BRDA:63,9,1,0
BRDA:67,10,0,0
BRDA:67,11,0,0
BRDA:67,11,1,0
BRDA:71,12,0,0
BRDA:87,13,0,0
BRDA:87,13,1,0
BRDA:104,14,0,0
BRDA:136,15,0,0
BRDA:141,16,0,0
BRF:25
BRH:0
end_of_record
TN:
SF:src/services/geocodingService.ts
FN:51,(anonymous_0)
FN:92,(anonymous_1)
FN:131,(anonymous_2)
FN:174,(anonymous_3)
FN:189,(anonymous_4)
FN:230,(anonymous_5)
FN:264,(anonymous_6)
FN:287,(anonymous_7)
FN:301,(anonymous_8)
FN:308,(anonymous_9)
FNF:10
FNH:0
FNDA:0,(anonymous_0)
FNDA:0,(anonymous_1)
FNDA:0,(anonymous_2)
FNDA:0,(anonymous_3)
FNDA:0,(anonymous_4)
FNDA:0,(anonymous_5)
FNDA:0,(anonymous_6)
FNDA:0,(anonymous_7)
FNDA:0,(anonymous_8)
FNDA:0,(anonymous_9)
DA:44,0
DA:45,0
DA:46,0
DA:52,0
DA:53,0
DA:54,0
DA:57,0
DA:58,0
DA:60,0
DA:66,0
DA:67,0
DA:70,0
DA:72,0
DA:73,0
DA:76,0
DA:77,0
DA:84,0
DA:85,0
DA:93,0
DA:94,0
DA:95,0
DA:98,0
DA:100,0
DA:106,0
DA:107,0
DA:110,0
DA:112,0
DA:113,0
DA:116,0
DA:123,0
DA:124,0
DA:144,0
DA:145,0
DA:146,0
DA:149,0
DA:150,0
DA:152,0
DA:154,0
DA:155,0
DA:158,0
DA:159,0
DA:162,0
DA:168,0
DA:169,0
DA:172,0
DA:174,0
DA:181,0
DA:182,0
DA:190,0
DA:191,0
DA:192,0
DA:193,0
DA:197,0
DA:198,0
DA:200,0
DA:201,0
DA:202,0
DA:203,0
DA:206,0
DA:207,0
DA:210,0
DA:211,0
DA:212,0
DA:213,0
DA:216,0
DA:217,0
DA:220,0
DA:222,0
DA:223,0
DA:231,0
DA:232,0
DA:235,0
DA:236,0
DA:237,0
DA:238,0
DA:242,0
DA:243,0
DA:244,0
DA:246,0
DA:247,0
DA:249,0
DA:250,0
DA:254,0
DA:255,0
DA:258,0
DA:270,0
DA:271,0
DA:272,0
DA:274,0
DA:279,0
DA:280,0
DA:281,0
DA:288,0
DA:302,0
DA:309,0
DA:310,0
DA:316,0
DA:318,0
DA:319,0
LF:99
LH:0
BRDA:53,0,0,0
BRDA:53,1,0,0
BRDA:53,1,1,0
BRDA:66,2,0,0
BRDA:72,3,0,0
BRDA:72,4,0,0
BRDA:72,4,1,0
BRDA:81,5,0,0
BRDA:81,5,1,0
BRDA:94,6,0,0
BRDA:106,7,0,0
BRDA:112,8,0,0
BRDA:120,9,0,0
BRDA:120,9,1,0
BRDA:133,10,0,0
BRDA:145,11,0,0
BRDA:145,12,0,0
BRDA:145,12,1,0
BRDA:149,13,0,0
BRDA:154,14,0,0
BRDA:158,15,0,0
BRDA:168,16,0,0
BRDA:178,17,0,0
BRDA:178,17,1,0
BRDA:192,18,0,0
BRDA:200,19,0,0
BRDA:200,19,1,0
BRDA:200,20,0,0
BRDA:200,20,1,0
BRDA:202,21,0,0
BRDA:206,22,0,0
BRDA:210,23,0,0
BRDA:210,23,1,0
BRDA:212,24,0,0
BRDA:216,25,0,0
BRDA:220,26,0,0
BRDA:220,26,1,0
BRDA:235,27,0,0
BRDA:235,27,1,0
BRDA:235,28,0,0
BRDA:235,28,1,0
BRDA:237,29,0,0
BRDA:243,30,0,0
BRDA:246,31,0,0
BRDA:249,32,0,0
BRDA:254,33,0,0
BRDA:258,34,0,0
BRDA:258,34,1,0
BRDA:289,35,0,0
BRDA:289,35,1,0
BRDA:289,35,2,0
BRDA:289,35,3,0
BRDA:289,35,4,0
BRDA:289,35,5,0
BRF:54
BRH:0
end_of_record
TN:
SF:src/services/googleSignInService.ts
FN:10,(anonymous_0)
FN:47,(anonymous_1)
FN:73,(anonymous_2)
FN:88,(anonymous_3)
FNF:4
FNH:0
FNDA:0,(anonymous_0)
FNDA:0,(anonymous_1)
FNDA:0,(anonymous_2)
FNDA:0,(anonymous_3)
DA:1,0
DA:2,0
DA:3,0
DA:5,0
DA:6,0
DA:7,0
DA:8,0
DA:11,0
DA:13,0
DA:15,0
DA:17,0
DA:18,0
DA:19,0
DA:20,0
DA:24,0
DA:26,0
DA:27,0
DA:28,0
DA:29,0
DA:30,0
DA:33,0
DA:38,0
DA:39,0
DA:41,0
DA:42,0
DA:43,0
DA:48,0
DA:49,0
DA:51,0
DA:52,0
DA:56,0
DA:57,0
DA:61,0
DA:63,0
DA:68,0
DA:69,0
DA:74,0
DA:75,0
DA:77,0
DA:78,0
DA:81,0
DA:83,0
DA:84,0
DA:89,0
LF:44
LH:0
BRDA:11,0,0,0
BRDA:17,1,0,0
BRDA:26,2,0,0
BRDA:51,3,0,0
BRDA:51,4,0,0
BRDA:51,4,1,0
BRDA:56,5,0,0
BRDA:77,6,0,0
BRDA:77,7,0,0
BRDA:77,7,1,0
BRDA:89,8,0,0
BRDA:89,8,1,0
BRF:12
BRH:0
end_of_record
TN:
SF:src/services/googleSignInWrapper.ts
FN:7,(anonymous_9)
FN:22,(anonymous_10)
FN:33,(anonymous_11)
FNF:3
FNH:0
FNDA:0,(anonymous_9)
FNDA:0,(anonymous_10)
FNDA:0,(anonymous_11)
DA:4,0
DA:5,0
DA:7,0
DA:8,0
DA:9,0
DA:13,0
DA:15,0
DA:16,0
DA:17,0
DA:20,0
DA:22,0
DA:23,0
DA:24,0
DA:25,0
DA:27,0
DA:28,0
DA:29,0
DA:33,0
DA:34,0
DA:35,0
LF:20
LH:0
BRDA:8,0,0,0
BRDA:13,1,0,0
BRDA:13,1,1,0
BRDA:15,2,0,0
BRDA:34,3,0,0
BRDA:34,3,1,0
BRDA:35,4,0,0
BRDA:35,4,1,0
BRDA:35,4,2,0
BRF:9
BRH:0
end_of_record
TN:
SF:src/services/init.ts
FN:6,(anonymous_0)
FNF:1
FNH:0
FNDA:0,(anonymous_0)
DA:1,0
DA:2,0
DA:3,0
DA:4,0
DA:6,0
DA:7,0
DA:9,0
DA:12,0
DA:15,0
DA:16,0
DA:17,0
DA:19,0
DA:22,0
DA:24,0
DA:26,0
DA:27,0
LF:16
LH:0
BRDA:26,0,0,0
BRDA:26,1,0,0
BRDA:26,1,1,0
BRF:3
BRH:0
end_of_record
TN:
SF:src/services/loggingService.ts
FN:4,(anonymous_1)
FN:29,(anonymous_2)
FN:42,(anonymous_3)
FN:46,(anonymous_4)
FN:58,(anonymous_5)
FN:63,(anonymous_6)
FN:67,(anonymous_7)
FN:95,(anonymous_8)
FN:120,(anonymous_9)
FN:138,(anonymous_10)
FN:144,(anonymous_11)
FN:150,(anonymous_12)
FN:156,(anonymous_13)
FN:163,(anonymous_14)
FN:174,(anonymous_15)
FN:178,(anonymous_16)
FN:186,(anonymous_17)
FN:195,(anonymous_18)
FN:206,(anonymous_19)
FN:210,(anonymous_20)
FN:215,(anonymous_21)
FN:219,(anonymous_22)
FN:226,(anonymous_23)
FN:231,(anonymous_24)
FN:237,(anonymous_25)
FN:244,(anonymous_26)
FNF:26
FNH:0
FNDA:0,(anonymous_1)
FNDA:0,(anonymous_2)
FNDA:0,(anonymous_3)
FNDA:0,(anonymous_4)
FNDA:0,(anonymous_5)
FNDA:0,(anonymous_6)
FNDA:0,(anonymous_7)
FNDA:0,(anonymous_8)
FNDA:0,(anonymous_9)
FNDA:0,(anonymous_10)
FNDA:0,(anonymous_11)
FNDA:0,(anonymous_12)
FNDA:0,(anonymous_13)
FNDA:0,(anonymous_14)
FNDA:0,(anonymous_15)
FNDA:0,(anonymous_16)
FNDA:0,(anonymous_17)
FNDA:0,(anonymous_18)
FNDA:0,(anonymous_19)
FNDA:0,(anonymous_20)
FNDA:0,(anonymous_21)
FNDA:0,(anonymous_22)
FNDA:0,(anonymous_23)
FNDA:0,(anonymous_24)
FNDA:0,(anonymous_25)
FNDA:0,(anonymous_26)
DA:1,0
DA:2,0
DA:4,0
DA:5,0
DA:6,0
DA:7,0
DA:8,0
DA:22,0
DA:23,0
DA:30,0
DA:31,0
DA:32,0
DA:34,0
DA:43,0
DA:47,0
DA:49,0
DA:50,0
DA:51,0
DA:52,0
DA:53,0
DA:54,0
DA:59,0
DA:60,0
DA:64,0
DA:68,0
DA:79,0
DA:82,0
DA:83,0
DA:87,0
DA:90,0
DA:91,0
DA:96,0
DA:97,0
DA:98,0
DA:99,0
DA:101,0
DA:102,0
DA:104,0
DA:107,0
DA:110,0
DA:112,0
DA:113,0
DA:115,0
DA:116,0
DA:121,0
DA:134,0
DA:139,0
DA:140,0
DA:145,0
DA:146,0
DA:151,0
DA:152,0
DA:157,0
DA:158,0
DA:164,0
DA:165,0
DA:175,0
DA:179,0
DA:187,0
DA:196,0
DA:197,0
DA:207,0
DA:211,0
DA:216,0
DA:218,0
DA:219,0
DA:222,0
DA:227,0
DA:232,0
DA:233,0
DA:244,0
DA:245,0
DA:246,0
DA:247,0
DA:250,0
DA:261,0
LF:76
LH:0
BRDA:4,0,0,0
BRDA:4,0,1,0
BRDA:31,1,0,0
BRDA:31,1,1,0
BRDA:35,2,0,0
BRDA:35,2,1,0
BRDA:49,3,0,0
BRDA:49,3,1,0
BRDA:49,3,2,0
BRDA:49,3,3,0
BRDA:49,3,4,0
BRDA:54,4,0,0
BRDA:54,4,1,0
BRDA:82,5,0,0
BRDA:90,6,0,0
BRDA:90,7,0,0
BRDA:90,7,1,0
BRDA:98,8,0,0
BRDA:98,8,1,0
BRDA:99,9,0,0
BRDA:99,9,1,0
BRDA:104,10,0,0
BRDA:104,10,1,0
BRDA:104,10,2,0
BRDA:104,10,3,0
BRDA:112,11,0,0
BRDA:112,11,1,0
BRDA:115,12,0,0
BRDA:115,12,1,0
BRDA:139,13,0,0
BRDA:145,14,0,0
BRDA:151,15,0,0
BRDA:157,16,0,0
BRDA:164,17,0,0
BRDA:164,17,1,0
BRDA:164,18,0,0
BRDA:164,18,1,0
BRDA:178,19,0,0
BRDA:179,20,0,0
BRDA:179,20,1,0
BRDA:187,21,0,0
BRDA:187,21,1,0
BRDA:195,22,0,0
BRDA:196,23,0,0
BRDA:196,23,1,0
BRDA:197,24,0,0
BRDA:197,24,1,0
BRDA:215,25,0,0
BRDA:218,26,0,0
BRDA:246,27,0,0
BRDA:246,27,1,0
BRDA:254,28,0,0
BRDA:254,28,1,0
BRDA:255,29,0,0
BRDA:255,29,1,0
BRF:55
BRH:0
end_of_record
TN:
SF:src/services/mapsService.ts
FN:14,(anonymous_9)
FN:43,(anonymous_10)
FN:60,(anonymous_11)
FN:80,(anonymous_12)
FN:109,(anonymous_13)
FN:122,(anonymous_14)
FNF:6
FNH:0
FNDA:0,(anonymous_9)
FNDA:0,(anonymous_10)
FNDA:0,(anonymous_11)
FNDA:0,(anonymous_12)
FNDA:0,(anonymous_13)
FNDA:0,(anonymous_14)
DA:1,0
DA:2,0
DA:10,0
DA:15,0
DA:16,0
DA:18,0
DA:19,0
DA:21,0
DA:22,0
DA:23,0
DA:25,0
DA:26,0
DA:29,0
DA:30,0
DA:33,0
DA:35,0
DA:36,0
DA:44,0
DA:45,0
DA:47,0
DA:49,0
DA:50,0
DA:52,0
DA:53,0
DA:61,0
DA:62,0
DA:64,0
DA:65,0
DA:68,0
DA:69,0
DA:70,0
DA:72,0
DA:73,0
DA:81,0
DA:82,0
DA:84,0
DA:85,0
DA:87,0
DA:88,0
DA:89,0
DA:91,0
DA:92,0
DA:95,0
DA:96,0
DA:99,0
DA:101,0
DA:102,0
DA:116,0
DA:123,0
DA:124,0
DA:125,0
DA:126,0
DA:127,0
DA:129,0
DA:131,0
LF:55
LH:0
BRDA:16,0,0,0
BRDA:16,0,1,0
BRDA:19,1,0,0
BRDA:19,1,1,0
BRDA:23,2,0,0
BRDA:23,2,1,0
BRDA:45,3,0,0
BRDA:45,3,1,0
BRDA:62,4,0,0
BRDA:62,4,1,0
BRDA:64,5,0,0
BRDA:82,6,0,0
BRDA:82,6,1,0
BRDA:85,7,0,0
BRDA:85,7,1,0
BRDA:89,8,0,0
BRDA:89,8,1,0
BRDA:112,9,0,0
BRDA:124,10,0,0
BRDA:124,10,1,0
BRDA:126,11,0,0
BRF:21
BRH:0
end_of_record
TN:
SF:src/services/matchesService.ts
FN:16,(anonymous_0)
FN:26,(anonymous_1)
FN:35,(anonymous_2)
FN:43,(anonymous_3)
FN:54,(anonymous_4)
FN:61,(anonymous_5)
FN:83,(anonymous_6)
FN:101,(anonymous_7)
FN:108,(anonymous_8)
FN:115,(anonymous_9)
FN:125,(anonymous_10)
FN:126,(anonymous_11)
FN:138,(anonymous_12)
FN:146,(anonymous_13)
FN:151,(anonymous_14)
FN:164,(anonymous_15)
FN:178,(anonymous_16)
FN:179,(anonymous_17)
FN:180,(anonymous_18)
FN:181,(anonymous_19)
FN:188,(anonymous_20)
FN:196,(anonymous_21)
FN:207,(anonymous_22)
FN:210,(anonymous_23)
FN:213,(anonymous_24)
FN:219,(anonymous_25)
FN:228,(anonymous_26)
FN:249,(anonymous_27)
FNF:28
FNH:0
FNDA:0,(anonymous_0)
FNDA:0,(anonymous_1)
FNDA:0,(anonymous_2)
FNDA:0,(anonymous_3)
FNDA:0,(anonymous_4)
FNDA:0,(anonymous_5)
FNDA:0,(anonymous_6)
FNDA:0,(anonymous_7)
FNDA:0,(anonymous_8)
FNDA:0,(anonymous_9)
FNDA:0,(anonymous_10)
FNDA:0,(anonymous_11)
FNDA:0,(anonymous_12)
FNDA:0,(anonymous_13)
FNDA:0,(anonymous_14)
FNDA:0,(anonymous_15)
FNDA:0,(anonymous_16)
FNDA:0,(anonymous_17)
FNDA:0,(anonymous_18)
FNDA:0,(anonymous_19)
FNDA:0,(anonymous_20)
FNDA:0,(anonymous_21)
FNDA:0,(anonymous_22)
FNDA:0,(anonymous_23)
FNDA:0,(anonymous_24)
FNDA:0,(anonymous_25)
FNDA:0,(anonymous_26)
FNDA:0,(anonymous_27)
DA:2,0
DA:3,0
DA:9,0
DA:11,0
DA:12,0
DA:13,0
DA:14,0
DA:17,0
DA:18,0
DA:20,0
DA:27,0
DA:29,0
DA:32,0
DA:35,0
DA:36,0
DA:44,0
DA:45,0
DA:46,0
DA:47,0
DA:55,0
DA:57,0
DA:60,0
DA:62,0
DA:63,0
DA:70,0
DA:71,0
DA:73,0
DA:75,0
DA:76,0
DA:84,0
DA:85,0
DA:86,0
DA:88,0
DA:90,0
DA:91,0
DA:94,0
DA:102,0
DA:109,0
DA:116,0
DA:117,0
DA:118,0
DA:126,0
DA:127,0
DA:128,0
DA:130,0
DA:140,0
DA:147,0
DA:148,0
DA:151,0
DA:152,0
DA:155,0
DA:157,0
DA:171,0
DA:172,0
DA:173,0
DA:174,0
DA:176,0
DA:178,0
DA:179,0
DA:180,0
DA:181,0
DA:193,0
DA:195,0
DA:196,0
DA:199,0
DA:200,0
DA:201,0
DA:202,0
DA:203,0
DA:205,0
DA:207,0
DA:208,0
DA:210,0
DA:211,0
DA:213,0
DA:214,0
DA:218,0
DA:219,0
DA:222,0
DA:229,0
DA:250,0
DA:251,0
DA:252,0
DA:256,0
LF:84
LH:0
BRDA:17,0,0,0
BRDA:27,1,0,0
BRDA:45,2,0,0
BRDA:65,3,0,0
BRDA:65,3,1,0
BRDA:88,4,0,0
BRDA:117,5,0,0
BRDA:152,6,0,0
BRDA:152,6,1,0
BRDA:195,7,0,0
BRDA:199,8,0,0
BRDA:199,9,0,0
BRDA:199,9,1,0
BRDA:205,10,0,0
BRDA:205,10,1,0
BRDA:205,10,2,0
BRDA:218,11,0,0
BRF:17
BRH:0
end_of_record
TN:
SF:src/services/performanceService.ts
FN:31,(anonymous_0)
FN:35,(anonymous_1)
FN:38,(anonymous_2)
FN:40,(anonymous_3)
FN:65,(anonymous_4)
FN:93,(anonymous_5)
FN:100,(anonymous_6)
FN:125,(anonymous_7)
FN:165,(anonymous_8)
FN:179,(anonymous_9)
FN:190,(anonymous_10)
FN:227,(anonymous_11)
FN:235,(anonymous_12)
FN:259,(anonymous_13)
FN:265,(anonymous_14)
FN:272,(anonymous_15)
FN:273,(anonymous_16)
FN:279,(anonymous_17)
FN:289,(anonymous_18)
FN:302,(anonymous_19)
FN:308,(anonymous_20)
FN:309,(anonymous_21)
FN:340,(anonymous_22)
FN:342,(anonymous_23)
FN:343,(anonymous_24)
FN:352,(anonymous_25)
FNF:26
FNH:0
FNDA:0,(anonymous_0)
FNDA:0,(anonymous_1)
FNDA:0,(anonymous_2)
FNDA:0,(anonymous_3)
FNDA:0,(anonymous_4)
FNDA:0,(anonymous_5)
FNDA:0,(anonymous_6)
FNDA:0,(anonymous_7)
FNDA:0,(anonymous_8)
FNDA:0,(anonymous_9)
FNDA:0,(anonymous_10)
FNDA:0,(anonymous_11)
FNDA:0,(anonymous_12)
FNDA:0,(anonymous_13)
FNDA:0,(anonymous_14)
FNDA:0,(anonymous_15)
FNDA:0,(anonymous_16)
FNDA:0,(anonymous_17)
FNDA:0,(anonymous_18)
FNDA:0,(anonymous_19)
FNDA:0,(anonymous_20)
FNDA:0,(anonymous_21)
FNDA:0,(anonymous_22)
FNDA:0,(anonymous_23)
FNDA:0,(anonymous_24)
FNDA:0,(anonymous_25)
DA:1,0
DA:2,0
DA:3,0
DA:25,0
DA:26,0
DA:27,0
DA:28,0
DA:32,0
DA:36,0
DA:37,0
DA:38,0
DA:39,0
DA:40,0
DA:41,0
DA:55,0
DA:59,0
DA:66,0
DA:69,0
DA:70,0
DA:71,0
DA:75,0
DA:78,0
DA:81,0
DA:82,0
DA:94,0
DA:95,0
DA:96,0
DA:101,0
DA:102,0
DA:104,0
DA:105,0
DA:106,0
DA:109,0
DA:110,0
DA:112,0
DA:121,0
DA:133,0
DA:149,0
DA:166,0
DA:180,0
DA:191,0
DA:193,0
DA:195,0
DA:197,0
DA:198,0
DA:199,0
DA:201,0
DA:202,0
DA:203,0
DA:205,0
DA:206,0
DA:207,0
DA:209,0
DA:210,0
DA:211,0
DA:214,0
DA:215,0
DA:228,0
DA:229,0
DA:230,0
DA:231,0
DA:232,0
DA:236,0
DA:239,0
DA:240,0
DA:244,0
DA:245,0
DA:248,0
DA:249,0
DA:260,0
DA:261,0
DA:271,0
DA:272,0
DA:273,0
DA:276,0
DA:277,0
DA:279,0
DA:280,0
DA:281,0
DA:282,0
DA:284,0
DA:285,0
DA:289,0
DA:290,0
DA:293,0
DA:307,0
DA:308,0
DA:309,0
DA:311,0
DA:312,0
DA:313,0
DA:315,0
DA:316,0
DA:317,0
DA:318,0
DA:319,0
DA:320,0
DA:324,0
DA:325,0
DA:326,0
DA:327,0
DA:330,0
DA:331,0
DA:332,0
DA:333,0
DA:336,0
DA:341,0
DA:342,0
DA:343,0
DA:345,0
DA:353,0
DA:354,0
DA:356,0
DA:357,0
DA:358,0
DA:363,0
LF:116
LH:0
BRDA:36,0,0,0
BRDA:36,1,0,0
BRDA:36,1,1,0
BRDA:43,2,0,0
BRDA:43,2,1,0
BRDA:70,3,0,0
BRDA:81,4,0,0
BRDA:86,5,0,0
BRDA:86,5,1,0
BRDA:94,6,0,0
BRDA:94,6,1,0
BRDA:101,7,0,0
BRDA:101,7,1,0
BRDA:104,8,0,0
BRDA:143,9,0,0
BRDA:143,9,1,0
BRDA:144,10,0,0
BRDA:144,10,1,0
BRDA:195,11,0,0
BRDA:195,11,1,0
BRDA:195,11,2,0
BRDA:195,11,3,0
BRDA:214,12,0,0
BRDA:214,13,0,0
BRDA:214,13,1,0
BRDA:229,14,0,0
BRDA:230,15,0,0
BRDA:231,16,0,0
BRDA:239,17,0,0
BRDA:244,18,0,0
BRDA:244,18,1,0
BRDA:244,19,0,0
BRDA:244,19,1,0
BRDA:248,20,0,0
BRDA:248,21,0,0
BRDA:248,21,1,0
BRDA:271,22,0,0
BRDA:271,22,1,0
BRDA:280,23,0,0
BRDA:315,24,0,0
BRDA:315,24,1,0
BRDA:318,25,0,0
BRDA:324,26,0,0
BRDA:325,27,0,0
BRDA:330,28,0,0
BRDA:331,29,0,0
BRDA:353,30,0,0
BRF:47
BRH:0
end_of_record
TN:
SF:src/services/preferencesService.ts
FN:59,(anonymous_0)
FN:65,(anonymous_1)
FN:82,(anonymous_2)
FN:88,(anonymous_3)
FN:106,(anonymous_4)
FN:123,(anonymous_5)
FN:132,(anonymous_6)
FN:157,(anonymous_7)
FN:169,(anonymous_8)
FN:176,(anonymous_9)
FN:210,(anonymous_10)
FN:249,(anonymous_11)
FN:255,(anonymous_12)
FN:261,(anonymous_13)
FN:267,(anonymous_14)
FN:273,(anonymous_15)
FN:279,(anonymous_16)
FN:288,(anonymous_17)
FN:324,(anonymous_18)
FN:329,(anonymous_19)
FN:333,(anonymous_20)
FNF:21
FNH:0
FNDA:0,(anonymous_0)
FNDA:0,(anonymous_1)
FNDA:0,(anonymous_2)
FNDA:0,(anonymous_3)
FNDA:0,(anonymous_4)
FNDA:0,(anonymous_5)
FNDA:0,(anonymous_6)
FNDA:0,(anonymous_7)
FNDA:0,(anonymous_8)
FNDA:0,(anonymous_9)
FNDA:0,(anonymous_10)
FNDA:0,(anonymous_11)
FNDA:0,(anonymous_12)
FNDA:0,(anonymous_13)
FNDA:0,(anonymous_14)
FNDA:0,(anonymous_15)
FNDA:0,(anonymous_16)
FNDA:0,(anonymous_17)
FNDA:0,(anonymous_18)
FNDA:0,(anonymous_19)
FNDA:0,(anonymous_20)
DA:11,0
DA:13,0
DA:30,0
DA:54,0
DA:60,0
DA:61,0
DA:65,0
DA:66,0
DA:70,0
DA:71,0
DA:75,0
DA:76,0
DA:83,0
DA:84,0
DA:87,0
DA:89,0
DA:90,0
DA:92,0
DA:94,0
DA:100,0
DA:111,0
DA:112,0
DA:113,0
DA:117,0
DA:118,0
DA:122,0
DA:123,0
DA:124,0
DA:127,0
DA:128,0
DA:132,0
DA:133,0
DA:134,0
DA:137,0
DA:138,0
DA:141,0
DA:145,0
DA:146,0
DA:147,0
DA:151,0
DA:158,0
DA:159,0
DA:160,0
DA:161,0
DA:163,0
DA:176,0
DA:177,0
DA:178,0
DA:180,0
DA:181,0
DA:184,0
DA:187,0
DA:191,0
DA:192,0
DA:196,0
DA:197,0
DA:201,0
DA:204,0
DA:211,0
DA:214,0
DA:215,0
DA:216,0
DA:220,0
DA:221,0
DA:222,0
DA:226,0
DA:227,0
DA:228,0
DA:232,0
DA:233,0
DA:234,0
DA:238,0
DA:239,0
DA:240,0
DA:243,0
DA:250,0
DA:253,0
DA:254,0
DA:255,0
DA:259,0
DA:260,0
DA:261,0
DA:265,0
DA:266,0
DA:267,0
DA:271,0
DA:272,0
DA:273,0
DA:277,0
DA:278,0
DA:279,0
DA:282,0
DA:289,0
DA:292,0
DA:293,0
DA:297,0
DA:298,0
DA:302,0
DA:303,0
DA:307,0
DA:308,0
DA:312,0
DA:313,0
DA:314,0
DA:318,0
DA:328,0
DA:329,0
DA:333,0
LF:108
LH:0
BRDA:60,0,0,0
BRDA:60,1,0,0
BRDA:60,1,1,0
BRDA:70,2,0,0
BRDA:83,3,0,0
BRDA:83,4,0,0
BRDA:83,4,1,0
BRDA:89,5,0,0
BRDA:89,5,1,0
BRDA:111,6,0,0
BRDA:112,7,0,0
BRDA:117,8,0,0
BRDA:127,9,0,0
BRDA:134,10,0,0
BRDA:134,10,1,0
BRDA:137,11,0,0
BRDA:145,12,0,0
BRDA:146,13,0,0
BRDA:146,14,0,0
BRDA:146,14,1,0
BRDA:178,15,0,0
BRDA:178,15,1,0
BRDA:184,16,0,0
BRDA:184,17,0,0
BRDA:184,17,1,0
BRDA:184,17,2,0
BRDA:191,18,0,0
BRDA:196,19,0,0
BRDA:214,20,0,0
BRDA:214,21,0,0
BRDA:214,21,1,0
BRDA:220,22,0,0
BRDA:226,23,0,0
BRDA:232,24,0,0
BRDA:238,25,0,0
BRDA:253,26,0,0
BRDA:253,27,0,0
BRDA:253,27,1,0
BRDA:259,28,0,0
BRDA:265,29,0,0
BRDA:271,30,0,0
BRDA:277,31,0,0
BRDA:292,32,0,0
BRDA:292,33,0,0
BRDA:292,33,1,0
BRDA:297,34,0,0
BRDA:297,35,0,0
BRDA:297,35,1,0
BRDA:302,36,0,0
BRDA:302,37,0,0
BRDA:302,37,1,0
BRDA:307,38,0,0
BRDA:307,39,0,0
BRDA:307,39,1,0
BRDA:312,40,0,0
BRDA:313,41,0,0
BRDA:333,42,0,0
BRDA:333,42,1,0
BRDA:333,43,0,0
BRDA:333,43,1,0
BRF:60
BRH:0
end_of_record
TN:
SF:src/services/recommendationService.ts
FN:27,(anonymous_0)
FN:83,(anonymous_1)
FN:91,(anonymous_2)
FN:118,(anonymous_3)
FN:123,(anonymous_4)
FN:129,(anonymous_5)
FN:169,(anonymous_6)
FN:204,(anonymous_7)
FN:218,(anonymous_8)
FN:232,(anonymous_9)
FN:240,(anonymous_10)
FN:245,(anonymous_11)
FN:247,(anonymous_12)
FNF:13
FNH:0
FNDA:0,(anonymous_0)
FNDA:0,(anonymous_1)
FNDA:0,(anonymous_2)
FNDA:0,(anonymous_3)
FNDA:0,(anonymous_4)
FNDA:0,(anonymous_5)
FNDA:0,(anonymous_6)
FNDA:0,(anonymous_7)
FNDA:0,(anonymous_8)
FNDA:0,(anonymous_9)
FNDA:0,(anonymous_10)
FNDA:0,(anonymous_11)
FNDA:0,(anonymous_12)
DA:7,0
DA:8,0
DA:19,0
DA:20,0
DA:21,0
DA:22,0
DA:31,0
DA:32,0
DA:35,0
DA:40,0
DA:41,0
DA:45,0
DA:48,0
DA:51,0
DA:52,0
DA:53,0
DA:61,0
DA:64,0
DA:67,0
DA:68,0
DA:72,0
DA:74,0
DA:75,0
DA:87,0
DA:88,0
DA:90,0
DA:93,0
DA:94,0
DA:98,0
DA:99,0
DA:103,0
DA:104,0
DA:105,0
DA:110,0
DA:111,0
DA:112,0
DA:116,0
DA:118,0
DA:123,0
DA:133,0
DA:136,0
DA:137,0
DA:141,0
DA:142,0
DA:143,0
DA:147,0
DA:148,0
DA:149,0
DA:153,0
DA:154,0
DA:158,0
DA:159,0
DA:160,0
DA:163,0
DA:170,0
DA:172,0
DA:173,0
DA:174,0
DA:175,0
DA:178,0
DA:179,0
DA:182,0
DA:183,0
DA:186,0
DA:187,0
DA:190,0
DA:191,0
DA:194,0
DA:195,0
DA:198,0
DA:208,0
DA:222,0
DA:236,0
DA:237,0
DA:239,0
DA:241,0
DA:245,0
DA:247,0
DA:252,0
DA:253,0
LF:80
LH:0
BRDA:29,0,0,0
BRDA:40,1,0,0
BRDA:48,2,0,0
BRDA:48,2,1,0
BRDA:52,3,0,0
BRDA:72,4,0,0
BRDA:72,4,1,0
BRDA:87,5,0,0
BRDA:87,5,1,0
BRDA:88,6,0,0
BRDA:88,6,1,0
BRDA:93,7,0,0
BRDA:93,8,0,0
BRDA:93,8,1,0
BRDA:98,9,0,0
BRDA:98,10,0,0
BRDA:98,10,1,0
BRDA:103,11,0,0
BRDA:103,12,0,0
BRDA:103,12,1,0
BRDA:104,13,0,0
BRDA:104,14,0,0
BRDA:104,14,1,0
BRDA:110,15,0,0
BRDA:110,16,0,0
BRDA:110,16,1,0
BRDA:111,17,0,0
BRDA:111,18,0,0
BRDA:111,18,1,0
BRDA:123,19,0,0
BRDA:123,19,1,0
BRDA:123,20,0,0
BRDA:123,20,1,0
BRDA:136,21,0,0
BRDA:141,22,0,0
BRDA:147,23,0,0
BRDA:153,24,0,0
BRDA:158,25,0,0
BRDA:172,26,0,0
BRDA:172,26,1,0
BRDA:172,27,0,0
BRDA:172,27,1,0
BRDA:174,28,0,0
BRDA:174,29,0,0
BRDA:174,29,1,0
BRDA:178,30,0,0
BRDA:178,31,0,0
BRDA:178,31,1,0
BRDA:182,32,0,0
BRDA:182,33,0,0
BRDA:182,33,1,0
BRDA:186,34,0,0
BRDA:190,35,0,0
BRDA:190,36,0,0
BRDA:190,36,1,0
BRDA:194,37,0,0
BRDA:206,38,0,0
BRDA:220,39,0,0
BRDA:234,40,0,0
BRDA:241,41,0,0
BRDA:241,41,1,0
BRDA:241,41,2,0
BRDA:245,42,0,0
BRDA:245,42,1,0
BRDA:245,43,0,0
BRDA:245,43,1,0
BRF:66
BRH:0
end_of_record
TN:
SF:src/services/restaurantService.ts
FN:548,(anonymous_0)
FN:588,(anonymous_1)
FN:594,(anonymous_2)
FN:600,(anonymous_3)
FN:621,(anonymous_4)
FN:646,(anonymous_5)
FN:662,(anonymous_6)
FN:675,(anonymous_7)
FN:676,(anonymous_8)
FN:678,(anonymous_9)
FN:689,(anonymous_10)
FN:696,(anonymous_11)
FN:706,(anonymous_12)
FN:738,(anonymous_13)
FNF:14
FNH:0
FNDA:0,(anonymous_0)
FNDA:0,(anonymous_1)
FNDA:0,(anonymous_2)
FNDA:0,(anonymous_3)
FNDA:0,(anonymous_4)
FNDA:0,(anonymous_5)
FNDA:0,(anonymous_6)
FNDA:0,(anonymous_7)
FNDA:0,(anonymous_8)
FNDA:0,(anonymous_9)
FNDA:0,(anonymous_10)
FNDA:0,(anonymous_11)
FNDA:0,(anonymous_12)
FNDA:0,(anonymous_13)
DA:2,0
DA:6,0
DA:541,0
DA:542,0
DA:543,0
DA:556,0
DA:558,0
DA:564,0
DA:565,0
DA:566,0
DA:569,0
DA:570,0
DA:571,0
DA:575,0
DA:578,0
DA:582,0
DA:585,0
DA:587,0
DA:588,0
DA:589,0
DA:593,0
DA:594,0
DA:595,0
DA:599,0
DA:600,0
DA:601,0
DA:605,0
DA:609,0
DA:615,0
DA:623,0
DA:624,0
DA:625,0
DA:628,0
DA:630,0
DA:631,0
DA:633,0
DA:634,0
DA:640,0
DA:647,0
DA:648,0
DA:649,0
DA:650,0
DA:656,0
DA:667,0
DA:668,0
DA:670,0
DA:671,0
DA:675,0
DA:676,0
DA:677,0
DA:678,0
DA:682,0
DA:690,0
DA:697,0
DA:707,0
DA:739,0
LF:56
LH:0
BRDA:558,0,0,0
BRDA:558,0,1,0
BRDA:564,1,0,0
BRDA:564,2,0,0
BRDA:564,2,1,0
BRDA:564,2,2,0
BRDA:569,3,0,0
BRDA:569,4,0,0
BRDA:569,4,1,0
BRDA:569,4,2,0
BRDA:575,5,0,0
BRDA:575,5,1,0
BRDA:582,6,0,0
BRDA:582,7,0,0
BRDA:582,7,1,0
BRDA:587,8,0,0
BRDA:587,9,0,0
BRDA:587,9,1,0
BRDA:593,10,0,0
BRDA:599,11,0,0
BRDA:601,12,0,0
BRDA:601,12,1,0
BRDA:609,13,0,0
BRDA:609,14,0,0
BRDA:609,14,1,0
BRDA:624,15,0,0
BRDA:624,16,0,0
BRDA:624,16,1,0
BRDA:631,17,0,0
BRDA:649,18,0,0
BRDA:649,19,0,0
BRDA:649,19,1,0
BRDA:665,20,0,0
BRDA:670,21,0,0
BRDA:677,22,0,0
BRDA:677,22,1,0
BRF:36
BRH:0
end_of_record
TN:
SF:src/services/roomService.ts
FN:26,(anonymous_0)
FN:78,(anonymous_1)
FN:110,(anonymous_2)
FN:138,(anonymous_3)
FN:153,(anonymous_4)
FN:158,(anonymous_5)
FN:176,(anonymous_6)
FN:213,(anonymous_7)
FN:234,(anonymous_8)
FN:247,(anonymous_9)
FN:250,(anonymous_10)
FN:253,(anonymous_11)
FN:258,(anonymous_12)
FN:262,(anonymous_13)
FN:286,(anonymous_14)
FN:306,(anonymous_15)
FN:315,(anonymous_16)
FN:325,(anonymous_17)
FN:326,(anonymous_18)
FN:335,(anonymous_19)
FN:342,(anonymous_20)
FN:343,(anonymous_21)
FN:352,(anonymous_22)
FN:369,(anonymous_23)
FN:379,(anonymous_24)
FN:404,(anonymous_25)
FN:436,(anonymous_26)
FNF:27
FNH:0
FNDA:0,(anonymous_0)
FNDA:0,(anonymous_1)
FNDA:0,(anonymous_2)
FNDA:0,(anonymous_3)
FNDA:0,(anonymous_4)
FNDA:0,(anonymous_5)
FNDA:0,(anonymous_6)
FNDA:0,(anonymous_7)
FNDA:0,(anonymous_8)
FNDA:0,(anonymous_9)
FNDA:0,(anonymous_10)
FNDA:0,(anonymous_11)
FNDA:0,(anonymous_12)
FNDA:0,(anonymous_13)
FNDA:0,(anonymous_14)
FNDA:0,(anonymous_15)
FNDA:0,(anonymous_16)
FNDA:0,(anonymous_17)
FNDA:0,(anonymous_18)
FNDA:0,(anonymous_19)
FNDA:0,(anonymous_20)
FNDA:0,(anonymous_21)
FNDA:0,(anonymous_22)
FNDA:0,(anonymous_23)
FNDA:0,(anonymous_24)
FNDA:0,(anonymous_25)
FNDA:0,(anonymous_26)
DA:1,0
DA:17,0
DA:19,0
DA:20,0
DA:21,0
DA:22,0
DA:23,0
DA:25,0
DA:27,0
DA:29,0
DA:30,0
DA:33,0
DA:34,0
DA:37,0
DA:38,0
DA:42,0
DA:45,0
DA:61,0
DA:62,0
DA:65,0
DA:67,0
DA:69,0
DA:70,0
DA:73,0
DA:74,0
DA:79,0
DA:81,0
DA:82,0
DA:85,0
DA:86,0
DA:89,0
DA:90,0
DA:93,0
DA:99,0
DA:101,0
DA:102,0
DA:105,0
DA:106,0
DA:107,0
DA:110,0
DA:112,0
DA:113,0
DA:120,0
DA:125,0
DA:128,0
DA:130,0
DA:131,0
DA:133,0
DA:134,0
DA:139,0
DA:140,0
DA:141,0
DA:142,0
DA:143,0
DA:144,0
DA:146,0
DA:148,0
DA:149,0
DA:154,0
DA:155,0
DA:156,0
DA:158,0
DA:160,0
DA:162,0
DA:165,0
DA:171,0
DA:172,0
DA:177,0
DA:179,0
DA:186,0
DA:187,0
DA:188,0
DA:192,0
DA:201,0
DA:204,0
DA:205,0
DA:211,0
DA:212,0
DA:213,0
DA:214,0
DA:219,0
DA:220,0
DA:227,0
DA:229,0
DA:230,0
DA:235,0
DA:236,0
DA:237,0
DA:240,0
DA:246,0
DA:247,0
DA:250,0
DA:251,0
DA:253,0
DA:254,0
DA:258,0
DA:259,0
DA:262,0
DA:263,0
DA:264,0
DA:267,0
DA:269,0
DA:275,0
DA:276,0
DA:278,0
DA:281,0
DA:286,0
DA:290,0
DA:295,0
DA:296,0
DA:299,0
DA:301,0
DA:302,0
DA:307,0
DA:308,0
DA:314,0
DA:315,0
DA:320,0
DA:321,0
DA:326,0
DA:327,0
DA:328,0
DA:329,0
DA:330,0
DA:336,0
DA:342,0
DA:343,0
DA:347,0
DA:353,0
DA:355,0
DA:357,0
DA:358,0
DA:364,0
DA:365,0
DA:370,0
DA:371,0
DA:372,0
DA:374,0
DA:375,0
DA:380,0
DA:382,0
DA:389,0
DA:390,0
DA:393,0
DA:394,0
DA:395,0
DA:399,0
DA:401,0
DA:404,0
DA:405,0
DA:406,0
DA:409,0
DA:431,0
DA:432,0
DA:437,0
DA:438,0
DA:439,0
DA:440,0
DA:442,0
DA:443,0
LF:160
LH:0
BRDA:29,0,0,0
BRDA:29,1,0,0
BRDA:29,1,1,0
BRDA:33,2,0,0
BRDA:33,3,0,0
BRDA:33,3,1,0
BRDA:37,4,0,0
BRDA:37,5,0,0
BRDA:37,5,1,0
BRDA:69,6,0,0
BRDA:81,7,0,0
BRDA:85,8,0,0
BRDA:89,9,0,0
BRDA:101,10,0,0
BRDA:112,11,0,0
BRDA:130,12,0,0
BRDA:141,13,0,0
BRDA:156,14,0,0
BRDA:160,15,0,0
BRDA:160,15,1,0
BRDA:187,16,0,0
BRDA:212,17,0,0
BRDA:214,18,0,0
BRDA:214,18,1,0
BRDA:237,19,0,0
BRDA:264,20,0,0
BRDA:264,20,1,0
BRDA:267,21,0,0
BRDA:267,22,0,0
BRDA:267,22,1,0
BRDA:267,22,2,0
BRDA:276,23,0,0
BRDA:327,24,0,0
BRDA:393,25,0,0
BRDA:393,25,1,0
BRDA:411,26,0,0
BRDA:411,26,1,0
BRDA:413,27,0,0
BRDA:413,27,1,0
BRDA:416,28,0,0
BRDA:416,28,1,0
BRDA:417,29,0,0
BRDA:417,29,1,0
BRDA:418,30,0,0
BRDA:418,30,1,0
BRDA:419,31,0,0
BRDA:419,31,1,0
BRDA:420,32,0,0
BRDA:420,32,1,0
BRDA:421,33,0,0
BRDA:421,33,1,0
BRDA:423,34,0,0
BRDA:423,34,1,0
BRDA:424,35,0,0
BRDA:424,35,1,0
BRDA:425,36,0,0
BRDA:425,36,1,0
BRF:57
BRH:0
end_of_record
TN:
SF:src/services/swipeTrackingService.ts
FN:95,(anonymous_0)
FN:107,(anonymous_1)
FN:123,(anonymous_2)
FN:238,(anonymous_3)
FN:252,(anonymous_4)
FN:264,(anonymous_5)
FN:299,(anonymous_6)
FN:330,(anonymous_7)
FN:341,(anonymous_8)
FN:342,(anonymous_9)
FN:344,(anonymous_10)
FN:347,(anonymous_11)
FN:348,(anonymous_12)
FN:350,(anonymous_13)
FN:353,(anonymous_14)
FN:355,(anonymous_15)
FN:384,(anonymous_16)
FN:399,(anonymous_17)
FN:404,(anonymous_18)
FNF:19
FNH:0
FNDA:0,(anonymous_0)
FNDA:0,(anonymous_1)
FNDA:0,(anonymous_2)
FNDA:0,(anonymous_3)
FNDA:0,(anonymous_4)
FNDA:0,(anonymous_5)
FNDA:0,(anonymous_6)
FNDA:0,(anonymous_7)
FNDA:0,(anonymous_8)
FNDA:0,(anonymous_9)
FNDA:0,(anonymous_10)
FNDA:0,(anonymous_11)
FNDA:0,(anonymous_12)
FNDA:0,(anonymous_13)
FNDA:0,(anonymous_14)
FNDA:0,(anonymous_15)
FNDA:0,(anonymous_16)
FNDA:0,(anonymous_17)
FNDA:0,(anonymous_18)
DA:1,0
DA:12,0
DA:86,0
DA:87,0
DA:88,0
DA:89,0
DA:90,0
DA:91,0
DA:92,0
DA:96,0
DA:97,0
DA:98,0
DA:99,0
DA:100,0
DA:101,0
DA:103,0
DA:108,0
DA:110,0
DA:111,0
DA:114,0
DA:115,0
DA:116,0
DA:117,0
DA:118,0
DA:119,0
DA:131,0
DA:132,0
DA:135,0
DA:136,0
DA:140,0
DA:141,0
DA:144,0
DA:145,0
DA:147,0
DA:151,0
DA:152,0
DA:155,0
DA:157,0
DA:158,0
DA:159,0
DA:160,0
DA:162,0
DA:165,0
DA:229,0
DA:230,0
DA:239,0
DA:240,0
DA:241,0
DA:243,0
DA:251,0
DA:252,0
DA:259,0
DA:274,0
DA:275,0
DA:277,0
DA:278,0
DA:291,0
DA:292,0
DA:293,0
DA:295,0
DA:296,0
DA:297,0
DA:299,0
DA:301,0
DA:302,0
DA:304,0
DA:305,0
DA:306,0
DA:307,0
DA:311,0
DA:312,0
DA:314,0
DA:315,0
DA:316,0
DA:320,0
DA:321,0
DA:324,0
DA:325,0
DA:329,0
DA:330,0
DA:331,0
DA:332,0
DA:340,0
DA:341,0
DA:342,0
DA:344,0
DA:346,0
DA:347,0
DA:348,0
DA:350,0
DA:352,0
DA:353,0
DA:355,0
DA:357,0
DA:369,0
DA:370,0
DA:390,0
DA:400,0
DA:410,0
DA:411,0
LF:100
LH:0
BRDA:108,0,0,0
BRDA:108,1,0,0
BRDA:108,1,1,0
BRDA:127,2,0,0
BRDA:135,3,0,0
BRDA:140,4,0,0
BRDA:140,4,1,0
BRDA:140,5,0,0
BRDA:140,5,1,0
BRDA:144,6,0,0
BRDA:144,6,1,0
BRDA:151,7,0,0
BRDA:151,7,1,0
BRDA:157,8,0,0
BRDA:157,8,1,0
BRDA:157,9,0,0
BRDA:157,9,1,0
BRDA:158,10,0,0
BRDA:158,10,1,0
BRDA:158,11,0,0
BRDA:158,11,1,0
BRDA:159,12,0,0
BRDA:159,12,1,0
BRDA:159,13,0,0
BRDA:159,13,1,0
BRDA:178,14,0,0
BRDA:178,14,1,0
BRDA:179,15,0,0
BRDA:179,15,1,0
BRDA:180,16,0,0
BRDA:180,16,1,0
BRDA:191,17,0,0
BRDA:191,17,1,0
BRDA:238,18,0,0
BRDA:255,19,0,0
BRDA:255,19,1,0
BRDA:277,20,0,0
BRDA:301,21,0,0
BRDA:305,22,0,0
BRDA:305,23,0,0
BRDA:305,23,1,0
BRDA:311,24,0,0
BRDA:315,25,0,0
BRDA:315,26,0,0
BRDA:315,26,1,0
BRDA:321,27,0,0
BRDA:321,27,1,0
BRDA:325,28,0,0
BRDA:331,29,0,0
BRDA:331,29,1,0
BRDA:361,30,0,0
BRDA:361,30,1,0
BRDA:362,31,0,0
BRDA:362,31,1,0
BRDA:363,32,0,0
BRDA:363,32,1,0
BRDA:410,33,0,0
BRDA:410,33,1,0
BRDA:415,34,0,0
BRDA:415,34,1,0
BRDA:415,35,0,0
BRDA:415,35,1,0
BRF:62
BRH:0
end_of_record
TN:
SF:src/services/userStatsService.ts
FN:17,(anonymous_0)
FN:57,(anonymous_1)
FN:76,(anonymous_2)
FN:83,(anonymous_3)
FN:88,(anonymous_4)
FN:104,(anonymous_5)
FN:122,(anonymous_6)
FN:140,(anonymous_7)
FN:169,(anonymous_8)
FN:184,(anonymous_9)
FN:199,(anonymous_10)
FN:205,(anonymous_11)
FN:210,(anonymous_12)
FN:225,(anonymous_13)
FN:238,(anonymous_14)
FNF:15
FNH:0
FNDA:0,(anonymous_0)
FNDA:0,(anonymous_1)
FNDA:0,(anonymous_2)
FNDA:0,(anonymous_3)
FNDA:0,(anonymous_4)
FNDA:0,(anonymous_5)
FNDA:0,(anonymous_6)
FNDA:0,(anonymous_7)
FNDA:0,(anonymous_8)
FNDA:0,(anonymous_9)
FNDA:0,(anonymous_10)
FNDA:0,(anonymous_11)
FNDA:0,(anonymous_12)
FNDA:0,(anonymous_13)
FNDA:0,(anonymous_14)
DA:1,0
DA:2,0
DA:3,0
DA:13,0
DA:18,0
DA:19,0
DA:22,0
DA:29,0
DA:37,0
DA:38,0
DA:41,0
DA:44,0
DA:58,0
DA:60,0
DA:65,0
DA:66,0
DA:68,0
DA:69,0
DA:77,0
DA:80,0
DA:82,0
DA:83,0
DA:84,0
DA:85,0
DA:88,0
DA:89,0
DA:90,0
DA:94,0
DA:96,0
DA:97,0
DA:105,0
DA:106,0
DA:111,0
DA:112,0
DA:114,0
DA:115,0
DA:123,0
DA:124,0
DA:129,0
DA:130,0
DA:132,0
DA:133,0
DA:145,0
DA:146,0
DA:148,0
DA:154,0
DA:160,0
DA:161,0
DA:170,0
DA:171,0
DA:177,0
DA:178,0
DA:180,0
DA:185,0
DA:186,0
DA:192,0
DA:193,0
DA:195,0
DA:200,0
DA:202,0
DA:204,0
DA:205,0
DA:206,0
DA:207,0
DA:210,0
DA:211,0
DA:212,0
DA:216,0
DA:218,0
DA:226,0
DA:239,0
DA:240,0
DA:242,0
LF:73
LH:0
BRDA:85,0,0,0
BRDA:85,0,1,0
BRDA:89,1,0,0
BRDA:207,2,0,0
BRDA:207,2,1,0
BRDA:211,3,0,0
BRDA:211,4,0,0
BRDA:211,4,1,0
BRDA:211,4,2,0
BRDA:239,5,0,0
BRF:10
BRH:0
end_of_record
TN:
SF:src/services/yelpService.ts
FN:61,(anonymous_1)
FN:90,(anonymous_2)
FN:103,(anonymous_3)
FN:110,(anonymous_4)
FN:120,(anonymous_5)
FN:130,(anonymous_6)
FN:140,(anonymous_7)
FN:206,(anonymous_8)
FN:264,(anonymous_9)
FN:292,(anonymous_10)
FN:294,(anonymous_11)
FN:302,(anonymous_12)
FN:336,(anonymous_13)
FN:362,(anonymous_14)
FN:367,(anonymous_15)
FN:396,(anonymous_16)
FN:409,(anonymous_17)
FN:429,(anonymous_18)
FN:452,(anonymous_19)
FN:477,(anonymous_20)
FN:494,(anonymous_21)
FN:559,(anonymous_22)
FN:560,(anonymous_23)
FN:575,(anonymous_24)
FN:597,(anonymous_25)
FNF:25
FNH:0
FNDA:0,(anonymous_1)
FNDA:0,(anonymous_2)
FNDA:0,(anonymous_3)
FNDA:0,(anonymous_4)
FNDA:0,(anonymous_5)
FNDA:0,(anonymous_6)
FNDA:0,(anonymous_7)
FNDA:0,(anonymous_8)
FNDA:0,(anonymous_9)
FNDA:0,(anonymous_10)
FNDA:0,(anonymous_11)
FNDA:0,(anonymous_12)
FNDA:0,(anonymous_13)
FNDA:0,(anonymous_14)
FNDA:0,(anonymous_15)
FNDA:0,(anonymous_16)
FNDA:0,(anonymous_17)
FNDA:0,(anonymous_18)
FNDA:0,(anonymous_19)
FNDA:0,(anonymous_20)
FNDA:0,(anonymous_21)
FNDA:0,(anonymous_22)
FNDA:0,(anonymous_23)
FNDA:0,(anonymous_24)
FNDA:0,(anonymous_25)
DA:3,0
DA:4,0
DA:5,0
DA:6,0
DA:49,0
DA:50,0
DA:53,0
DA:58,0
DA:59,0
DA:61,0
DA:63,0
DA:64,0
DA:68,0
DA:69,0
DA:70,0
DA:76,0
DA:77,0
DA:81,0
DA:82,0
DA:83,0
DA:84,0
DA:85,0
DA:91,0
DA:92,0
DA:95,0
DA:96,0
DA:100,0
DA:101,0
DA:102,0
DA:103,0
DA:104,0
DA:108,0
DA:109,0
DA:110,0
DA:113,0
DA:114,0
DA:124,0
DA:125,0
DA:126,0
DA:128,0
DA:129,0
DA:130,0
DA:131,0
DA:133,0
DA:152,0
DA:154,0
DA:155,0
DA:156,0
DA:159,0
DA:160,0
DA:161,0
DA:171,0
DA:174,0
DA:175,0
DA:178,0
DA:179,0
DA:182,0
DA:183,0
DA:186,0
DA:187,0
DA:190,0
DA:191,0
DA:194,0
DA:203,0
DA:204,0
DA:206,0
DA:207,0
DA:209,0
DA:216,0
DA:217,0
DA:218,0
DA:222,0
DA:225,0
DA:228,0
DA:230,0
DA:233,0
DA:234,0
DA:237,0
DA:238,0
DA:239,0
DA:242,0
DA:243,0
DA:247,0
DA:248,0
DA:252,0
DA:253,0
DA:254,0
DA:257,0
DA:265,0
DA:266,0
DA:267,0
DA:268,0
DA:271,0
DA:278,0
DA:279,0
DA:282,0
DA:284,0
DA:285,0
DA:293,0
DA:294,0
DA:296,0
DA:304,0
DA:309,0
DA:317,0
DA:320,0
DA:324,0
DA:336,0
DA:350,0
DA:351,0
DA:356,0
DA:363,0
DA:366,0
DA:367,0
DA:368,0
DA:372,0
DA:373,0
DA:377,0
DA:378,0
DA:379,0
DA:381,0
DA:382,0
DA:386,0
DA:387,0
DA:390,0
DA:397,0
DA:400,0
DA:401,0
DA:403,0
DA:419,0
DA:439,0
DA:453,0
DA:455,0
DA:457,0
DA:458,0
DA:459,0
DA:463,0
DA:464,0
DA:466,0
DA:467,0
DA:471,0
DA:478,0
DA:479,0
DA:486,0
DA:487,0
DA:488,0
DA:489,0
DA:504,0
DA:505,0
DA:506,0
DA:509,0
DA:510,0
DA:513,0
DA:514,0
DA:515,0
DA:516,0
DA:519,0
DA:520,0
DA:525,0
DA:529,0
DA:530,0
DA:535,0
DA:539,0
DA:540,0
DA:545,0
DA:549,0
DA:550,0
DA:555,0
DA:559,0
DA:560,0
DA:561,0
DA:562,0
DA:563,0
DA:569,0
DA:572,0
DA:573,0
DA:574,0
DA:575,0
DA:576,0
DA:577,0
DA:578,0
DA:582,0
DA:589,0
DA:591,0
DA:608,0
DA:624,0
DA:626,0
LF:186
LH:0
BRDA:63,0,0,0
BRDA:63,1,0,0
BRDA:63,1,1,0
BRDA:68,2,0,0
BRDA:68,2,1,0
BRDA:69,3,0,0
BRDA:69,4,0,0
BRDA:69,4,1,0
BRDA:95,5,0,0
BRDA:100,6,0,0
BRDA:108,7,0,0
BRDA:122,8,0,0
BRDA:128,9,0,0
BRDA:128,10,0,0
BRDA:128,10,1,0
BRDA:128,10,2,0
BRDA:143,11,0,0
BRDA:155,12,0,0
BRDA:159,13,0,0
BRDA:165,14,0,0
BRDA:166,15,0,0
BRDA:168,16,0,0
BRDA:169,17,0,0
BRDA:174,18,0,0
BRDA:174,19,0,0
BRDA:174,19,1,0
BRDA:178,20,0,0
BRDA:178,21,0,0
BRDA:178,21,1,0
BRDA:182,22,0,0
BRDA:182,23,0,0
BRDA:182,23,1,0
BRDA:186,24,0,0
BRDA:186,25,0,0
BRDA:186,25,1,0
BRDA:190,26,0,0
BRDA:190,27,0,0
BRDA:190,27,1,0
BRDA:203,28,0,0
BRDA:204,29,0,0
BRDA:216,30,0,0
BRDA:233,31,0,0
BRDA:233,32,0,0
BRDA:233,32,1,0
BRDA:238,33,0,0
BRDA:238,34,0,0
BRDA:238,34,1,0
BRDA:247,35,0,0
BRDA:252,36,0,0
BRDA:252,37,0,0
BRDA:252,37,1,0
BRDA:266,38,0,0
BRDA:278,39,0,0
BRDA:304,40,0,0
BRDA:304,40,1,0
BRDA:320,41,0,0
BRDA:320,41,1,0
BRDA:330,42,0,0
BRDA:330,42,1,0
BRDA:331,43,0,0
BRDA:331,43,1,0
BRDA:332,44,0,0
BRDA:332,44,1,0
BRDA:350,45,0,0
BRDA:366,46,0,0
BRDA:372,47,0,0
BRDA:372,48,0,0
BRDA:372,48,1,0
BRDA:378,49,0,0
BRDA:379,50,0,0
BRDA:381,51,0,0
BRDA:386,52,0,0
BRDA:397,53,0,0
BRDA:413,54,0,0
BRDA:433,55,0,0
BRDA:457,56,0,0
BRDA:466,57,0,0
BRDA:466,58,0,0
BRDA:466,58,1,0
BRDA:486,59,0,0
BRDA:488,60,0,0
BRDA:497,61,0,0
BRDA:505,62,0,0
BRDA:561,63,0,0
BRDA:576,64,0,0
BRDA:601,65,0,0
BRDA:624,66,0,0
BRDA:624,66,1,0
BRF:88
BRH:0
end_of_record
TN:
SF:src/store/useAppStore.ts
FN:98,(anonymous_0)
FN:126,(anonymous_1)
FN:129,(anonymous_2)
FN:132,(anonymous_3)
FN:138,(anonymous_4)
FN:141,(anonymous_5)
FN:142,(anonymous_6)
FN:143,(anonymous_7)
FN:145,(anonymous_8)
FN:155,(anonymous_9)
FN:166,(anonymous_10)
FN:171,(anonymous_11)
FN:196,(anonymous_12)
FN:202,(anonymous_13)
FN:203,(anonymous_14)
FN:230,(anonymous_15)
FN:256,(anonymous_16)
FN:282,(anonymous_17)
FN:323,(anonymous_18)
FN:356,(anonymous_19)
FN:389,(anonymous_20)
FN:423,(anonymous_21)
FN:462,(anonymous_22)
FN:504,(anonymous_23)
FN:511,(anonymous_24)
FN:516,(anonymous_25)
FN:529,(anonymous_26)
FN:539,(anonymous_27)
FN:541,(anonymous_28)
FN:547,(anonymous_29)
FN:553,(anonymous_30)
FN:557,(anonymous_31)
FN:559,(anonymous_32)
FN:567,(anonymous_33)
FN:575,(anonymous_34)
FN:576,(anonymous_35)
FN:578,(anonymous_36)
FN:608,(anonymous_37)
FN:613,(anonymous_38)
FN:629,(anonymous_39)
FN:639,(anonymous_40)
FN:651,(anonymous_41)
FN:661,(anonymous_42)
FN:671,(anonymous_43)
FN:679,(anonymous_44)
FN:681,(anonymous_45)
FN:689,(anonymous_46)
FN:695,(anonymous_47)
FN:707,(anonymous_48)
FN:715,(anonymous_49)
FN:716,(anonymous_50)
FN:724,(anonymous_51)
FN:729,(anonymous_52)
FN:734,(anonymous_53)
FN:747,(anonymous_54)
FN:763,(anonymous_55)
FN:771,(anonymous_56)
FN:779,(anonymous_57)
FN:797,(anonymous_58)
FN:804,(anonymous_59)
FN:813,(anonymous_60)
FN:822,(anonymous_61)
FN:822,(anonymous_62)
FN:823,(anonymous_63)
FN:823,(anonymous_64)
FNF:65
FNH:0
FNDA:0,(anonymous_0)
FNDA:0,(anonymous_1)
FNDA:0,(anonymous_2)
FNDA:0,(anonymous_3)
FNDA:0,(anonymous_4)
FNDA:0,(anonymous_5)
FNDA:0,(anonymous_6)
FNDA:0,(anonymous_7)
FNDA:0,(anonymous_8)
FNDA:0,(anonymous_9)
FNDA:0,(anonymous_10)
FNDA:0,(anonymous_11)
FNDA:0,(anonymous_12)
FNDA:0,(anonymous_13)
FNDA:0,(anonymous_14)
FNDA:0,(anonymous_15)
FNDA:0,(anonymous_16)
FNDA:0,(anonymous_17)
FNDA:0,(anonymous_18)
FNDA:0,(anonymous_19)
FNDA:0,(anonymous_20)
FNDA:0,(anonymous_21)
FNDA:0,(anonymous_22)
FNDA:0,(anonymous_23)
FNDA:0,(anonymous_24)
FNDA:0,(anonymous_25)
FNDA:0,(anonymous_26)
FNDA:0,(anonymous_27)
FNDA:0,(anonymous_28)
FNDA:0,(anonymous_29)
FNDA:0,(anonymous_30)
FNDA:0,(anonymous_31)
FNDA:0,(anonymous_32)
FNDA:0,(anonymous_33)
FNDA:0,(anonymous_34)
FNDA:0,(anonymous_35)
FNDA:0,(anonymous_36)
FNDA:0,(anonymous_37)
FNDA:0,(anonymous_38)
FNDA:0,(anonymous_39)
FNDA:0,(anonymous_40)
FNDA:0,(anonymous_41)
FNDA:0,(anonymous_42)
FNDA:0,(anonymous_43)
FNDA:0,(anonymous_44)
FNDA:0,(anonymous_45)
FNDA:0,(anonymous_46)
FNDA:0,(anonymous_47)
FNDA:0,(anonymous_48)
FNDA:0,(anonymous_49)
FNDA:0,(anonymous_50)
FNDA:0,(anonymous_51)
FNDA:0,(anonymous_52)
FNDA:0,(anonymous_53)
FNDA:0,(anonymous_54)
FNDA:0,(anonymous_55)
FNDA:0,(anonymous_56)
FNDA:0,(anonymous_57)
FNDA:0,(anonymous_58)
FNDA:0,(anonymous_59)
FNDA:0,(anonymous_60)
FNDA:0,(anonymous_61)
FNDA:0,(anonymous_62)
FNDA:0,(anonymous_63)
FNDA:0,(anonymous_64)
DA:1,0
DA:3,0
DA:4,0
DA:5,0
DA:7,0
DA:8,0
DA:10,0
DA:98,0
DA:127,0
DA:130,0
DA:133,0
DA:134,0
DA:135,0
DA:139,0
DA:141,0
DA:142,0
DA:145,0
DA:146,0
DA:149,0
DA:156,0
DA:159,0
DA:160,0
DA:161,0
DA:164,0
DA:166,0
DA:172,0
DA:173,0
DA:174,0
DA:176,0
DA:178,0
DA:179,0
DA:180,0
DA:181,0
DA:183,0
DA:185,0
DA:186,0
DA:187,0
DA:189,0
DA:197,0
DA:198,0
DA:199,0
DA:202,0
DA:203,0
DA:206,0
DA:211,0
DA:212,0
DA:213,0
DA:214,0
DA:216,0
DA:218,0
DA:219,0
DA:220,0
DA:222,0
DA:231,0
DA:232,0
DA:233,0
DA:235,0
DA:237,0
DA:238,0
DA:239,0
DA:240,0
DA:242,0
DA:244,0
DA:245,0
DA:246,0
DA:248,0
DA:257,0
DA:258,0
DA:259,0
DA:261,0
DA:263,0
DA:264,0
DA:265,0
DA:266,0
DA:268,0
DA:270,0
DA:271,0
DA:272,0
DA:274,0
DA:283,0
DA:284,0
DA:285,0
DA:287,0
DA:290,0
DA:291,0
DA:294,0
DA:297,0
DA:298,0
DA:300,0
DA:301,0
DA:303,0
DA:312,0
DA:313,0
DA:315,0
DA:324,0
DA:325,0
DA:326,0
DA:328,0
DA:330,0
DA:331,0
DA:334,0
DA:336,0
DA:340,0
DA:342,0
DA:344,0
DA:345,0
DA:347,0
DA:352,0
DA:357,0
DA:358,0
DA:359,0
DA:361,0
DA:363,0
DA:364,0
DA:367,0
DA:369,0
DA:373,0
DA:375,0
DA:377,0
DA:378,0
DA:380,0
DA:385,0
DA:390,0
DA:391,0
DA:392,0
DA:394,0
DA:395,0
DA:397,0
DA:399,0
DA:402,0
DA:404,0
DA:405,0
DA:413,0
DA:414,0
DA:416,0
DA:424,0
DA:425,0
DA:427,0
DA:428,0
DA:430,0
DA:432,0
DA:433,0
DA:436,0
DA:442,0
DA:449,0
DA:456,0
DA:459,0
DA:460,0
DA:462,0
DA:467,0
DA:473,0
DA:475,0
DA:479,0
DA:480,0
DA:484,0
DA:487,0
DA:488,0
DA:496,0
DA:505,0
DA:506,0
DA:507,0
DA:512,0
DA:517,0
DA:518,0
DA:519,0
DA:520,0
DA:524,0
DA:525,0
DA:529,0
DA:535,0
DA:536,0
DA:539,0
DA:541,0
DA:544,0
DA:548,0
DA:549,0
DA:550,0
DA:553,0
DA:554,0
DA:557,0
DA:559,0
DA:563,0
DA:564,0
DA:567,0
DA:572,0
DA:576,0
DA:579,0
DA:580,0
DA:581,0
DA:582,0
DA:584,0
DA:585,0
DA:588,0
DA:590,0
DA:591,0
DA:593,0
DA:599,0
DA:600,0
DA:602,0
DA:609,0
DA:614,0
DA:615,0
DA:618,0
DA:621,0
DA:624,0
DA:627,0
DA:629,0
DA:636,0
DA:639,0
DA:647,0
DA:649,0
DA:651,0
DA:658,0
DA:661,0
DA:666,0
DA:672,0
DA:675,0
DA:676,0
DA:679,0
DA:681,0
DA:689,0
DA:696,0
DA:699,0
DA:700,0
DA:702,0
DA:703,0
DA:707,0
DA:716,0
DA:724,0
DA:725,0
DA:730,0
DA:731,0
DA:732,0
DA:734,0
DA:740,0
DA:742,0
DA:743,0
DA:746,0
DA:747,0
DA:751,0
DA:755,0
DA:763,0
DA:770,0
DA:771,0
DA:780,0
DA:781,0
DA:782,0
DA:783,0
DA:786,0
DA:789,0
DA:790,0
DA:796,0
DA:797,0
DA:805,0
DA:813,0
DA:822,0
DA:823,0
LF:257
LH:0
BRDA:127,0,0,0
BRDA:127,0,1,0
BRDA:134,1,0,0
BRDA:146,2,0,0
BRDA:146,2,1,0
BRDA:146,2,2,0
BRDA:146,2,3,0
BRDA:159,3,0,0
BRDA:159,4,0,0
BRDA:159,4,1,0
BRDA:159,4,2,0
BRDA:185,5,0,0
BRDA:185,5,1,0
BRDA:218,6,0,0
BRDA:218,6,1,0
BRDA:244,7,0,0
BRDA:244,7,1,0
BRDA:270,8,0,0
BRDA:270,8,1,0
BRDA:312,9,0,0
BRDA:312,9,1,0
BRDA:330,10,0,0
BRDA:344,11,0,0
BRDA:344,11,1,0
BRDA:363,12,0,0
BRDA:377,13,0,0
BRDA:377,13,1,0
BRDA:392,14,0,0
BRDA:392,15,0,0
BRDA:392,15,1,0
BRDA:413,16,0,0
BRDA:413,16,1,0
BRDA:425,17,0,0
BRDA:425,18,0,0
BRDA:425,18,1,0
BRDA:432,19,0,0
BRDA:432,19,1,0
BRDA:436,20,0,0
BRDA:436,20,1,0
BRDA:438,21,0,0
BRDA:438,21,1,0
BRDA:460,22,0,0
BRDA:487,23,0,0
BRDA:487,23,1,0
BRDA:506,24,0,0
BRDA:519,25,0,0
BRDA:524,26,0,0
BRDA:542,27,0,0
BRDA:542,27,1,0
BRDA:550,28,0,0
BRDA:554,29,0,0
BRDA:570,30,0,0
BRDA:570,30,1,0
BRDA:581,31,0,0
BRDA:584,32,0,0
BRDA:618,33,0,0
BRDA:618,34,0,0
BRDA:618,34,1,0
BRDA:621,35,0,0
BRDA:621,36,0,0
BRDA:621,36,1,0
BRDA:621,36,2,0
BRDA:647,37,0,0
BRDA:647,37,1,0
BRDA:649,38,0,0
BRDA:649,38,1,0
BRDA:664,39,0,0
BRDA:664,39,1,0
BRDA:675,40,0,0
BRDA:699,41,0,0
BRDA:702,42,0,0
BRDA:732,43,0,0
BRDA:732,44,0,0
BRDA:732,44,1,0
BRDA:743,45,0,0
BRDA:743,45,1,0
BRDA:746,46,0,0
BRDA:774,47,0,0
BRDA:774,47,1,0
BRDA:782,48,0,0
BRDA:799,49,0,0
BRDA:799,49,1,0
BRF:82
BRH:0
end_of_record
TN:
SF:src/utils/configCheck.ts
FN:39,(anonymous_0)
FN:75,(anonymous_1)
FN:113,(anonymous_2)
FN:137,(anonymous_3)
FNF:4
FNH:0
FNDA:0,(anonymous_0)
FNDA:0,(anonymous_1)
FNDA:0,(anonymous_2)
FNDA:0,(anonymous_3)
DA:24,0
DA:31,0
DA:40,0
DA:42,0
DA:45,0
DA:49,0
DA:53,0
DA:57,0
DA:61,0
DA:65,0
DA:68,0
DA:76,0
DA:84,0
DA:85,0
DA:87,0
DA:88,0
DA:89,0
DA:90,0
DA:91,0
DA:92,0
DA:97,0
DA:98,0
DA:100,0
DA:101,0
DA:102,0
DA:103,0
DA:107,0
DA:114,0
DA:116,0
DA:117,0
DA:118,0
DA:119,0
DA:122,0
DA:123,0
DA:124,0
DA:125,0
DA:129,0
DA:130,0
DA:133,0
DA:137,0
DA:138,0
DA:153,0
DA:156,0
DA:157,0
LF:44
LH:0
BRDA:40,0,0,0
BRDA:40,1,0,0
BRDA:40,1,1,0
BRDA:42,2,0,0
BRDA:42,2,1,0
BRDA:42,2,2,0
BRDA:42,2,3,0
BRDA:42,2,4,0
BRDA:42,2,5,0
BRDA:42,2,6,0
BRDA:45,3,0,0
BRDA:45,3,1,0
BRDA:49,4,0,0
BRDA:49,4,1,0
BRDA:53,5,0,0
BRDA:53,5,1,0
BRDA:87,6,0,0
BRDA:87,6,1,0
BRDA:90,7,0,0
BRDA:100,8,0,0
BRDA:100,8,1,0
BRDA:102,9,0,0
BRDA:116,10,0,0
BRDA:122,11,0,0
BRF:24
BRH:0
end_of_record
TN:
SF:src/utils/errorSanitization.ts
FN:5,(anonymous_0)
FN:12,(anonymous_1)
FN:34,(anonymous_2)
FN:84,(anonymous_3)
FN:85,(anonymous_4)
FN:91,(anonymous_5)
FN:106,(anonymous_6)
FN:116,(anonymous_7)
FN:124,(anonymous_8)
FN:146,(anonymous_9)
FN:153,(anonymous_10)
FN:161,(anonymous_11)
FN:182,(anonymous_12)
FNF:13
FNH:0
FNDA:0,(anonymous_0)
FNDA:0,(anonymous_1)
FNDA:0,(anonymous_2)
FNDA:0,(anonymous_3)
FNDA:0,(anonymous_4)
FNDA:0,(anonymous_5)
FNDA:0,(anonymous_6)
FNDA:0,(anonymous_7)
FNDA:0,(anonymous_8)
FNDA:0,(anonymous_9)
FNDA:0,(anonymous_10)
FNDA:0,(anonymous_11)
FNDA:0,(anonymous_12)
DA:4,0
DA:6,0
DA:13,0
DA:16,0
DA:17,0
DA:18,0
DA:20,0
DA:24,0
DA:25,0
DA:28,0
DA:35,0
DA:38,0
DA:39,0
DA:43,0
DA:44,0
DA:48,0
DA:49,0
DA:53,0
DA:54,0
DA:58,0
DA:59,0
DA:63,0
DA:66,0
DA:69,0
DA:71,0
DA:73,0
DA:75,0
DA:77,0
DA:85,0
DA:93,0
DA:94,0
DA:96,0
DA:100,0
DA:107,0
DA:108,0
DA:110,0
DA:117,0
DA:119,0
DA:120,0
DA:123,0
DA:124,0
DA:127,0
DA:128,0
DA:129,0
DA:131,0
DA:132,0
DA:134,0
DA:137,0
DA:140,0
DA:147,0
DA:153,0
DA:154,0
DA:163,0
DA:166,0
DA:169,0
DA:172,0
DA:174,0
DA:181,0
DA:183,0
DA:184,0
LF:60
LH:0
BRDA:6,0,0,0
BRDA:6,0,1,0
BRDA:12,1,0,0
BRDA:16,2,0,0
BRDA:17,3,0,0
BRDA:24,4,0,0
BRDA:38,5,0,0
BRDA:43,6,0,0
BRDA:48,7,0,0
BRDA:53,8,0,0
BRDA:58,9,0,0
BRDA:63,10,0,0
BRDA:63,10,1,0
BRDA:63,10,2,0
BRDA:63,10,3,0
BRDA:63,10,4,0
BRDA:63,10,5,0
BRDA:63,10,6,0
BRDA:63,10,7,0
BRDA:93,11,0,0
BRDA:93,11,1,0
BRDA:107,12,0,0
BRDA:117,13,0,0
BRDA:117,14,0,0
BRDA:117,14,1,0
BRDA:119,15,0,0
BRDA:123,16,0,0
BRDA:127,17,0,0
BRDA:131,18,0,0
BRDA:131,18,1,0
BRF:30
BRH:0
end_of_record
TN:
SF:src/utils/firestoreErrorHandler.ts
FN:15,(anonymous_0)
FN:23,(anonymous_1)
FN:30,(anonymous_2)
FN:39,(anonymous_3)
FN:59,(anonymous_4)
FN:85,(anonymous_5)
FN:102,(anonymous_6)
FN:110,(anonymous_7)
FN:137,(anonymous_8)
FN:144,(anonymous_9)
FNF:10
FNH:0
FNDA:0,(anonymous_0)
FNDA:0,(anonymous_1)
FNDA:0,(anonymous_2)
FNDA:0,(anonymous_3)
FNDA:0,(anonymous_4)
FNDA:0,(anonymous_5)
FNDA:0,(anonymous_6)
FNDA:0,(anonymous_7)
FNDA:0,(anonymous_8)
FNDA:0,(anonymous_9)
DA:11,0
DA:16,0
DA:24,0
DA:31,0
DA:40,0
DA:41,0
DA:44,0
DA:45,0
DA:48,0
DA:49,0
DA:53,0
DA:66,0
DA:67,0
DA:68,0
DA:70,0
DA:73,0
DA:74,0
DA:78,0
DA:79,0
DA:83,0
DA:84,0
DA:85,0
DA:86,0
DA:90,0
DA:91,0
DA:96,0
DA:103,0
DA:118,0
DA:119,0
DA:120,0
DA:122,0
DA:124,0
DA:125,0
DA:129,0
DA:130,0
DA:134,0
DA:137,0
DA:141,0
DA:145,0
LF:39
LH:0
BRDA:16,0,0,0
BRDA:16,0,1,0
BRDA:31,1,0,0
BRDA:31,1,1,0
BRDA:31,1,2,0
BRDA:39,2,0,0
BRDA:40,3,0,0
BRDA:44,4,0,0
BRDA:48,5,0,0
BRDA:61,6,0,0
BRDA:62,7,0,0
BRDA:73,8,0,0
BRDA:78,9,0,0
BRDA:83,10,0,0
BRDA:83,11,0,0
BRDA:83,11,1,0
BRDA:90,12,0,0
BRDA:103,13,0,0
BRDA:103,13,1,0
BRDA:113,14,0,0
BRDA:114,15,0,0
BRDA:124,16,0,0
BRDA:129,17,0,0
BRDA:145,18,0,0
BRF:24
BRH:0
end_of_record
TN:
SF:src/utils/firestoreUtils.ts
FN:12,removeUndefinedValues
FN:18,(anonymous_1)
FN:38,cleanRestaurantForFirestore
FNF:3
FNH:0
FNDA:0,removeUndefinedValues
FNDA:0,(anonymous_1)
FNDA:0,cleanRestaurantForFirestore
DA:12,0
DA:13,0
DA:14,0
DA:17,0
DA:18,0
DA:21,0
DA:22,0
DA:23,0
DA:24,0
DA:25,0
DA:28,0
DA:31,0
DA:38,0
DA:39,0
DA:56,0
DA:57,0
DA:60,0
DA:61,0
DA:64,0
DA:65,0
DA:68,0
DA:69,0
DA:72,0
DA:73,0
DA:76,0
LF:25
LH:0
BRDA:13,0,0,0
BRDA:13,1,0,0
BRDA:13,1,1,0
BRDA:17,2,0,0
BRDA:21,3,0,0
BRDA:24,4,0,0
BRDA:41,5,0,0
BRDA:41,5,1,0
BRDA:43,6,0,0
BRDA:43,6,1,0
BRDA:46,7,0,0
BRDA:46,7,1,0
BRDA:47,8,0,0
BRDA:47,8,1,0
BRDA:48,9,0,0
BRDA:48,9,1,0
BRDA:49,10,0,0
BRDA:49,10,1,0
BRDA:50,11,0,0
BRDA:50,11,1,0
BRDA:51,12,0,0
BRDA:51,12,1,0
BRDA:52,13,0,0
BRDA:52,13,1,0
BRDA:56,14,0,0
BRDA:60,15,0,0
BRDA:64,16,0,0
BRDA:68,17,0,0
BRDA:68,18,0,0
BRDA:68,18,1,0
BRDA:72,19,0,0
BRF:31
BRH:0
end_of_record
TN:
SF:src/utils/inputValidation.ts
FN:5,(anonymous_0)
FN:12,(anonymous_1)
FN:19,(anonymous_2)
FN:26,(anonymous_3)
FN:33,(anonymous_4)
FN:36,(anonymous_5)
FN:42,(anonymous_6)
FN:56,(anonymous_7)
FN:62,(anonymous_8)
FN:69,(anonymous_9)
FN:80,(anonymous_10)
FN:89,(anonymous_11)
FN:96,(anonymous_12)
FN:111,(anonymous_13)
FN:125,(anonymous_14)
FN:137,(anonymous_15)
FNF:16
FNH:0
FNDA:0,(anonymous_0)
FNDA:0,(anonymous_1)
FNDA:0,(anonymous_2)
FNDA:0,(anonymous_3)
FNDA:0,(anonymous_4)
FNDA:0,(anonymous_5)
FNDA:0,(anonymous_6)
FNDA:0,(anonymous_7)
FNDA:0,(anonymous_8)
FNDA:0,(anonymous_9)
FNDA:0,(anonymous_10)
FNDA:0,(anonymous_11)
FNDA:0,(anonymous_12)
FNDA:0,(anonymous_13)
FNDA:0,(anonymous_14)
FNDA:0,(anonymous_15)
DA:1,0
DA:6,0
DA:13,0
DA:20,0
DA:27,0
DA:34,0
DA:35,0
DA:36,0
DA:43,0
DA:44,0
DA:47,0
DA:56,0
DA:63,0
DA:70,0
DA:71,0
DA:74,0
DA:81,0
DA:82,0
DA:83,0
DA:90,0
DA:97,0
DA:99,0
DA:112,0
DA:113,0
DA:116,0
DA:126,0
DA:127,0
DA:136,0
DA:138,0
DA:139,0
LF:30
LH:0
BRDA:6,0,0,0
BRDA:6,0,1,0
BRDA:6,0,2,0
BRDA:6,0,3,0
BRDA:13,1,0,0
BRDA:13,1,1,0
BRDA:13,1,2,0
BRDA:13,1,3,0
BRDA:20,2,0,0
BRDA:20,2,1,0
BRDA:20,2,2,0
BRDA:20,2,3,0
BRDA:27,3,0,0
BRDA:27,3,1,0
BRDA:27,3,2,0
BRDA:27,3,3,0
BRDA:34,4,0,0
BRDA:34,5,0,0
BRDA:34,5,1,0
BRDA:43,6,0,0
BRDA:44,7,0,0
BRDA:44,8,0,0
BRDA:44,8,1,0
BRDA:63,9,0,0
BRDA:63,9,1,0
BRDA:70,10,0,0
BRDA:70,11,0,0
BRDA:70,11,1,0
BRDA:71,12,0,0
BRDA:81,13,0,0
BRDA:83,14,0,0
BRDA:83,14,1,0
BRDA:90,15,0,0
BRDA:90,15,1,0
BRDA:90,15,2,0
BRDA:97,16,0,0
BRDA:112,17,0,0
BRDA:112,18,0,0
BRDA:112,18,1,0
BRF:39
BRH:0
end_of_record
TN:
SF:src/utils/restaurantUtils.ts
FN:7,(anonymous_0)
FNF:1
FNH:0
FNDA:0,(anonymous_0)
DA:7,0
DA:8,0
LF:2
LH:0
BRDA:10,0,0,0
BRDA:10,0,1,0
BRDA:12,1,0,0
BRDA:12,1,1,0
BRDA:15,2,0,0
BRDA:15,2,1,0
BRDA:16,3,0,0
BRDA:16,3,1,0
BRDA:17,4,0,0
BRDA:17,4,1,0
BRDA:18,5,0,0
BRDA:18,5,1,0
BRDA:19,6,0,0
BRDA:19,6,1,0
BRDA:20,7,0,0
BRDA:20,7,1,0
BRDA:21,8,0,0
BRDA:21,8,1,0
BRDA:22,9,0,0
BRDA:22,9,1,0
BRDA:23,10,0,0
BRDA:23,10,1,0
BRF:22
BRH:0
end_of_record
TN:
SF:src/utils/testGoogleSignIn.ts
FN:3,(anonymous_0)
FNF:1
FNH:0
FNDA:0,(anonymous_0)
DA:1,0
DA:3,0
DA:4,0
DA:5,0
DA:6,0
DA:8,0
DA:10,0
DA:11,0
LF:8
LH:0
BRF:0
BRH:0
end_of_record
